21:31:32.829 [main] INFO  utilities.MyCustomListener - 
    _     __  __  _______   ___   ____   ____     _   _______  _   ___   ____    _                 
   / \   | |  | ||__   __| / _ \ | |\ \ / /| |   / \ |__   __|| | / - \ | |\ \  | |    
  / _ \  | |  | |   | |   | / \ || |  \_/  | |  / _ \   | |   | || / \ || | \ \ | |     
 / ___ \ | \__/ |   | |   | \_/ || |       | | / --- \  | |   | || \_/ || |  \ \| |     
/_/   \_\ \____/    |_|    \___/ |_|       |_|/_/   \_\ |_|   |_| \___/ |_|   \__/     
--------------------------------------------------------------------------------------------
21:31:32.863 [main] INFO  utilities.MyCustomListener - Automation Suite Started at: 2025-04-01 21:31:32
21:31:32.963 [main] INFO  factory.ReadConfigFiles - configuration properties loaded successfully from: E:\Jenkins\RestAssured_Cucumber_Serenity//configure.properties
21:31:32.963 [main] INFO  factory.ReadConfigFiles - API endpoints properties loaded successfully from: E:\Jenkins\RestAssured_Cucumber_Serenity//src//test//resources//properties//restAPIDetails.properties
21:31:32.963 [main] INFO  stepDefinitions.Hooks - Automation Suit Started on QA environment
21:31:32.996 [main] INFO  utilities.MyCustomListener - Global & Input values are cleared before feature started: EndtoEnd_E_commerce.feature
21:31:33.280 [main] INFO  utilities.MyCustomListener - Global & Input values are cleared before feature started: placeValidations.feature
21:31:33.298 [main] INFO  utilities.MyCustomListener - Global & Input values are cleared before feature started: EndtoEnd_E_commerce.feature
21:31:33.930 [main] INFO  stepDefinitions.Hooks - Entered before scenario
21:31:33.930 [main] INFO  utilities.MyCustomListener - 
 _____ _____ ____ _____   ____ _____  _    ____ _____ _____ ____  
|_   _| ____/ ___|_   _| / ___|_   _|/ \  |  _ \_   _| ____|  _ \ 
  | | |  _| \___ \ | |   \___ \ | | / _ \ | |_) || | |  _| | | | |
  | | | |___ ___) || |    ___) || |/ ___ \|  _ < | | | |___| |_| |
  |_| |_____|____/ |_|   |____/ |_/_/   \_\_| \_\|_| |_____|____/ 

TEST STARTED: 1 Verify the login API, whether able to login 
----------------------------------------------------------------------(src/test/resources/features/EcommerceAPI/EndtoEnd_E_commerce.feature; 1 Verify the login API, whether able to login)
21:31:35.115 [main] INFO  utilities.BaseClass - List of header's: 
{Content-Type=application/json}
21:31:35.133 [main] INFO  utilities.BaseClass -     "userEmail": "{$userEmail}",
21:31:35.133 [main] INFO  utilities.BaseClass -     "userPassword": "{$password}"
21:31:35.133 [main] INFO  utilities.BaseClass - RestAPI url: https://rahulshettyacademy.com/api/ecom/auth/login
21:31:37.665 [main] INFO  utilities.BaseClass - Rest Request: 
{
    "userEmail": "postman55@gmail.com",
    "userPassword": "Naidu@117"
}

21:31:37.682 [main] INFO  utilities.BaseClass - Response code: 200
21:31:37.782 [main] INFO  utilities.BaseClass - Response: {
    "token": "eyJhbGciOiJIUzI1NiIsInR5cCI6IkpXVCJ9.eyJfaWQiOiI2M2E5Y2RlMTAzODQxZTljOWE2MGQ0YjgiLCJ1c2VyRW1haWwiOiJwb3N0bWFuNTVAZ21haWwuY29tIiwidXNlck1vYmlsZSI6MTIzNDU2Nzg5MCwidXNlclJvbGUiOiJjdXN0b21lciIsImlhdCI6MTc0MzUyMzI5MiwiZXhwIjoxNzc1MDgwODkyfQ.SrbtAnzqOwZTqD0j-yOQUPZdhcp5gU9qCpqyh0r6Gdo",
    "userId": "63a9cde103841e9c9a60d4b8",
    "message": "Login Successfully"
}
21:31:39.116 [main] INFO  utilities.MyCustomListener - 
        __    _____ _____ ____ _____   ____   _    ____  ____  _____ ____  
  _     \ \  |_   _| ____/ ___|_   _| |  _ \ / \  / ___|/ ___|| ____|  _ \ 
 (_)_____| |   | | |  _| \___ \ | |   | |_) / _ \ \___ \\___ \|  _| | | | |
  _|_____| |   | | | |___ ___) || |   |  __/ ___ \ ___) |___) | |___| |_| |
 (_)     | |   |_| |_____|____/ |_|   |_| /_/   \_\____/|____/|_____|____/ 
        /_/                                                                

TEST PASSED: 1 Verify the login API, whether able to login 
----------------------------------------------------------------------
21:31:39.116 [main] INFO  stepDefinitions.Hooks - Entered after scenario
21:31:39.116 [main] INFO  utilities.MyCustomListener - Test finished outcome:: Duration:5, Result:PASSED, Feature:EndtoEnd_E_commerce.feature, StartTime:2025-04-01T21:31:33.463+05:30[Asia/Calcutta], TestFailedStep:0, TestFailedStepLine:null, FailureCause:null
21:31:39.836 [main] INFO  factory.DBConnection - Execution of the query: 'INSERT INTO Auto_Run_Dtls (Run_Id, Run_Region, Scenario, Feature, Module, Run_Date, Duration, Status, Failure_Cause)  
VALUES ((Select MAX(Run_id) from Auto_Run_Stat), 'QA', '1 Verify the login API, whether able to login', 'EndtoEnd_E_commerce.feature', 'EcommerceAPI', '2025-04-01', 5, 'PASSED', '')' is successful with number of rows updated: 1
21:31:39.950 [main] INFO  stepDefinitions.Hooks - Entered before scenario
21:31:39.950 [main] INFO  utilities.MyCustomListener - 
 _____ _____ ____ _____   ____ _____  _    ____ _____ _____ ____  
|_   _| ____/ ___|_   _| / ___|_   _|/ \  |  _ \_   _| ____|  _ \ 
  | | |  _| \___ \ | |   \___ \ | | / _ \ | |_) || | |  _| | | | |
  | | | |___ ___) || |    ___) || |/ ___ \|  _ < | | | |___| |_| |
  |_| |_____|____/ |_|   |____/ |_/_/   \_\_| \_\|_| |_____|____/ 

TEST STARTED: 2 Verify the Product API, whether able to create a new product 
----------------------------------------------------------------------(src/test/resources/features/EcommerceAPI/EndtoEnd_E_commerce.feature; 2 Verify the Product API, whether able to create a new product)
21:31:39.950 [main] INFO  utilities.BaseClass - List of header's: 
{Authorization=eyJhbGciOiJIUzI1NiIsInR5cCI6IkpXVCJ9.eyJfaWQiOiI2M2E5Y2RlMTAzODQxZTljOWE2MGQ0YjgiLCJ1c2VyRW1haWwiOiJwb3N0bWFuNTVAZ21haWwuY29tIiwidXNlck1vYmlsZSI6MTIzNDU2Nzg5MCwidXNlclJvbGUiOiJjdXN0b21lciIsImlhdCI6MTc0MzUyMzI5MiwiZXhwIjoxNzc1MDgwODkyfQ.SrbtAnzqOwZTqD0j-yOQUPZdhcp5gU9qCpqyh0r6Gdo, Content-Type=multipart/form-data}
21:31:39.984 [main] ERROR Loader.class - Global value for key 'productImage-file' is null
21:31:40.018 [main] INFO  utilities.BaseClass - List of form-data: 
{productImage-file=./src/test/resources/images/productImage.jpg, productSubCategory=shirts, productFor=women, productName=T-shirt_191, productPrice=1500, productDescription=Addias Originals, productAddedBy=63a9cde103841e9c9a60d4b8, productCategory=fashion}
21:31:40.018 [main] INFO  utilities.BaseClass - RestAPI url: https://rahulshettyacademy.com/api/ecom/product/add-product
21:31:41.936 [main] INFO  utilities.BaseClass - Response code: 201
21:31:41.936 [main] INFO  utilities.BaseClass - Response: {
    "productId": "67ec0de1fc76541aad1b4d99",
    "message": "Product Added Successfully"
}
21:31:42.017 [main] INFO  utilities.MyCustomListener - 
        __    _____ _____ ____ _____   ____   _    ____  ____  _____ ____  
  _     \ \  |_   _| ____/ ___|_   _| |  _ \ / \  / ___|/ ___|| ____|  _ \ 
 (_)_____| |   | | |  _| \___ \ | |   | |_) / _ \ \___ \\___ \|  _| | | | |
  _|_____| |   | | | |___ ___) || |   |  __/ ___ \ ___) |___) | |___| |_| |
 (_)     | |   |_| |_____|____/ |_|   |_| /_/   \_\____/|____/|_____|____/ 
        /_/                                                                

TEST PASSED: 2 Verify the Product API, whether able to create a new product 
----------------------------------------------------------------------
21:31:42.017 [main] INFO  stepDefinitions.Hooks - Entered after scenario
21:31:42.017 [main] INFO  utilities.MyCustomListener - Test finished outcome:: Duration:2, Result:PASSED, Feature:EndtoEnd_E_commerce.feature, StartTime:2025-04-01T21:31:39.934+05:30[Asia/Calcutta], TestFailedStep:0, TestFailedStepLine:null, FailureCause:null
21:31:42.103 [main] INFO  factory.DBConnection - Execution of the query: 'INSERT INTO Auto_Run_Dtls (Run_Id, Run_Region, Scenario, Feature, Module, Run_Date, Duration, Status, Failure_Cause)  
VALUES ((Select MAX(Run_id) from Auto_Run_Stat), 'QA', '2 Verify the Product API, whether able to create a new product', 'EndtoEnd_E_commerce.feature', 'EcommerceAPI', '2025-04-01', 2, 'PASSED', '')' is successful with number of rows updated: 1
21:31:42.150 [main] INFO  stepDefinitions.Hooks - Entered before scenario
21:31:42.150 [main] INFO  utilities.MyCustomListener - 
 _____ _____ ____ _____   ____ _____  _    ____ _____ _____ ____  
|_   _| ____/ ___|_   _| / ___|_   _|/ \  |  _ \_   _| ____|  _ \ 
  | | |  _| \___ \ | |   \___ \ | | / _ \ | |_) || | |  _| | | | |
  | | | |___ ___) || |    ___) || |/ ___ \|  _ < | | | |___| |_| |
  |_| |_____|____/ |_|   |____/ |_/_/   \_\_| \_\|_| |_____|____/ 

TEST STARTED: 3 Verify the Order API, whether able to create a new order 
----------------------------------------------------------------------(src/test/resources/features/EcommerceAPI/EndtoEnd_E_commerce.feature; 3 Verify the Order API, whether able to create a new order)
21:31:42.168 [main] INFO  utilities.BaseClass - List of header's: 
{Authorization=eyJhbGciOiJIUzI1NiIsInR5cCI6IkpXVCJ9.eyJfaWQiOiI2M2E5Y2RlMTAzODQxZTljOWE2MGQ0YjgiLCJ1c2VyRW1haWwiOiJwb3N0bWFuNTVAZ21haWwuY29tIiwidXNlck1vYmlsZSI6MTIzNDU2Nzg5MCwidXNlclJvbGUiOiJjdXN0b21lciIsImlhdCI6MTc0MzUyMzI5MiwiZXhwIjoxNzc1MDgwODkyfQ.SrbtAnzqOwZTqD0j-yOQUPZdhcp5gU9qCpqyh0r6Gdo, Content-Type=application/json}
21:31:42.168 [main] INFO  utilities.BaseClass -             "country": "{$country}",
21:31:42.168 [main] INFO  utilities.BaseClass -             "productOrderedId": "{$productId}"
21:31:42.168 [main] INFO  utilities.BaseClass - RestAPI url: https://rahulshettyacademy.com/api/ecom/order/create-order
21:31:42.350 [main] INFO  utilities.BaseClass - Rest Request: 
{
    "orders": [
        {
            "country": "India",
            "productOrderedId": "67ec0de1fc76541aad1b4d99"
        }
    ]
}

21:31:42.369 [main] INFO  utilities.BaseClass - Response code: 201
21:31:42.369 [main] INFO  utilities.BaseClass - Response: {
    "orders": [
        "67ec0de1fc76541aad1b4d9d"
    ],
    "productOrderId": [
        "67ec0de1fc76541aad1b4d99"
    ],
    "message": "Order Placed Successfully"
}
21:31:42.535 [main] INFO  utilities.MyCustomListener - 
        __    _____ _____ ____ _____   ____   _    ____  ____  _____ ____  
  _     \ \  |_   _| ____/ ___|_   _| |  _ \ / \  / ___|/ ___|| ____|  _ \ 
 (_)_____| |   | | |  _| \___ \ | |   | |_) / _ \ \___ \\___ \|  _| | | | |
  _|_____| |   | | | |___ ___) || |   |  __/ ___ \ ___) |___) | |___| |_| |
 (_)     | |   |_| |_____|____/ |_|   |_| /_/   \_\____/|____/|_____|____/ 
        /_/                                                                

TEST PASSED: 3 Verify the Order API, whether able to create a new order 
----------------------------------------------------------------------
21:31:42.535 [main] INFO  stepDefinitions.Hooks - Entered after scenario
21:31:42.535 [main] INFO  utilities.MyCustomListener - Test finished outcome:: Duration:0, Result:PASSED, Feature:EndtoEnd_E_commerce.feature, StartTime:2025-04-01T21:31:42.135+05:30[Asia/Calcutta], TestFailedStep:0, TestFailedStepLine:null, FailureCause:null
21:31:42.631 [main] INFO  factory.DBConnection - Execution of the query: 'INSERT INTO Auto_Run_Dtls (Run_Id, Run_Region, Scenario, Feature, Module, Run_Date, Duration, Status, Failure_Cause)  
VALUES ((Select MAX(Run_id) from Auto_Run_Stat), 'QA', '3 Verify the Order API, whether able to create a new order', 'EndtoEnd_E_commerce.feature', 'EcommerceAPI', '2025-04-01', 0, 'PASSED', '')' is successful with number of rows updated: 1
21:31:42.702 [main] INFO  stepDefinitions.Hooks - Entered before scenario
21:31:42.702 [main] INFO  utilities.MyCustomListener - 
 _____ _____ ____ _____   ____ _____  _    ____ _____ _____ ____  
|_   _| ____/ ___|_   _| / ___|_   _|/ \  |  _ \_   _| ____|  _ \ 
  | | |  _| \___ \ | |   \___ \ | | / _ \ | |_) || | |  _| | | | |
  | | | |___ ___) || |    ___) || |/ ___ \|  _ < | | | |___| |_| |
  |_| |_____|____/ |_|   |____/ |_/_/   \_\_| \_\|_| |_____|____/ 

TEST STARTED: 4 Verify the Order Detail API, whether able to fetch order details 
----------------------------------------------------------------------(src/test/resources/features/EcommerceAPI/EndtoEnd_E_commerce.feature; 4 Verify the Order Detail API, whether able to fetch order details)
21:31:42.725 [main] INFO  utilities.BaseClass - List of header's: 
{Authorization=eyJhbGciOiJIUzI1NiIsInR5cCI6IkpXVCJ9.eyJfaWQiOiI2M2E5Y2RlMTAzODQxZTljOWE2MGQ0YjgiLCJ1c2VyRW1haWwiOiJwb3N0bWFuNTVAZ21haWwuY29tIiwidXNlck1vYmlsZSI6MTIzNDU2Nzg5MCwidXNlclJvbGUiOiJjdXN0b21lciIsImlhdCI6MTc0MzUyMzI5MiwiZXhwIjoxNzc1MDgwODkyfQ.SrbtAnzqOwZTqD0j-yOQUPZdhcp5gU9qCpqyh0r6Gdo, Content-Type=application/json}
21:31:42.751 [main] INFO  utilities.BaseClass - List of query param's: 
{id=67ec0de1fc76541aad1b4d9d}
21:31:42.767 [main] INFO  utilities.BaseClass - RestAPI url: https://rahulshettyacademy.com/api/ecom/order/get-orders-details
21:31:43.002 [main] INFO  utilities.BaseClass - Response code: 200
21:31:43.002 [main] INFO  utilities.BaseClass - Response: {
    "data": {
        "_id": "67ec0de1fc76541aad1b4d9d",
        "orderById": "63a9cde103841e9c9a60d4b8",
        "orderBy": "postman55@gmail.com",
        "productOrderedId": "67ec0de1fc76541aad1b4d99",
        "productName": "T-shirt_191",
        "country": "India",
        "productDescription": "Addias Originals",
        "productImage": "https://rahulshettyacademy.com/api/ecom/uploads/productImage_1743523296929.jpg",
        "orderPrice": "1500",
        "__v": 0
    },
    "message": "Orders fetched for customer Successfully"
}
21:31:43.101 [main] INFO  utilities.MyCustomListener - 
        __    _____ _____ ____ _____   ____   _    ____  ____  _____ ____  
  _     \ \  |_   _| ____/ ___|_   _| |  _ \ / \  / ___|/ ___|| ____|  _ \ 
 (_)_____| |   | | |  _| \___ \ | |   | |_) / _ \ \___ \\___ \|  _| | | | |
  _|_____| |   | | | |___ ___) || |   |  __/ ___ \ ___) |___) | |___| |_| |
 (_)     | |   |_| |_____|____/ |_|   |_| /_/   \_\____/|____/|_____|____/ 
        /_/                                                                

TEST PASSED: 4 Verify the Order Detail API, whether able to fetch order details 
----------------------------------------------------------------------
21:31:43.101 [main] INFO  stepDefinitions.Hooks - Entered after scenario
21:31:43.103 [main] INFO  utilities.MyCustomListener - Test finished outcome:: Duration:0, Result:PASSED, Feature:EndtoEnd_E_commerce.feature, StartTime:2025-04-01T21:31:42.687+05:30[Asia/Calcutta], TestFailedStep:0, TestFailedStepLine:null, FailureCause:null
21:31:43.163 [main] INFO  factory.DBConnection - Execution of the query: 'INSERT INTO Auto_Run_Dtls (Run_Id, Run_Region, Scenario, Feature, Module, Run_Date, Duration, Status, Failure_Cause)  
VALUES ((Select MAX(Run_id) from Auto_Run_Stat), 'QA', '4 Verify the Order Detail API, whether able to fetch order details', 'EndtoEnd_E_commerce.feature', 'EcommerceAPI', '2025-04-01', 0, 'PASSED', '')' is successful with number of rows updated: 1
21:31:43.201 [main] INFO  stepDefinitions.Hooks - Entered before scenario
21:31:43.201 [main] INFO  utilities.MyCustomListener - 
 _____ _____ ____ _____   ____ _____  _    ____ _____ _____ ____  
|_   _| ____/ ___|_   _| / ___|_   _|/ \  |  _ \_   _| ____|  _ \ 
  | | |  _| \___ \ | |   \___ \ | | / _ \ | |_) || | |  _| | | | |
  | | | |___ ___) || |    ___) || |/ ___ \|  _ < | | | |___| |_| |
  |_| |_____|____/ |_|   |____/ |_/_/   \_\_| \_\|_| |_____|____/ 

TEST STARTED: 5 Verify the Order Delete API, whether able to delete order 
----------------------------------------------------------------------(src/test/resources/features/EcommerceAPI/EndtoEnd_E_commerce.feature; 5 Verify the Order Delete API, whether able to delete order)
21:31:43.218 [main] INFO  utilities.BaseClass - List of header's: 
{Authorization=eyJhbGciOiJIUzI1NiIsInR5cCI6IkpXVCJ9.eyJfaWQiOiI2M2E5Y2RlMTAzODQxZTljOWE2MGQ0YjgiLCJ1c2VyRW1haWwiOiJwb3N0bWFuNTVAZ21haWwuY29tIiwidXNlck1vYmlsZSI6MTIzNDU2Nzg5MCwidXNlclJvbGUiOiJjdXN0b21lciIsImlhdCI6MTc0MzUyMzI5MiwiZXhwIjoxNzc1MDgwODkyfQ.SrbtAnzqOwZTqD0j-yOQUPZdhcp5gU9qCpqyh0r6Gdo, Content-Type=application/json}
21:31:43.218 [main] INFO  utilities.BaseClass - List of path param's: 
{OrderId=67ec0de1fc76541aad1b4d9d}
21:31:43.234 [main] INFO  utilities.BaseClass - RestAPI url: https://rahulshettyacademy.com/api/ecom/order/delete-order/{OrderId}
21:31:43.401 [main] INFO  utilities.BaseClass - Response code: 200
21:31:43.401 [main] INFO  utilities.BaseClass - Response: {
    "message": "Orders Deleted Successfully"
}
21:31:43.436 [main] INFO  utilities.MyCustomListener - 
        __    _____ _____ ____ _____   ____   _    ____  ____  _____ ____  
  _     \ \  |_   _| ____/ ___|_   _| |  _ \ / \  / ___|/ ___|| ____|  _ \ 
 (_)_____| |   | | |  _| \___ \ | |   | |_) / _ \ \___ \\___ \|  _| | | | |
  _|_____| |   | | | |___ ___) || |   |  __/ ___ \ ___) |___) | |___| |_| |
 (_)     | |   |_| |_____|____/ |_|   |_| /_/   \_\____/|____/|_____|____/ 
        /_/                                                                

TEST PASSED: 5 Verify the Order Delete API, whether able to delete order 
----------------------------------------------------------------------
21:31:43.436 [main] INFO  stepDefinitions.Hooks - Entered after scenario
21:31:43.436 [main] INFO  utilities.MyCustomListener - Test finished outcome:: Duration:0, Result:PASSED, Feature:EndtoEnd_E_commerce.feature, StartTime:2025-04-01T21:31:43.185+05:30[Asia/Calcutta], TestFailedStep:0, TestFailedStepLine:null, FailureCause:null
21:31:43.549 [main] INFO  factory.DBConnection - Execution of the query: 'INSERT INTO Auto_Run_Dtls (Run_Id, Run_Region, Scenario, Feature, Module, Run_Date, Duration, Status, Failure_Cause)  
VALUES ((Select MAX(Run_id) from Auto_Run_Stat), 'QA', '5 Verify the Order Delete API, whether able to delete order', 'EndtoEnd_E_commerce.feature', 'EcommerceAPI', '2025-04-01', 0, 'PASSED', '')' is successful with number of rows updated: 1
21:31:43.601 [main] INFO  stepDefinitions.Hooks - Entered before scenario
21:31:43.601 [main] INFO  utilities.MyCustomListener - 
 _____ _____ ____ _____   ____ _____  _    ____ _____ _____ ____  
|_   _| ____/ ___|_   _| / ___|_   _|/ \  |  _ \_   _| ____|  _ \ 
  | | |  _| \___ \ | |   \___ \ | | / _ \ | |_) || | |  _| | | | |
  | | | |___ ___) || |    ___) || |/ ___ \|  _ < | | | |___| |_| |
  |_| |_____|____/ |_|   |____/ |_/_/   \_\_| \_\|_| |_____|____/ 

TEST STARTED: 6 Verify the Product Delete API, whether able to delete product 
----------------------------------------------------------------------(src/test/resources/features/EcommerceAPI/EndtoEnd_E_commerce.feature; 6 Verify the Product Delete API, whether able to delete product)
21:31:43.601 [main] INFO  utilities.BaseClass - List of header's: 
{Authorization=eyJhbGciOiJIUzI1NiIsInR5cCI6IkpXVCJ9.eyJfaWQiOiI2M2E5Y2RlMTAzODQxZTljOWE2MGQ0YjgiLCJ1c2VyRW1haWwiOiJwb3N0bWFuNTVAZ21haWwuY29tIiwidXNlck1vYmlsZSI6MTIzNDU2Nzg5MCwidXNlclJvbGUiOiJjdXN0b21lciIsImlhdCI6MTc0MzUyMzI5MiwiZXhwIjoxNzc1MDgwODkyfQ.SrbtAnzqOwZTqD0j-yOQUPZdhcp5gU9qCpqyh0r6Gdo, Content-Type=application/json}
21:31:43.618 [main] INFO  utilities.BaseClass - List of path param's: 
{productId=67ec0de1fc76541aad1b4d99}
21:31:43.618 [main] INFO  utilities.BaseClass - RestAPI url: https://rahulshettyacademy.com/api/ecom/product/delete-product/{productId}
21:31:43.801 [main] INFO  utilities.BaseClass - Response code: 200
21:31:43.801 [main] INFO  utilities.BaseClass - Response: {
    "message": "Product Deleted Successfully"
}
21:31:43.835 [main] INFO  utilities.MyCustomListener - 
        __    _____ _____ ____ _____   ____   _    ____  ____  _____ ____  
  _     \ \  |_   _| ____/ ___|_   _| |  _ \ / \  / ___|/ ___|| ____|  _ \ 
 (_)_____| |   | | |  _| \___ \ | |   | |_) / _ \ \___ \\___ \|  _| | | | |
  _|_____| |   | | | |___ ___) || |   |  __/ ___ \ ___) |___) | |___| |_| |
 (_)     | |   |_| |_____|____/ |_|   |_| /_/   \_\____/|____/|_____|____/ 
        /_/                                                                

TEST PASSED: 6 Verify the Product Delete API, whether able to delete product 
----------------------------------------------------------------------
21:31:43.835 [main] INFO  stepDefinitions.Hooks - Entered after scenario
21:31:43.835 [main] INFO  utilities.MyCustomListener - Test finished outcome:: Duration:0, Result:PASSED, Feature:EndtoEnd_E_commerce.feature, StartTime:2025-04-01T21:31:43.585+05:30[Asia/Calcutta], TestFailedStep:0, TestFailedStepLine:null, FailureCause:null
21:31:43.899 [main] INFO  factory.DBConnection - Execution of the query: 'INSERT INTO Auto_Run_Dtls (Run_Id, Run_Region, Scenario, Feature, Module, Run_Date, Duration, Status, Failure_Cause)  
VALUES ((Select MAX(Run_id) from Auto_Run_Stat), 'QA', '6 Verify the Product Delete API, whether able to delete product', 'EndtoEnd_E_commerce.feature', 'EcommerceAPI', '2025-04-01', 0, 'PASSED', '')' is successful with number of rows updated: 1
21:31:43.918 [main] INFO  utilities.MyCustomListener - Global & Input values are cleared before feature started: placeValidations.feature
21:31:43.935 [main] INFO  stepDefinitions.Hooks - Entered before scenario
21:31:43.935 [main] INFO  utilities.MyCustomListener - 
 _____ _____ ____ _____   ____ _____  _    ____ _____ _____ ____  
|_   _| ____/ ___|_   _| / ___|_   _|/ \  |  _ \_   _| ____|  _ \ 
  | | |  _| \___ \ | |   \___ \ | | / _ \ | |_) || | |  _| | | | |
  | | | |___ ___) || |    ___) || |/ ___ \|  _ < | | | |___| |_| |
  |_| |_____|____/ |_|   |____/ |_/_/   \_\_| \_\|_| |_____|____/ 

TEST STARTED: 1 Verify if place being successfully added using AddPlaceAPI 
----------------------------------------------------------------------(src/test/resources/features/GoogleAPI/placeValidations.feature; 1 Verify if place being successfully added using AddPlaceAPI)
21:31:43.951 [main] INFO  utilities.BaseClass - List of header's: 
{Accept=*/*, Content-Type=application/json}
21:31:43.951 [main] INFO  utilities.BaseClass - List of query param's: 
{key=qaclick123}
21:31:43.968 [main] INFO  utilities.BaseClass -     "lat": {$latitude},
21:31:43.970 [main] INFO  utilities.BaseClass -     "lng": {$longitude}
21:31:43.970 [main] INFO  utilities.BaseClass -   "name": "{$name}",
21:31:43.970 [main] INFO  utilities.BaseClass -   "address": "{$address}",
21:31:43.970 [main] INFO  utilities.BaseClass -     "{$side layout}"
21:31:43.971 [main] INFO  utilities.BaseClass -   "language": "{$language}"
21:31:43.971 [main] INFO  utilities.BaseClass - RestAPI url: https://rahulshettyacademy.com/maps/api/place/add/json
21:31:44.118 [main] INFO  utilities.BaseClass - Rest Request: 
{
  "location": {
    "lat": -31.388192,
    "lng": 37.589062
  },
  "accuracy": 50,
  "name": "atest",
  "phone_number": "(+91) 983 893 3937",
  "address": "Maratahalli, Bangalore",
  "types": [
    "shoe park",
    "shop"
  ],
  "website": "http://google.com",
  "language": "India-IND"
}

21:31:44.118 [main] INFO  utilities.BaseClass - Response code: 200
21:31:44.118 [main] INFO  utilities.BaseClass - Response: {
    "status": "OK",
    "place_id": "19ad64d11ecefa600d49e87bd23de6b1",
    "scope": "APP",
    "reference": "c382fec98de217769658e0fe21f179a4c382fec98de217769658e0fe21f179a4",
    "id": "c382fec98de217769658e0fe21f179a4"
}
21:31:44.219 [main] INFO  utilities.MyCustomListener - 
        __    _____ _____ ____ _____   ____   _    ____  ____  _____ ____  
  _     \ \  |_   _| ____/ ___|_   _| |  _ \ / \  / ___|/ ___|| ____|  _ \ 
 (_)_____| |   | | |  _| \___ \ | |   | |_) / _ \ \___ \\___ \|  _| | | | |
  _|_____| |   | | | |___ ___) || |   |  __/ ___ \ ___) |___) | |___| |_| |
 (_)     | |   |_| |_____|____/ |_|   |_| /_/   \_\____/|____/|_____|____/ 
        /_/                                                                

TEST PASSED: 1 Verify if place being successfully added using AddPlaceAPI 
----------------------------------------------------------------------
21:31:44.219 [main] INFO  stepDefinitions.Hooks - Entered after scenario
21:31:44.219 [main] INFO  utilities.MyCustomListener - Test finished outcome:: Duration:0, Result:PASSED, Feature:placeValidations.feature, StartTime:2025-04-01T21:31:43.929+05:30[Asia/Calcutta], TestFailedStep:0, TestFailedStepLine:null, FailureCause:null
21:31:44.359 [main] INFO  factory.DBConnection - Execution of the query: 'INSERT INTO Auto_Run_Dtls (Run_Id, Run_Region, Scenario, Feature, Module, Run_Date, Duration, Status, Failure_Cause)  
VALUES ((Select MAX(Run_id) from Auto_Run_Stat), 'QA', '1 Verify if place being successfully added using AddPlaceAPI', 'placeValidations.feature', 'GoogleAPI', '2025-04-01', 0, 'PASSED', '')' is successful with number of rows updated: 1
21:31:44.399 [main] INFO  stepDefinitions.Hooks - Entered before scenario
21:31:44.402 [main] INFO  utilities.MyCustomListener - 
 _____ _____ ____ _____   ____ _____  _    ____ _____ _____ ____  
|_   _| ____/ ___|_   _| / ___|_   _|/ \  |  _ \_   _| ____|  _ \ 
  | | |  _| \___ \ | |   \___ \ | | / _ \ | |_) || | |  _| | | | |
  | | | |___ ___) || |    ___) || |/ ___ \|  _ < | | | |___| |_| |
  |_| |_____|____/ |_|   |____/ |_/_/   \_\_| \_\|_| |_____|____/ 

TEST STARTED: 2 Verify if place details fetching successfully by GetPlaceAPI 
----------------------------------------------------------------------(src/test/resources/features/GoogleAPI/placeValidations.feature; 2 Verify if place details fetching successfully by GetPlaceAPI)
21:31:44.402 [main] INFO  utilities.BaseClass - List of query param's: 
{key=qaclick123, place_id=19ad64d11ecefa600d49e87bd23de6b1}
21:31:44.419 [main] INFO  utilities.BaseClass - RestAPI url: https://rahulshettyacademy.com/maps/api/place/get/json
21:31:45.936 [main] INFO  utilities.BaseClass - Response code: 200
21:31:45.938 [main] INFO  utilities.BaseClass - Response: {
    "location": {
        "latitude": "-31.388192",
        "longitude": "37.589062"
    },
    "accuracy": "50",
    "name": "atest",
    "phone_number": "(+91) 983 893 3937",
    "address": "Maratahalli, Bangalore",
    "types": "shoe park,shop",
    "website": "http://google.com",
    "language": "India-IND"
}
21:31:45.986 [main] INFO  utilities.MyCustomListener - 
        __    _____ _____ ____ _____   ____   _    ____  ____  _____ ____  
  _     \ \  |_   _| ____/ ___|_   _| |  _ \ / \  / ___|/ ___|| ____|  _ \ 
 (_)_____| |   | | |  _| \___ \ | |   | |_) / _ \ \___ \\___ \|  _| | | | |
  _|_____| |   | | | |___ ___) || |   |  __/ ___ \ ___) |___) | |___| |_| |
 (_)     | |   |_| |_____|____/ |_|   |_| /_/   \_\____/|____/|_____|____/ 
        /_/                                                                

TEST PASSED: 2 Verify if place details fetching successfully by GetPlaceAPI 
----------------------------------------------------------------------
21:31:45.986 [main] INFO  stepDefinitions.Hooks - Entered after scenario
21:31:45.986 [main] INFO  utilities.MyCustomListener - Test finished outcome:: Duration:1, Result:PASSED, Feature:placeValidations.feature, StartTime:2025-04-01T21:31:44.384+05:30[Asia/Calcutta], TestFailedStep:0, TestFailedStepLine:null, FailureCause:null
21:31:46.061 [main] INFO  factory.DBConnection - Execution of the query: 'INSERT INTO Auto_Run_Dtls (Run_Id, Run_Region, Scenario, Feature, Module, Run_Date, Duration, Status, Failure_Cause)  
VALUES ((Select MAX(Run_id) from Auto_Run_Stat), 'QA', '2 Verify if place details fetching successfully by GetPlaceAPI', 'placeValidations.feature', 'GoogleAPI', '2025-04-01', 1, 'PASSED', '')' is successful with number of rows updated: 1
21:31:46.085 [main] INFO  stepDefinitions.Hooks - Entered before scenario
21:31:46.085 [main] INFO  utilities.MyCustomListener - 
 _____ _____ ____ _____   ____ _____  _    ____ _____ _____ ____  
|_   _| ____/ ___|_   _| / ___|_   _|/ \  |  _ \_   _| ____|  _ \ 
  | | |  _| \___ \ | |   \___ \ | | / _ \ | |_) || | |  _| | | | |
  | | | |___ ___) || |    ___) || |/ ___ \|  _ < | | | |___| |_| |
  |_| |_____|____/ |_|   |____/ |_/_/   \_\_| \_\|_| |_____|____/ 

TEST STARTED: 3 Verify if place details fetching successfully by UpdatePlaceAPI 
----------------------------------------------------------------------(src/test/resources/features/GoogleAPI/placeValidations.feature; 3 Verify if place details fetching successfully by UpdatePlaceAPI)
21:31:46.102 [main] INFO  utilities.BaseClass - List of query param's: 
{key=qaclick123}
21:31:46.102 [main] INFO  utilities.BaseClass - "place_id":"{$place_id}",
21:31:46.102 [main] INFO  utilities.BaseClass - "address":"{$address}",
21:31:46.102 [main] INFO  utilities.BaseClass - "key":"{$key}"
21:31:46.102 [main] INFO  utilities.BaseClass - RestAPI url: https://rahulshettyacademy.com/maps/api/place/update/json
21:31:48.389 [main] INFO  utilities.BaseClass - Rest Request: 
{
"place_id":"19ad64d11ecefa600d49e87bd23de6b1",
"address":"HSR Layout",
"key":"qaclick123"
}

21:31:48.423 [main] INFO  utilities.BaseClass - Response code: 200
21:31:48.423 [main] INFO  utilities.BaseClass - Response: {
    "msg": "Address successfully updated"
}
21:31:48.456 [main] INFO  utilities.MyCustomListener - 
        __    _____ _____ ____ _____   ____   _    ____  ____  _____ ____  
  _     \ \  |_   _| ____/ ___|_   _| |  _ \ / \  / ___|/ ___|| ____|  _ \ 
 (_)_____| |   | | |  _| \___ \ | |   | |_) / _ \ \___ \\___ \|  _| | | | |
  _|_____| |   | | | |___ ___) || |   |  __/ ___ \ ___) |___) | |___| |_| |
 (_)     | |   |_| |_____|____/ |_|   |_| /_/   \_\____/|____/|_____|____/ 
        /_/                                                                

TEST PASSED: 3 Verify if place details fetching successfully by UpdatePlaceAPI 
----------------------------------------------------------------------
21:31:48.456 [main] INFO  stepDefinitions.Hooks - Entered after scenario
21:31:48.456 [main] INFO  utilities.MyCustomListener - Test finished outcome:: Duration:2, Result:PASSED, Feature:placeValidations.feature, StartTime:2025-04-01T21:31:46.085+05:30[Asia/Calcutta], TestFailedStep:0, TestFailedStepLine:null, FailureCause:null
21:31:48.518 [main] INFO  factory.DBConnection - Execution of the query: 'INSERT INTO Auto_Run_Dtls (Run_Id, Run_Region, Scenario, Feature, Module, Run_Date, Duration, Status, Failure_Cause)  
VALUES ((Select MAX(Run_id) from Auto_Run_Stat), 'QA', '3 Verify if place details fetching successfully by UpdatePlaceAPI', 'placeValidations.feature', 'GoogleAPI', '2025-04-01', 2, 'PASSED', '')' is successful with number of rows updated: 1
21:31:48.540 [main] INFO  stepDefinitions.Hooks - Entered before scenario
21:31:48.540 [main] INFO  utilities.MyCustomListener - 
 _____ _____ ____ _____   ____ _____  _    ____ _____ _____ ____  
|_   _| ____/ ___|_   _| / ___|_   _|/ \  |  _ \_   _| ____|  _ \ 
  | | |  _| \___ \ | |   \___ \ | | / _ \ | |_) || | |  _| | | | |
  | | | |___ ___) || |    ___) || |/ ___ \|  _ < | | | |___| |_| |
  |_| |_____|____/ |_|   |____/ |_/_/   \_\_| \_\|_| |_____|____/ 

TEST STARTED: 4 Verify if place details fetching successfully by DeletePlaceAPI 
----------------------------------------------------------------------(src/test/resources/features/GoogleAPI/placeValidations.feature; 4 Verify if place details fetching successfully by DeletePlaceAPI)
21:31:48.554 [main] INFO  utilities.BaseClass - List of query param's: 
{key=qaclick123}
21:31:48.554 [main] INFO  utilities.BaseClass -     "place_id":"{$place_id}"
21:31:48.554 [main] INFO  utilities.BaseClass - RestAPI url: https://rahulshettyacademy.com/maps/api/place/delete/json
21:31:51.891 [main] INFO  utilities.BaseClass - Rest Request: 
{
    "place_id":"19ad64d11ecefa600d49e87bd23de6b1"
}

21:31:51.925 [main] INFO  utilities.BaseClass - Response code: 200
21:31:51.925 [main] INFO  utilities.BaseClass - Response: {
    "status": "OK"
}
21:31:51.955 [main] INFO  utilities.MyCustomListener - 
        __    _____ _____ ____ _____   ____   _    ____  ____  _____ ____  
  _     \ \  |_   _| ____/ ___|_   _| |  _ \ / \  / ___|/ ___|| ____|  _ \ 
 (_)_____| |   | | |  _| \___ \ | |   | |_) / _ \ \___ \\___ \|  _| | | | |
  _|_____| |   | | | |___ ___) || |   |  __/ ___ \ ___) |___) | |___| |_| |
 (_)     | |   |_| |_____|____/ |_|   |_| /_/   \_\____/|____/|_____|____/ 
        /_/                                                                

TEST PASSED: 4 Verify if place details fetching successfully by DeletePlaceAPI 
----------------------------------------------------------------------
21:31:51.955 [main] INFO  stepDefinitions.Hooks - Entered after scenario
21:31:51.955 [main] INFO  utilities.MyCustomListener - Test finished outcome:: Duration:3, Result:PASSED, Feature:placeValidations.feature, StartTime:2025-04-01T21:31:48.537+05:30[Asia/Calcutta], TestFailedStep:0, TestFailedStepLine:null, FailureCause:null
21:31:52.015 [main] INFO  factory.DBConnection - Execution of the query: 'INSERT INTO Auto_Run_Dtls (Run_Id, Run_Region, Scenario, Feature, Module, Run_Date, Duration, Status, Failure_Cause)  
VALUES ((Select MAX(Run_id) from Auto_Run_Stat), 'QA', '4 Verify if place details fetching successfully by DeletePlaceAPI', 'placeValidations.feature', 'GoogleAPI', '2025-04-01', 3, 'PASSED', '')' is successful with number of rows updated: 1
21:31:52.028 [main] INFO  stepDefinitions.Hooks - ===================== Run Statistics =====================
21:31:52.028 [main] INFO  stepDefinitions.Hooks - Automation Suit Completed on QA environment
21:31:52.028 [main] INFO  utilities.MyCustomListener - Automation Suite Finished at: 2025-04-01 21:31:52
21:31:52.028 [main] INFO  utilities.MyCustomListener - Run Duration: 0h 0m 19s
21:31:52.028 [main] INFO  utilities.MyCustomListener - Run status: PASSED
