20:38:49.087 [main] INFO  utilities.MyCustomListener - 
    _     __  __  _______   ___   ____   ____     _   _______  _   ___   ____    _                 
   / \   | |  | ||__   __| / _ \ | |\ \ / /| |   / \ |__   __|| | / - \ | |\ \  | |    
  / _ \  | |  | |   | |   | / \ || |  \_/  | |  / _ \   | |   | || / \ || | \ \ | |     
 / ___ \ | \__/ |   | |   | \_/ || |       | | / --- \  | |   | || \_/ || |  \ \| |     
/_/   \_\ \____/    |_|    \___/ |_|       |_|/_/   \_\ |_|   |_| \___/ |_|   \__/     
--------------------------------------------------------------------------------------------
20:38:49.099 [main] INFO  utilities.MyCustomListener - Automation Suite Started at: 2025-03-28 20:38:49
20:38:49.241 [main] INFO  factory.ReadConfigFiles - configuration properties loaded successfully from: E:\Jenkins\RestAssured_Cucumber_Serenity//configure.properties
20:38:49.260 [main] INFO  factory.ReadConfigFiles - API endpoints properties loaded successfully from: E:\Jenkins\RestAssured_Cucumber_Serenity//src//test//resources//properties//restAPIDetails.properties
20:38:49.260 [main] INFO  stepDefinitions.Hooks - Automation Suit Started on QA environment
20:38:49.280 [main] INFO  utilities.MyCustomListener - Global & Input values are cleared before feature started: EndtoEnd_E_commerce.feature
20:38:49.603 [main] INFO  utilities.MyCustomListener - Global & Input values are cleared before feature started: placeValidations.feature
20:38:49.623 [main] INFO  utilities.MyCustomListener - Global & Input values are cleared before feature started: EndtoEnd_E_commerce.feature
20:38:50.362 [main] INFO  stepDefinitions.Hooks - Entered before scenario
20:38:50.363 [main] INFO  utilities.MyCustomListener - 
 _____ _____ ____ _____   ____ _____  _    ____ _____ _____ ____  
|_   _| ____/ ___|_   _| / ___|_   _|/ \  |  _ \_   _| ____|  _ \ 
  | | |  _| \___ \ | |   \___ \ | | / _ \ | |_) || | |  _| | | | |
  | | | |___ ___) || |    ___) || |/ ___ \|  _ < | | | |___| |_| |
  |_| |_____|____/ |_|   |____/ |_/_/   \_\_| \_\|_| |_____|____/ 

TEST STARTED: 1 Verify the login API, whether able to login 
----------------------------------------------------------------------(src/test/resources/features/EcommerceAPI/EndtoEnd_E_commerce.feature; 1 Verify the login API, whether able to login)
20:38:51.600 [main] INFO  utilities.BaseClass - List of header's: 
{Content-Type=application/json}
20:38:51.631 [main] INFO  utilities.BaseClass -     "userEmail": "{$userEmail}",
20:38:51.632 [main] INFO  utilities.BaseClass -     "userPassword": "{$password}"
20:38:51.632 [main] INFO  utilities.BaseClass - RestAPI url: https://rahulshettyacademy.com/api/ecom/auth/login
20:38:55.908 [main] INFO  utilities.BaseClass - Rest Request: 
{
    "userEmail": "postman55@gmail.com",
    "userPassword": "Naidu@117"
}

20:38:55.925 [main] INFO  utilities.BaseClass - Response code: 200
20:38:56.046 [main] INFO  utilities.BaseClass - Response: {
    "token": "eyJhbGciOiJIUzI1NiIsInR5cCI6IkpXVCJ9.eyJfaWQiOiI2M2E5Y2RlMTAzODQxZTljOWE2MGQ0YjgiLCJ1c2VyRW1haWwiOiJwb3N0bWFuNTVAZ21haWwuY29tIiwidXNlck1vYmlsZSI6MTIzNDU2Nzg5MCwidXNlclJvbGUiOiJjdXN0b21lciIsImlhdCI6MTc0MzE3NDUzMiwiZXhwIjoxNzc0NzMyMTMyfQ.y5LGe-O9crS8QpQKoeRjpvrwHCcFY_4JUY3OU31gsKg",
    "userId": "63a9cde103841e9c9a60d4b8",
    "message": "Login Successfully"
}
20:38:57.657 [main] INFO  utilities.MyCustomListener - 
        __    _____ _____ ____ _____   ____   _    ____  ____  _____ ____  
  _     \ \  |_   _| ____/ ___|_   _| |  _ \ / \  / ___|/ ___|| ____|  _ \ 
 (_)_____| |   | | |  _| \___ \ | |   | |_) / _ \ \___ \\___ \|  _| | | | |
  _|_____| |   | | | |___ ___) || |   |  __/ ___ \ ___) |___) | |___| |_| |
 (_)     | |   |_| |_____|____/ |_|   |_| /_/   \_\____/|____/|_____|____/ 
        /_/                                                                

TEST PASSED: 1 Verify the login API, whether able to login 
----------------------------------------------------------------------
20:38:57.657 [main] INFO  stepDefinitions.Hooks - Entered after scenario
20:38:57.659 [main] INFO  utilities.MyCustomListener - Test finished outcome:: Duration:7, Result:PASSED, Feature:EndtoEnd_E_commerce.feature, StartTime:2025-03-28T20:38:49.875+05:30[Asia/Calcutta], TestFailedStep:0, TestFailedStepLine:null, FailureCause:null
20:38:58.709 [main] INFO  factory.DBConnection - Execution of the query: 'INSERT INTO Auto_Run_Dtls (Run_Id, Run_Region, Scenario, Feature, Module, Run_Date, Duration, Status, Failure_Cause)  
VALUES ((Select MAX(Run_id) from Auto_Run_Stat), 'QA', '1 Verify the login API, whether able to login', 'EndtoEnd_E_commerce.feature', 'EcommerceAPI', '2025-03-28', 7, 'PASSED', '')' is successful with number of rows updated: 1
20:38:58.851 [main] INFO  stepDefinitions.Hooks - Entered before scenario
20:38:58.852 [main] INFO  utilities.MyCustomListener - 
 _____ _____ ____ _____   ____ _____  _    ____ _____ _____ ____  
|_   _| ____/ ___|_   _| / ___|_   _|/ \  |  _ \_   _| ____|  _ \ 
  | | |  _| \___ \ | |   \___ \ | | / _ \ | |_) || | |  _| | | | |
  | | | |___ ___) || |    ___) || |/ ___ \|  _ < | | | |___| |_| |
  |_| |_____|____/ |_|   |____/ |_/_/   \_\_| \_\|_| |_____|____/ 

TEST STARTED: 2 Verify the Product API, whether able to create a new product 
----------------------------------------------------------------------(src/test/resources/features/EcommerceAPI/EndtoEnd_E_commerce.feature; 2 Verify the Product API, whether able to create a new product)
20:38:58.869 [main] INFO  utilities.BaseClass - List of header's: 
{Authorization=eyJhbGciOiJIUzI1NiIsInR5cCI6IkpXVCJ9.eyJfaWQiOiI2M2E5Y2RlMTAzODQxZTljOWE2MGQ0YjgiLCJ1c2VyRW1haWwiOiJwb3N0bWFuNTVAZ21haWwuY29tIiwidXNlck1vYmlsZSI6MTIzNDU2Nzg5MCwidXNlclJvbGUiOiJjdXN0b21lciIsImlhdCI6MTc0MzE3NDUzMiwiZXhwIjoxNzc0NzMyMTMyfQ.y5LGe-O9crS8QpQKoeRjpvrwHCcFY_4JUY3OU31gsKg, Content-Type=multipart/form-data}
20:38:58.884 [main] ERROR Loader.class - Global value for key 'productImage-file' is null
20:38:58.914 [main] INFO  utilities.BaseClass - List of form-data: 
{productImage-file=./src/test/resources/images/productImage.jpg, productSubCategory=shirts, productFor=women, productName=T-shirt_191, productPrice=1500, productDescription=Addias Originals, productAddedBy=63a9cde103841e9c9a60d4b8, productCategory=fashion}
20:38:58.914 [main] INFO  utilities.BaseClass - RestAPI url: https://rahulshettyacademy.com/api/ecom/product/add-product
20:39:00.266 [main] INFO  utilities.BaseClass - Response code: 201
20:39:00.271 [main] INFO  utilities.BaseClass - Response: {
    "productId": "67e6bb88c019fb1ad63dede1",
    "message": "Product Added Successfully"
}
20:39:00.359 [main] INFO  utilities.MyCustomListener - 
        __    _____ _____ ____ _____   ____   _    ____  ____  _____ ____  
  _     \ \  |_   _| ____/ ___|_   _| |  _ \ / \  / ___|/ ___|| ____|  _ \ 
 (_)_____| |   | | |  _| \___ \ | |   | |_) / _ \ \___ \\___ \|  _| | | | |
  _|_____| |   | | | |___ ___) || |   |  __/ ___ \ ___) |___) | |___| |_| |
 (_)     | |   |_| |_____|____/ |_|   |_| /_/   \_\____/|____/|_____|____/ 
        /_/                                                                

TEST PASSED: 2 Verify the Product API, whether able to create a new product 
----------------------------------------------------------------------
20:39:00.359 [main] INFO  stepDefinitions.Hooks - Entered after scenario
20:39:00.360 [main] INFO  utilities.MyCustomListener - Test finished outcome:: Duration:1, Result:PASSED, Feature:EndtoEnd_E_commerce.feature, StartTime:2025-03-28T20:38:58.825+05:30[Asia/Calcutta], TestFailedStep:0, TestFailedStepLine:null, FailureCause:null
20:39:00.445 [main] INFO  factory.DBConnection - Execution of the query: 'INSERT INTO Auto_Run_Dtls (Run_Id, Run_Region, Scenario, Feature, Module, Run_Date, Duration, Status, Failure_Cause)  
VALUES ((Select MAX(Run_id) from Auto_Run_Stat), 'QA', '2 Verify the Product API, whether able to create a new product', 'EndtoEnd_E_commerce.feature', 'EcommerceAPI', '2025-03-28', 1, 'PASSED', '')' is successful with number of rows updated: 1
20:39:00.553 [main] INFO  stepDefinitions.Hooks - Entered before scenario
20:39:00.554 [main] INFO  utilities.MyCustomListener - 
 _____ _____ ____ _____   ____ _____  _    ____ _____ _____ ____  
|_   _| ____/ ___|_   _| / ___|_   _|/ \  |  _ \_   _| ____|  _ \ 
  | | |  _| \___ \ | |   \___ \ | | / _ \ | |_) || | |  _| | | | |
  | | | |___ ___) || |    ___) || |/ ___ \|  _ < | | | |___| |_| |
  |_| |_____|____/ |_|   |____/ |_/_/   \_\_| \_\|_| |_____|____/ 

TEST STARTED: 3 Verify the Order API, whether able to create a new order 
----------------------------------------------------------------------(src/test/resources/features/EcommerceAPI/EndtoEnd_E_commerce.feature; 3 Verify the Order API, whether able to create a new order)
20:39:00.574 [main] INFO  utilities.BaseClass - List of header's: 
{Authorization=eyJhbGciOiJIUzI1NiIsInR5cCI6IkpXVCJ9.eyJfaWQiOiI2M2E5Y2RlMTAzODQxZTljOWE2MGQ0YjgiLCJ1c2VyRW1haWwiOiJwb3N0bWFuNTVAZ21haWwuY29tIiwidXNlck1vYmlsZSI6MTIzNDU2Nzg5MCwidXNlclJvbGUiOiJjdXN0b21lciIsImlhdCI6MTc0MzE3NDUzMiwiZXhwIjoxNzc0NzMyMTMyfQ.y5LGe-O9crS8QpQKoeRjpvrwHCcFY_4JUY3OU31gsKg, Content-Type=application/json}
20:39:00.603 [main] INFO  utilities.BaseClass -             "country": "{$country}",
20:39:00.604 [main] INFO  utilities.BaseClass -             "productOrderedId": "{$productId}"
20:39:00.604 [main] INFO  utilities.BaseClass - RestAPI url: https://rahulshettyacademy.com/api/ecom/order/create-order
20:39:01.870 [main] INFO  utilities.BaseClass - Rest Request: 
{
    "orders": [
        {
            "country": "India",
            "productOrderedId": "67e6bb88c019fb1ad63dede1"
        }
    ]
}

20:39:01.904 [main] INFO  utilities.BaseClass - Response code: 201
20:39:01.906 [main] INFO  utilities.BaseClass - Response: {
    "orders": [
        "67e6bb8ac019fb1ad63dede5"
    ],
    "productOrderId": [
        "67e6bb88c019fb1ad63dede1"
    ],
    "message": "Order Placed Successfully"
}
20:39:02.106 [main] INFO  utilities.MyCustomListener - 
        __    _____ _____ ____ _____   ____   _    ____  ____  _____ ____  
  _     \ \  |_   _| ____/ ___|_   _| |  _ \ / \  / ___|/ ___|| ____|  _ \ 
 (_)_____| |   | | |  _| \___ \ | |   | |_) / _ \ \___ \\___ \|  _| | | | |
  _|_____| |   | | | |___ ___) || |   |  __/ ___ \ ___) |___) | |___| |_| |
 (_)     | |   |_| |_____|____/ |_|   |_| /_/   \_\____/|____/|_____|____/ 
        /_/                                                                

TEST PASSED: 3 Verify the Order API, whether able to create a new order 
----------------------------------------------------------------------
20:39:02.107 [main] INFO  stepDefinitions.Hooks - Entered after scenario
20:39:02.108 [main] INFO  utilities.MyCustomListener - Test finished outcome:: Duration:1, Result:PASSED, Feature:EndtoEnd_E_commerce.feature, StartTime:2025-03-28T20:39:00.520+05:30[Asia/Calcutta], TestFailedStep:0, TestFailedStepLine:null, FailureCause:null
20:39:02.174 [main] INFO  factory.DBConnection - Execution of the query: 'INSERT INTO Auto_Run_Dtls (Run_Id, Run_Region, Scenario, Feature, Module, Run_Date, Duration, Status, Failure_Cause)  
VALUES ((Select MAX(Run_id) from Auto_Run_Stat), 'QA', '3 Verify the Order API, whether able to create a new order', 'EndtoEnd_E_commerce.feature', 'EcommerceAPI', '2025-03-28', 1, 'PASSED', '')' is successful with number of rows updated: 1
20:39:02.241 [main] INFO  stepDefinitions.Hooks - Entered before scenario
20:39:02.241 [main] INFO  utilities.MyCustomListener - 
 _____ _____ ____ _____   ____ _____  _    ____ _____ _____ ____  
|_   _| ____/ ___|_   _| / ___|_   _|/ \  |  _ \_   _| ____|  _ \ 
  | | |  _| \___ \ | |   \___ \ | | / _ \ | |_) || | |  _| | | | |
  | | | |___ ___) || |    ___) || |/ ___ \|  _ < | | | |___| |_| |
  |_| |_____|____/ |_|   |____/ |_/_/   \_\_| \_\|_| |_____|____/ 

TEST STARTED: 4 Verify the Order Detail API, whether able to fetch order details 
----------------------------------------------------------------------(src/test/resources/features/EcommerceAPI/EndtoEnd_E_commerce.feature; 4 Verify the Order Detail API, whether able to fetch order details)
20:39:02.263 [main] INFO  utilities.BaseClass - List of header's: 
{Authorization=eyJhbGciOiJIUzI1NiIsInR5cCI6IkpXVCJ9.eyJfaWQiOiI2M2E5Y2RlMTAzODQxZTljOWE2MGQ0YjgiLCJ1c2VyRW1haWwiOiJwb3N0bWFuNTVAZ21haWwuY29tIiwidXNlck1vYmlsZSI6MTIzNDU2Nzg5MCwidXNlclJvbGUiOiJjdXN0b21lciIsImlhdCI6MTc0MzE3NDUzMiwiZXhwIjoxNzc0NzMyMTMyfQ.y5LGe-O9crS8QpQKoeRjpvrwHCcFY_4JUY3OU31gsKg, Content-Type=application/json}
20:39:02.314 [main] INFO  utilities.BaseClass - List of query param's: 
{id=67e6bb8ac019fb1ad63dede5}
20:39:02.322 [main] INFO  utilities.BaseClass - RestAPI url: https://rahulshettyacademy.com/api/ecom/order/get-orders-details
20:39:02.515 [main] INFO  utilities.BaseClass - Response code: 200
20:39:02.519 [main] INFO  utilities.BaseClass - Response: {
    "data": {
        "_id": "67e6bb8ac019fb1ad63dede5",
        "orderById": "63a9cde103841e9c9a60d4b8",
        "orderBy": "postman55@gmail.com",
        "productOrderedId": "67e6bb88c019fb1ad63dede1",
        "productName": "T-shirt_191",
        "country": "India",
        "productDescription": "Addias Originals",
        "productImage": "https://rahulshettyacademy.com/api/ecom/uploads/productImage_1743174536002.jpg",
        "orderPrice": "1500",
        "__v": 0
    },
    "message": "Orders fetched for customer Successfully"
}
20:39:02.629 [main] INFO  utilities.MyCustomListener - 
        __    _____ _____ ____ _____   ____   _    ____  ____  _____ ____  
  _     \ \  |_   _| ____/ ___|_   _| |  _ \ / \  / ___|/ ___|| ____|  _ \ 
 (_)_____| |   | | |  _| \___ \ | |   | |_) / _ \ \___ \\___ \|  _| | | | |
  _|_____| |   | | | |___ ___) || |   |  __/ ___ \ ___) |___) | |___| |_| |
 (_)     | |   |_| |_____|____/ |_|   |_| /_/   \_\____/|____/|_____|____/ 
        /_/                                                                

TEST PASSED: 4 Verify the Order Detail API, whether able to fetch order details 
----------------------------------------------------------------------
20:39:02.629 [main] INFO  stepDefinitions.Hooks - Entered after scenario
20:39:02.630 [main] INFO  utilities.MyCustomListener - Test finished outcome:: Duration:0, Result:PASSED, Feature:EndtoEnd_E_commerce.feature, StartTime:2025-03-28T20:39:02.211+05:30[Asia/Calcutta], TestFailedStep:0, TestFailedStepLine:null, FailureCause:null
20:39:02.716 [main] INFO  factory.DBConnection - Execution of the query: 'INSERT INTO Auto_Run_Dtls (Run_Id, Run_Region, Scenario, Feature, Module, Run_Date, Duration, Status, Failure_Cause)  
VALUES ((Select MAX(Run_id) from Auto_Run_Stat), 'QA', '4 Verify the Order Detail API, whether able to fetch order details', 'EndtoEnd_E_commerce.feature', 'EcommerceAPI', '2025-03-28', 0, 'PASSED', '')' is successful with number of rows updated: 1
20:39:02.773 [main] INFO  stepDefinitions.Hooks - Entered before scenario
20:39:02.773 [main] INFO  utilities.MyCustomListener - 
 _____ _____ ____ _____   ____ _____  _    ____ _____ _____ ____  
|_   _| ____/ ___|_   _| / ___|_   _|/ \  |  _ \_   _| ____|  _ \ 
  | | |  _| \___ \ | |   \___ \ | | / _ \ | |_) || | |  _| | | | |
  | | | |___ ___) || |    ___) || |/ ___ \|  _ < | | | |___| |_| |
  |_| |_____|____/ |_|   |____/ |_/_/   \_\_| \_\|_| |_____|____/ 

TEST STARTED: 5 Verify the Order Delete API, whether able to delete order 
----------------------------------------------------------------------(src/test/resources/features/EcommerceAPI/EndtoEnd_E_commerce.feature; 5 Verify the Order Delete API, whether able to delete order)
20:39:02.787 [main] INFO  utilities.BaseClass - List of header's: 
{Authorization=eyJhbGciOiJIUzI1NiIsInR5cCI6IkpXVCJ9.eyJfaWQiOiI2M2E5Y2RlMTAzODQxZTljOWE2MGQ0YjgiLCJ1c2VyRW1haWwiOiJwb3N0bWFuNTVAZ21haWwuY29tIiwidXNlck1vYmlsZSI6MTIzNDU2Nzg5MCwidXNlclJvbGUiOiJjdXN0b21lciIsImlhdCI6MTc0MzE3NDUzMiwiZXhwIjoxNzc0NzMyMTMyfQ.y5LGe-O9crS8QpQKoeRjpvrwHCcFY_4JUY3OU31gsKg, Content-Type=application/json}
20:39:02.803 [main] INFO  utilities.BaseClass - List of path param's: 
{OrderId=67e6bb8ac019fb1ad63dede5}
20:39:02.813 [main] INFO  utilities.BaseClass - RestAPI url: https://rahulshettyacademy.com/api/ecom/order/delete-order/{OrderId}
20:39:04.081 [main] INFO  utilities.BaseClass - Response code: 200
20:39:04.083 [main] INFO  utilities.BaseClass - Response: {
    "message": "Orders Deleted Successfully"
}
20:39:04.122 [main] INFO  utilities.MyCustomListener - 
        __    _____ _____ ____ _____   ____   _    ____  ____  _____ ____  
  _     \ \  |_   _| ____/ ___|_   _| |  _ \ / \  / ___|/ ___|| ____|  _ \ 
 (_)_____| |   | | |  _| \___ \ | |   | |_) / _ \ \___ \\___ \|  _| | | | |
  _|_____| |   | | | |___ ___) || |   |  __/ ___ \ ___) |___) | |___| |_| |
 (_)     | |   |_| |_____|____/ |_|   |_| /_/   \_\____/|____/|_____|____/ 
        /_/                                                                

TEST PASSED: 5 Verify the Order Delete API, whether able to delete order 
----------------------------------------------------------------------
20:39:04.122 [main] INFO  stepDefinitions.Hooks - Entered after scenario
20:39:04.123 [main] INFO  utilities.MyCustomListener - Test finished outcome:: Duration:1, Result:PASSED, Feature:EndtoEnd_E_commerce.feature, StartTime:2025-03-28T20:39:02.752+05:30[Asia/Calcutta], TestFailedStep:0, TestFailedStepLine:null, FailureCause:null
20:39:04.243 [main] INFO  factory.DBConnection - Execution of the query: 'INSERT INTO Auto_Run_Dtls (Run_Id, Run_Region, Scenario, Feature, Module, Run_Date, Duration, Status, Failure_Cause)  
VALUES ((Select MAX(Run_id) from Auto_Run_Stat), 'QA', '5 Verify the Order Delete API, whether able to delete order', 'EndtoEnd_E_commerce.feature', 'EcommerceAPI', '2025-03-28', 1, 'PASSED', '')' is successful with number of rows updated: 1
20:39:04.324 [main] INFO  stepDefinitions.Hooks - Entered before scenario
20:39:04.324 [main] INFO  utilities.MyCustomListener - 
 _____ _____ ____ _____   ____ _____  _    ____ _____ _____ ____  
|_   _| ____/ ___|_   _| / ___|_   _|/ \  |  _ \_   _| ____|  _ \ 
  | | |  _| \___ \ | |   \___ \ | | / _ \ | |_) || | |  _| | | | |
  | | | |___ ___) || |    ___) || |/ ___ \|  _ < | | | |___| |_| |
  |_| |_____|____/ |_|   |____/ |_/_/   \_\_| \_\|_| |_____|____/ 

TEST STARTED: 6 Verify the Product Delete API, whether able to delete product 
----------------------------------------------------------------------(src/test/resources/features/EcommerceAPI/EndtoEnd_E_commerce.feature; 6 Verify the Product Delete API, whether able to delete product)
20:39:04.340 [main] INFO  utilities.BaseClass - List of header's: 
{Authorization=eyJhbGciOiJIUzI1NiIsInR5cCI6IkpXVCJ9.eyJfaWQiOiI2M2E5Y2RlMTAzODQxZTljOWE2MGQ0YjgiLCJ1c2VyRW1haWwiOiJwb3N0bWFuNTVAZ21haWwuY29tIiwidXNlck1vYmlsZSI6MTIzNDU2Nzg5MCwidXNlclJvbGUiOiJjdXN0b21lciIsImlhdCI6MTc0MzE3NDUzMiwiZXhwIjoxNzc0NzMyMTMyfQ.y5LGe-O9crS8QpQKoeRjpvrwHCcFY_4JUY3OU31gsKg, Content-Type=application/json}
20:39:04.356 [main] INFO  utilities.BaseClass - List of path param's: 
{productId=67e6bb88c019fb1ad63dede1}
20:39:04.366 [main] INFO  utilities.BaseClass - RestAPI url: https://rahulshettyacademy.com/api/ecom/product/delete-product/{productId}
20:39:04.668 [main] INFO  utilities.BaseClass - Response code: 200
20:39:04.669 [main] INFO  utilities.BaseClass - Response: {
    "message": "Product Deleted Successfully"
}
20:39:04.748 [main] INFO  utilities.MyCustomListener - 
        __    _____ _____ ____ _____   ____   _    ____  ____  _____ ____  
  _     \ \  |_   _| ____/ ___|_   _| |  _ \ / \  / ___|/ ___|| ____|  _ \ 
 (_)_____| |   | | |  _| \___ \ | |   | |_) / _ \ \___ \\___ \|  _| | | | |
  _|_____| |   | | | |___ ___) || |   |  __/ ___ \ ___) |___) | |___| |_| |
 (_)     | |   |_| |_____|____/ |_|   |_| /_/   \_\____/|____/|_____|____/ 
        /_/                                                                

TEST PASSED: 6 Verify the Product Delete API, whether able to delete product 
----------------------------------------------------------------------
20:39:04.748 [main] INFO  stepDefinitions.Hooks - Entered after scenario
20:39:04.749 [main] INFO  utilities.MyCustomListener - Test finished outcome:: Duration:0, Result:PASSED, Feature:EndtoEnd_E_commerce.feature, StartTime:2025-03-28T20:39:04.296+05:30[Asia/Calcutta], TestFailedStep:0, TestFailedStepLine:null, FailureCause:null
20:39:04.913 [main] INFO  factory.DBConnection - Execution of the query: 'INSERT INTO Auto_Run_Dtls (Run_Id, Run_Region, Scenario, Feature, Module, Run_Date, Duration, Status, Failure_Cause)  
VALUES ((Select MAX(Run_id) from Auto_Run_Stat), 'QA', '6 Verify the Product Delete API, whether able to delete product', 'EndtoEnd_E_commerce.feature', 'EcommerceAPI', '2025-03-28', 0, 'PASSED', '')' is successful with number of rows updated: 1
20:39:04.943 [main] INFO  utilities.MyCustomListener - Global & Input values are cleared before feature started: placeValidations.feature
20:39:04.986 [main] INFO  stepDefinitions.Hooks - Entered before scenario
20:39:04.987 [main] INFO  utilities.MyCustomListener - 
 _____ _____ ____ _____   ____ _____  _    ____ _____ _____ ____  
|_   _| ____/ ___|_   _| / ___|_   _|/ \  |  _ \_   _| ____|  _ \ 
  | | |  _| \___ \ | |   \___ \ | | / _ \ | |_) || | |  _| | | | |
  | | | |___ ___) || |    ___) || |/ ___ \|  _ < | | | |___| |_| |
  |_| |_____|____/ |_|   |____/ |_/_/   \_\_| \_\|_| |_____|____/ 

TEST STARTED: 1 Verify if place being successfully added using AddPlaceAPI 
----------------------------------------------------------------------(src/test/resources/features/GoogleAPI/placeValidations.feature; 1 Verify if place being successfully added using AddPlaceAPI)
20:39:05.004 [main] INFO  utilities.BaseClass - List of header's: 
{Accept=*/*, Content-Type=application/json}
20:39:05.012 [main] INFO  utilities.BaseClass - List of query param's: 
{key=qaclick123}
20:39:05.050 [main] INFO  utilities.BaseClass -     "lat": {$latitude},
20:39:05.051 [main] INFO  utilities.BaseClass -     "lng": {$longitude}
20:39:05.051 [main] INFO  utilities.BaseClass -   "name": "{$name}",
20:39:05.052 [main] INFO  utilities.BaseClass -   "address": "{$address}",
20:39:05.052 [main] INFO  utilities.BaseClass -     "{$side layout}"
20:39:05.052 [main] INFO  utilities.BaseClass -   "language": "{$language}"
20:39:05.052 [main] INFO  utilities.BaseClass - RestAPI url: https://rahulshettyacademy.com/maps/api/place/add/json
20:39:05.277 [main] INFO  utilities.BaseClass - Rest Request: 
{
  "location": {
    "lat": -31.388192,
    "lng": 37.589062
  },
  "accuracy": 50,
  "name": "atest",
  "phone_number": "(+91) 983 893 3937",
  "address": "Maratahalli, Bangalore",
  "types": [
    "shoe park",
    "shop"
  ],
  "website": "http://google.com",
  "language": "India-IND"
}

20:39:05.300 [main] INFO  utilities.BaseClass - Response code: 200
20:39:05.305 [main] INFO  utilities.BaseClass - Response: {
    "status": "OK",
    "place_id": "c19fb21650f1b52011d31f59ef7f2410",
    "scope": "APP",
    "reference": "cdf3d03f882ae53740a26adcbc1da817cdf3d03f882ae53740a26adcbc1da817",
    "id": "cdf3d03f882ae53740a26adcbc1da817"
}
20:39:05.477 [main] INFO  utilities.MyCustomListener - 
        __    _____ _____ ____ _____   ____   _    ____  ____  _____ ____  
  _     \ \  |_   _| ____/ ___|_   _| |  _ \ / \  / ___|/ ___|| ____|  _ \ 
 (_)_____| |   | | |  _| \___ \ | |   | |_) / _ \ \___ \\___ \|  _| | | | |
  _|_____| |   | | | |___ ___) || |   |  __/ ___ \ ___) |___) | |___| |_| |
 (_)     | |   |_| |_____|____/ |_|   |_| /_/   \_\____/|____/|_____|____/ 
        /_/                                                                

TEST PASSED: 1 Verify if place being successfully added using AddPlaceAPI 
----------------------------------------------------------------------
20:39:05.478 [main] INFO  stepDefinitions.Hooks - Entered after scenario
20:39:05.479 [main] INFO  utilities.MyCustomListener - Test finished outcome:: Duration:0, Result:PASSED, Feature:placeValidations.feature, StartTime:2025-03-28T20:39:04.957+05:30[Asia/Calcutta], TestFailedStep:0, TestFailedStepLine:null, FailureCause:null
20:39:05.548 [main] INFO  factory.DBConnection - Execution of the query: 'INSERT INTO Auto_Run_Dtls (Run_Id, Run_Region, Scenario, Feature, Module, Run_Date, Duration, Status, Failure_Cause)  
VALUES ((Select MAX(Run_id) from Auto_Run_Stat), 'QA', '1 Verify if place being successfully added using AddPlaceAPI', 'placeValidations.feature', 'GoogleAPI', '2025-03-28', 0, 'PASSED', '')' is successful with number of rows updated: 1
20:39:05.595 [main] INFO  stepDefinitions.Hooks - Entered before scenario
20:39:05.595 [main] INFO  utilities.MyCustomListener - 
 _____ _____ ____ _____   ____ _____  _    ____ _____ _____ ____  
|_   _| ____/ ___|_   _| / ___|_   _|/ \  |  _ \_   _| ____|  _ \ 
  | | |  _| \___ \ | |   \___ \ | | / _ \ | |_) || | |  _| | | | |
  | | | |___ ___) || |    ___) || |/ ___ \|  _ < | | | |___| |_| |
  |_| |_____|____/ |_|   |____/ |_/_/   \_\_| \_\|_| |_____|____/ 

TEST STARTED: 2 Verify if place details fetching successfully by GetPlaceAPI 
----------------------------------------------------------------------(src/test/resources/features/GoogleAPI/placeValidations.feature; 2 Verify if place details fetching successfully by GetPlaceAPI)
20:39:05.604 [main] INFO  utilities.BaseClass - List of query param's: 
{key=qaclick123, place_id=c19fb21650f1b52011d31f59ef7f2410}
20:39:05.611 [main] INFO  utilities.BaseClass - RestAPI url: https://rahulshettyacademy.com/maps/api/place/get/json
20:39:07.514 [main] INFO  utilities.BaseClass - Response code: 200
20:39:07.522 [main] INFO  utilities.BaseClass - Response: {
    "location": {
        "latitude": "-31.388192",
        "longitude": "37.589062"
    },
    "accuracy": "50",
    "name": "atest",
    "phone_number": "(+91) 983 893 3937",
    "address": "Maratahalli, Bangalore",
    "types": "shoe park,shop",
    "website": "http://google.com",
    "language": "India-IND"
}
20:39:07.675 [main] INFO  utilities.MyCustomListener - 
        __    _____ _____ ____ _____   ____   _    ____  ____  _____ ____  
  _     \ \  |_   _| ____/ ___|_   _| |  _ \ / \  / ___|/ ___|| ____|  _ \ 
 (_)_____| |   | | |  _| \___ \ | |   | |_) / _ \ \___ \\___ \|  _| | | | |
  _|_____| |   | | | |___ ___) || |   |  __/ ___ \ ___) |___) | |___| |_| |
 (_)     | |   |_| |_____|____/ |_|   |_| /_/   \_\____/|____/|_____|____/ 
        /_/                                                                

TEST PASSED: 2 Verify if place details fetching successfully by GetPlaceAPI 
----------------------------------------------------------------------
20:39:07.676 [main] INFO  stepDefinitions.Hooks - Entered after scenario
20:39:07.678 [main] INFO  utilities.MyCustomListener - Test finished outcome:: Duration:2, Result:PASSED, Feature:placeValidations.feature, StartTime:2025-03-28T20:39:05.577+05:30[Asia/Calcutta], TestFailedStep:0, TestFailedStepLine:null, FailureCause:null
20:39:07.746 [main] INFO  factory.DBConnection - Execution of the query: 'INSERT INTO Auto_Run_Dtls (Run_Id, Run_Region, Scenario, Feature, Module, Run_Date, Duration, Status, Failure_Cause)  
VALUES ((Select MAX(Run_id) from Auto_Run_Stat), 'QA', '2 Verify if place details fetching successfully by GetPlaceAPI', 'placeValidations.feature', 'GoogleAPI', '2025-03-28', 2, 'PASSED', '')' is successful with number of rows updated: 1
20:39:07.797 [main] INFO  stepDefinitions.Hooks - Entered before scenario
20:39:07.798 [main] INFO  utilities.MyCustomListener - 
 _____ _____ ____ _____   ____ _____  _    ____ _____ _____ ____  
|_   _| ____/ ___|_   _| / ___|_   _|/ \  |  _ \_   _| ____|  _ \ 
  | | |  _| \___ \ | |   \___ \ | | / _ \ | |_) || | |  _| | | | |
  | | | |___ ___) || |    ___) || |/ ___ \|  _ < | | | |___| |_| |
  |_| |_____|____/ |_|   |____/ |_/_/   \_\_| \_\|_| |_____|____/ 

TEST STARTED: 3 Verify if place details fetching successfully by UpdatePlaceAPI 
----------------------------------------------------------------------(src/test/resources/features/GoogleAPI/placeValidations.feature; 3 Verify if place details fetching successfully by UpdatePlaceAPI)
20:39:07.811 [main] INFO  utilities.BaseClass - List of query param's: 
{key=qaclick123}
20:39:07.837 [main] INFO  utilities.BaseClass - "place_id":"{$place_id}",
20:39:07.837 [main] INFO  utilities.BaseClass - "address":"{$address}",
20:39:07.837 [main] INFO  utilities.BaseClass - "key":"{$key}"
20:39:07.838 [main] INFO  utilities.BaseClass - RestAPI url: https://rahulshettyacademy.com/maps/api/place/update/json
20:39:10.257 [main] INFO  utilities.BaseClass - Rest Request: 
{
"place_id":"c19fb21650f1b52011d31f59ef7f2410",
"address":"HSR Layout",
"key":"qaclick123"
}

20:39:10.271 [main] INFO  utilities.BaseClass - Response code: 200
20:39:10.273 [main] INFO  utilities.BaseClass - Response: {
    "msg": "Address successfully updated"
}
20:39:10.315 [main] INFO  utilities.MyCustomListener - 
        __    _____ _____ ____ _____   ____   _    ____  ____  _____ ____  
  _     \ \  |_   _| ____/ ___|_   _| |  _ \ / \  / ___|/ ___|| ____|  _ \ 
 (_)_____| |   | | |  _| \___ \ | |   | |_) / _ \ \___ \\___ \|  _| | | | |
  _|_____| |   | | | |___ ___) || |   |  __/ ___ \ ___) |___) | |___| |_| |
 (_)     | |   |_| |_____|____/ |_|   |_| /_/   \_\____/|____/|_____|____/ 
        /_/                                                                

TEST PASSED: 3 Verify if place details fetching successfully by UpdatePlaceAPI 
----------------------------------------------------------------------
20:39:10.315 [main] INFO  stepDefinitions.Hooks - Entered after scenario
20:39:10.318 [main] INFO  utilities.MyCustomListener - Test finished outcome:: Duration:2, Result:PASSED, Feature:placeValidations.feature, StartTime:2025-03-28T20:39:07.779+05:30[Asia/Calcutta], TestFailedStep:0, TestFailedStepLine:null, FailureCause:null
20:39:10.466 [main] INFO  factory.DBConnection - Execution of the query: 'INSERT INTO Auto_Run_Dtls (Run_Id, Run_Region, Scenario, Feature, Module, Run_Date, Duration, Status, Failure_Cause)  
VALUES ((Select MAX(Run_id) from Auto_Run_Stat), 'QA', '3 Verify if place details fetching successfully by UpdatePlaceAPI', 'placeValidations.feature', 'GoogleAPI', '2025-03-28', 2, 'PASSED', '')' is successful with number of rows updated: 1
20:39:10.526 [main] INFO  stepDefinitions.Hooks - Entered before scenario
20:39:10.526 [main] INFO  utilities.MyCustomListener - 
 _____ _____ ____ _____   ____ _____  _    ____ _____ _____ ____  
|_   _| ____/ ___|_   _| / ___|_   _|/ \  |  _ \_   _| ____|  _ \ 
  | | |  _| \___ \ | |   \___ \ | | / _ \ | |_) || | |  _| | | | |
  | | | |___ ___) || |    ___) || |/ ___ \|  _ < | | | |___| |_| |
  |_| |_____|____/ |_|   |____/ |_/_/   \_\_| \_\|_| |_____|____/ 

TEST STARTED: 4 Verify if place details fetching successfully by DeletePlaceAPI 
----------------------------------------------------------------------(src/test/resources/features/GoogleAPI/placeValidations.feature; 4 Verify if place details fetching successfully by DeletePlaceAPI)
20:39:10.541 [main] INFO  utilities.BaseClass - List of query param's: 
{key=qaclick123}
20:39:10.572 [main] INFO  utilities.BaseClass -     "place_id":"{$place_id}"
20:39:10.573 [main] INFO  utilities.BaseClass - RestAPI url: https://rahulshettyacademy.com/maps/api/place/delete/json
20:39:13.231 [main] INFO  utilities.BaseClass - Rest Request: 
{
    "place_id":"c19fb21650f1b52011d31f59ef7f2410"
}

20:39:13.253 [main] INFO  utilities.BaseClass - Response code: 200
20:39:13.256 [main] INFO  utilities.BaseClass - Response: {
    "status": "OK"
}
20:39:13.310 [main] INFO  utilities.MyCustomListener - 
        __    _____ _____ ____ _____   ____   _    ____  ____  _____ ____  
  _     \ \  |_   _| ____/ ___|_   _| |  _ \ / \  / ___|/ ___|| ____|  _ \ 
 (_)_____| |   | | |  _| \___ \ | |   | |_) / _ \ \___ \\___ \|  _| | | | |
  _|_____| |   | | | |___ ___) || |   |  __/ ___ \ ___) |___) | |___| |_| |
 (_)     | |   |_| |_____|____/ |_|   |_| /_/   \_\____/|____/|_____|____/ 
        /_/                                                                

TEST PASSED: 4 Verify if place details fetching successfully by DeletePlaceAPI 
----------------------------------------------------------------------
20:39:13.310 [main] INFO  stepDefinitions.Hooks - Entered after scenario
20:39:13.311 [main] INFO  utilities.MyCustomListener - Test finished outcome:: Duration:2, Result:PASSED, Feature:placeValidations.feature, StartTime:2025-03-28T20:39:10.502+05:30[Asia/Calcutta], TestFailedStep:0, TestFailedStepLine:null, FailureCause:null
20:39:13.449 [main] INFO  factory.DBConnection - Execution of the query: 'INSERT INTO Auto_Run_Dtls (Run_Id, Run_Region, Scenario, Feature, Module, Run_Date, Duration, Status, Failure_Cause)  
VALUES ((Select MAX(Run_id) from Auto_Run_Stat), 'QA', '4 Verify if place details fetching successfully by DeletePlaceAPI', 'placeValidations.feature', 'GoogleAPI', '2025-03-28', 2, 'PASSED', '')' is successful with number of rows updated: 1
20:39:13.475 [main] INFO  stepDefinitions.Hooks - ===================== Run Statistics =====================
20:39:13.475 [main] INFO  stepDefinitions.Hooks - Automation Suit Completed on QA environment
20:39:13.477 [main] INFO  utilities.MyCustomListener - Automation Suite Finished at: 2025-03-28 20:39:13
20:39:13.477 [main] INFO  utilities.MyCustomListener - Run Duration: 0h 0m 24s
20:39:13.477 [main] INFO  utilities.MyCustomListener - Run status: PASSED
13:13:17.457 [main] INFO  utilities.MyCustomListener - 
    _     __  __  _______   ___   ____   ____     _   _______  _   ___   ____    _                 
   / \   | |  | ||__   __| / _ \ | |\ \ / /| |   / \ |__   __|| | / - \ | |\ \  | |    
  / _ \  | |  | |   | |   | / \ || |  \_/  | |  / _ \   | |   | || / \ || | \ \ | |     
 / ___ \ | \__/ |   | |   | \_/ || |       | | / --- \  | |   | || \_/ || |  \ \| |     
/_/   \_\ \____/    |_|    \___/ |_|       |_|/_/   \_\ |_|   |_| \___/ |_|   \__/     
--------------------------------------------------------------------------------------------
13:13:17.485 [main] INFO  utilities.MyCustomListener - Automation Suite Started at: 2025-03-29 13:13:17
13:13:17.621 [main] INFO  factory.ReadConfigFiles - configuration properties loaded successfully from: E:\Jenkins\RestAssured_Cucumber_Serenity//configure.properties
13:13:17.638 [main] INFO  factory.ReadConfigFiles - API endpoints properties loaded successfully from: E:\Jenkins\RestAssured_Cucumber_Serenity//src//test//resources//properties//restAPIDetails.properties
13:13:17.638 [main] INFO  stepDefinitions.Hooks - Automation Suit Started on QA environment
13:13:17.649 [main] INFO  utilities.MyCustomListener - Global & Input values are cleared before feature started: EndtoEnd_E_commerce.feature
13:13:18.033 [main] INFO  utilities.MyCustomListener - Global & Input values are cleared before feature started: placeValidations.feature
13:13:18.055 [main] INFO  utilities.MyCustomListener - Global & Input values are cleared before feature started: EndtoEnd_E_commerce.feature
13:13:18.807 [main] INFO  stepDefinitions.Hooks - Entered before scenario
13:13:18.807 [main] INFO  utilities.MyCustomListener - 
 _____ _____ ____ _____   ____ _____  _    ____ _____ _____ ____  
|_   _| ____/ ___|_   _| / ___|_   _|/ \  |  _ \_   _| ____|  _ \ 
  | | |  _| \___ \ | |   \___ \ | | / _ \ | |_) || | |  _| | | | |
  | | | |___ ___) || |    ___) || |/ ___ \|  _ < | | | |___| |_| |
  |_| |_____|____/ |_|   |____/ |_/_/   \_\_| \_\|_| |_____|____/ 

TEST STARTED: 1 Verify the login API, whether able to login 
----------------------------------------------------------------------(src/test/resources/features/EcommerceAPI/EndtoEnd_E_commerce.feature; 1 Verify the login API, whether able to login)
13:13:20.010 [main] INFO  utilities.BaseClass - List of header's: 
{Content-Type=application/json}
13:13:20.039 [main] INFO  utilities.BaseClass -     "userEmail": "{$userEmail}",
13:13:20.039 [main] INFO  utilities.BaseClass -     "userPassword": "{$password}"
13:13:20.044 [main] INFO  utilities.BaseClass - RestAPI url: https://rahulshettyacademy.com/api/ecom/auth/login
13:13:23.172 [main] INFO  utilities.BaseClass - Rest Request: 
{
    "userEmail": "postman55@gmail.com",
    "userPassword": "Naidu@117"
}

13:13:23.189 [main] INFO  utilities.BaseClass - Response code: 200
13:13:23.343 [main] INFO  utilities.BaseClass - Response: {
    "token": "eyJhbGciOiJIUzI1NiIsInR5cCI6IkpXVCJ9.eyJfaWQiOiI2M2E5Y2RlMTAzODQxZTljOWE2MGQ0YjgiLCJ1c2VyRW1haWwiOiJwb3N0bWFuNTVAZ21haWwuY29tIiwidXNlck1vYmlsZSI6MTIzNDU2Nzg5MCwidXNlclJvbGUiOiJjdXN0b21lciIsImlhdCI6MTc0MzIzNDIwMCwiZXhwIjoxNzc0NzkxODAwfQ.ulyMRixTDlCk4cMCVzegyG5DNfPcAjNlEj-BQsmNMvM",
    "userId": "63a9cde103841e9c9a60d4b8",
    "message": "Login Successfully"
}
13:13:25.091 [main] INFO  utilities.MyCustomListener - 
        __    _____ _____ ____ _____   ____   _    ____  ____  _____ ____  
  _     \ \  |_   _| ____/ ___|_   _| |  _ \ / \  / ___|/ ___|| ____|  _ \ 
 (_)_____| |   | | |  _| \___ \ | |   | |_) / _ \ \___ \\___ \|  _| | | | |
  _|_____| |   | | | |___ ___) || |   |  __/ ___ \ ___) |___) | |___| |_| |
 (_)     | |   |_| |_____|____/ |_|   |_| /_/   \_\____/|____/|_____|____/ 
        /_/                                                                

TEST PASSED: 1 Verify the login API, whether able to login 
----------------------------------------------------------------------
13:13:25.091 [main] INFO  stepDefinitions.Hooks - Entered after scenario
13:13:25.106 [main] INFO  utilities.MyCustomListener - Test finished outcome:: Duration:6, Result:PASSED, Feature:EndtoEnd_E_commerce.feature, StartTime:2025-03-29T13:13:18.220+05:30[Asia/Calcutta], TestFailedStep:0, TestFailedStepLine:null, FailureCause:null
13:13:25.593 [main] ERROR factory.DBConnection - Error in connecting to the database: Communications link failure

The last packet sent successfully to the server was 0 milliseconds ago. The driver has not received any packets from the server.
13:13:25.593 [main] INFO  factory.DBConnection - Execution of the query: 'INSERT INTO Auto_Run_Dtls (Run_Id, Run_Region, Scenario, Feature, Module, Run_Date, Duration, Status, Failure_Cause)  
VALUES ((Select MAX(Run_id) from Auto_Run_Stat), 'QA', '1 Verify the login API, whether able to login', 'EndtoEnd_E_commerce.feature', 'EcommerceAPI', '2025-03-29', 6, 'PASSED', '')' is successful with number of rows updated: 0
13:13:25.740 [main] INFO  stepDefinitions.Hooks - Entered before scenario
13:13:25.742 [main] INFO  utilities.MyCustomListener - 
 _____ _____ ____ _____   ____ _____  _    ____ _____ _____ ____  
|_   _| ____/ ___|_   _| / ___|_   _|/ \  |  _ \_   _| ____|  _ \ 
  | | |  _| \___ \ | |   \___ \ | | / _ \ | |_) || | |  _| | | | |
  | | | |___ ___) || |    ___) || |/ ___ \|  _ < | | | |___| |_| |
  |_| |_____|____/ |_|   |____/ |_/_/   \_\_| \_\|_| |_____|____/ 

TEST STARTED: 2 Verify the Product API, whether able to create a new product 
----------------------------------------------------------------------(src/test/resources/features/EcommerceAPI/EndtoEnd_E_commerce.feature; 2 Verify the Product API, whether able to create a new product)
13:13:25.743 [main] INFO  utilities.BaseClass - List of header's: 
{Authorization=eyJhbGciOiJIUzI1NiIsInR5cCI6IkpXVCJ9.eyJfaWQiOiI2M2E5Y2RlMTAzODQxZTljOWE2MGQ0YjgiLCJ1c2VyRW1haWwiOiJwb3N0bWFuNTVAZ21haWwuY29tIiwidXNlck1vYmlsZSI6MTIzNDU2Nzg5MCwidXNlclJvbGUiOiJjdXN0b21lciIsImlhdCI6MTc0MzIzNDIwMCwiZXhwIjoxNzc0NzkxODAwfQ.ulyMRixTDlCk4cMCVzegyG5DNfPcAjNlEj-BQsmNMvM, Content-Type=multipart/form-data}
13:13:25.757 [main] ERROR Loader.class - Global value for key 'productImage-file' is null
13:13:25.774 [main] INFO  utilities.BaseClass - List of form-data: 
{productImage-file=./src/test/resources/images/productImage.jpg, productSubCategory=shirts, productFor=women, productName=T-shirt_191, productPrice=1500, productDescription=Addias Originals, productAddedBy=63a9cde103841e9c9a60d4b8, productCategory=fashion}
13:13:25.774 [main] INFO  utilities.BaseClass - RestAPI url: https://rahulshettyacademy.com/api/ecom/product/add-product
13:13:26.312 [main] INFO  utilities.BaseClass - Response code: 201
13:13:26.312 [main] INFO  utilities.BaseClass - Response: {
    "productId": "67e7a49bc019fb1ad63ea8d4",
    "message": "Product Added Successfully"
}
13:13:26.456 [main] INFO  utilities.MyCustomListener - 
        __    _____ _____ ____ _____   ____   _    ____  ____  _____ ____  
  _     \ \  |_   _| ____/ ___|_   _| |  _ \ / \  / ___|/ ___|| ____|  _ \ 
 (_)_____| |   | | |  _| \___ \ | |   | |_) / _ \ \___ \\___ \|  _| | | | |
  _|_____| |   | | | |___ ___) || |   |  __/ ___ \ ___) |___) | |___| |_| |
 (_)     | |   |_| |_____|____/ |_|   |_| /_/   \_\____/|____/|_____|____/ 
        /_/                                                                

TEST PASSED: 2 Verify the Product API, whether able to create a new product 
----------------------------------------------------------------------
13:13:26.457 [main] INFO  stepDefinitions.Hooks - Entered after scenario
13:13:26.457 [main] INFO  utilities.MyCustomListener - Test finished outcome:: Duration:0, Result:PASSED, Feature:EndtoEnd_E_commerce.feature, StartTime:2025-03-29T13:13:25.679+05:30[Asia/Calcutta], TestFailedStep:0, TestFailedStepLine:null, FailureCause:null
13:13:26.469 [main] ERROR factory.DBConnection - Error in connecting to the database: Communications link failure

The last packet sent successfully to the server was 0 milliseconds ago. The driver has not received any packets from the server.
13:13:26.469 [main] INFO  factory.DBConnection - Execution of the query: 'INSERT INTO Auto_Run_Dtls (Run_Id, Run_Region, Scenario, Feature, Module, Run_Date, Duration, Status, Failure_Cause)  
VALUES ((Select MAX(Run_id) from Auto_Run_Stat), 'QA', '2 Verify the Product API, whether able to create a new product', 'EndtoEnd_E_commerce.feature', 'EcommerceAPI', '2025-03-29', 0, 'PASSED', '')' is successful with number of rows updated: 0
13:13:26.525 [main] INFO  stepDefinitions.Hooks - Entered before scenario
13:13:26.541 [main] INFO  utilities.MyCustomListener - 
 _____ _____ ____ _____   ____ _____  _    ____ _____ _____ ____  
|_   _| ____/ ___|_   _| / ___|_   _|/ \  |  _ \_   _| ____|  _ \ 
  | | |  _| \___ \ | |   \___ \ | | / _ \ | |_) || | |  _| | | | |
  | | | |___ ___) || |    ___) || |/ ___ \|  _ < | | | |___| |_| |
  |_| |_____|____/ |_|   |____/ |_/_/   \_\_| \_\|_| |_____|____/ 

TEST STARTED: 3 Verify the Order API, whether able to create a new order 
----------------------------------------------------------------------(src/test/resources/features/EcommerceAPI/EndtoEnd_E_commerce.feature; 3 Verify the Order API, whether able to create a new order)
13:13:26.542 [main] INFO  utilities.BaseClass - List of header's: 
{Authorization=eyJhbGciOiJIUzI1NiIsInR5cCI6IkpXVCJ9.eyJfaWQiOiI2M2E5Y2RlMTAzODQxZTljOWE2MGQ0YjgiLCJ1c2VyRW1haWwiOiJwb3N0bWFuNTVAZ21haWwuY29tIiwidXNlck1vYmlsZSI6MTIzNDU2Nzg5MCwidXNlclJvbGUiOiJjdXN0b21lciIsImlhdCI6MTc0MzIzNDIwMCwiZXhwIjoxNzc0NzkxODAwfQ.ulyMRixTDlCk4cMCVzegyG5DNfPcAjNlEj-BQsmNMvM, Content-Type=application/json}
13:13:26.583 [main] INFO  utilities.BaseClass -             "country": "{$country}",
13:13:26.583 [main] INFO  utilities.BaseClass -             "productOrderedId": "{$productId}"
13:13:26.585 [main] INFO  utilities.BaseClass - RestAPI url: https://rahulshettyacademy.com/api/ecom/order/create-order
13:13:26.757 [main] INFO  utilities.BaseClass - Rest Request: 
{
    "orders": [
        {
            "country": "India",
            "productOrderedId": "67e7a49bc019fb1ad63ea8d4"
        }
    ]
}

13:13:26.758 [main] INFO  utilities.BaseClass - Response code: 201
13:13:26.758 [main] INFO  utilities.BaseClass - Response: {
    "orders": [
        "67e7a49bc019fb1ad63ea8da"
    ],
    "productOrderId": [
        "67e7a49bc019fb1ad63ea8d4"
    ],
    "message": "Order Placed Successfully"
}
13:13:26.975 [main] INFO  utilities.MyCustomListener - 
        __    _____ _____ ____ _____   ____   _    ____  ____  _____ ____  
  _     \ \  |_   _| ____/ ___|_   _| |  _ \ / \  / ___|/ ___|| ____|  _ \ 
 (_)_____| |   | | |  _| \___ \ | |   | |_) / _ \ \___ \\___ \|  _| | | | |
  _|_____| |   | | | |___ ___) || |   |  __/ ___ \ ___) |___) | |___| |_| |
 (_)     | |   |_| |_____|____/ |_|   |_| /_/   \_\____/|____/|_____|____/ 
        /_/                                                                

TEST PASSED: 3 Verify the Order API, whether able to create a new order 
----------------------------------------------------------------------
13:13:26.975 [main] INFO  stepDefinitions.Hooks - Entered after scenario
13:13:26.975 [main] INFO  utilities.MyCustomListener - Test finished outcome:: Duration:0, Result:PASSED, Feature:EndtoEnd_E_commerce.feature, StartTime:2025-03-29T13:13:26.508+05:30[Asia/Calcutta], TestFailedStep:0, TestFailedStepLine:null, FailureCause:null
13:13:26.993 [main] ERROR factory.DBConnection - Error in connecting to the database: Communications link failure

The last packet sent successfully to the server was 0 milliseconds ago. The driver has not received any packets from the server.
13:13:26.993 [main] INFO  factory.DBConnection - Execution of the query: 'INSERT INTO Auto_Run_Dtls (Run_Id, Run_Region, Scenario, Feature, Module, Run_Date, Duration, Status, Failure_Cause)  
VALUES ((Select MAX(Run_id) from Auto_Run_Stat), 'QA', '3 Verify the Order API, whether able to create a new order', 'EndtoEnd_E_commerce.feature', 'EcommerceAPI', '2025-03-29', 0, 'PASSED', '')' is successful with number of rows updated: 0
13:13:27.042 [main] INFO  stepDefinitions.Hooks - Entered before scenario
13:13:27.042 [main] INFO  utilities.MyCustomListener - 
 _____ _____ ____ _____   ____ _____  _    ____ _____ _____ ____  
|_   _| ____/ ___|_   _| / ___|_   _|/ \  |  _ \_   _| ____|  _ \ 
  | | |  _| \___ \ | |   \___ \ | | / _ \ | |_) || | |  _| | | | |
  | | | |___ ___) || |    ___) || |/ ___ \|  _ < | | | |___| |_| |
  |_| |_____|____/ |_|   |____/ |_/_/   \_\_| \_\|_| |_____|____/ 

TEST STARTED: 4 Verify the Order Detail API, whether able to fetch order details 
----------------------------------------------------------------------(src/test/resources/features/EcommerceAPI/EndtoEnd_E_commerce.feature; 4 Verify the Order Detail API, whether able to fetch order details)
13:13:27.059 [main] INFO  utilities.BaseClass - List of header's: 
{Authorization=eyJhbGciOiJIUzI1NiIsInR5cCI6IkpXVCJ9.eyJfaWQiOiI2M2E5Y2RlMTAzODQxZTljOWE2MGQ0YjgiLCJ1c2VyRW1haWwiOiJwb3N0bWFuNTVAZ21haWwuY29tIiwidXNlck1vYmlsZSI6MTIzNDU2Nzg5MCwidXNlclJvbGUiOiJjdXN0b21lciIsImlhdCI6MTc0MzIzNDIwMCwiZXhwIjoxNzc0NzkxODAwfQ.ulyMRixTDlCk4cMCVzegyG5DNfPcAjNlEj-BQsmNMvM, Content-Type=application/json}
13:13:27.092 [main] INFO  utilities.BaseClass - List of query param's: 
{id=67e7a49bc019fb1ad63ea8da}
13:13:27.107 [main] INFO  utilities.BaseClass - RestAPI url: https://rahulshettyacademy.com/api/ecom/order/get-orders-details
13:13:27.313 [main] INFO  utilities.BaseClass - Response code: 200
13:13:27.330 [main] INFO  utilities.BaseClass - Response: {
    "data": {
        "_id": "67e7a49bc019fb1ad63ea8da",
        "orderById": "63a9cde103841e9c9a60d4b8",
        "orderBy": "postman55@gmail.com",
        "productOrderedId": "67e7a49bc019fb1ad63ea8d4",
        "productName": "T-shirt_191",
        "country": "India",
        "productDescription": "Addias Originals",
        "productImage": "https://rahulshettyacademy.com/api/ecom/uploads/productImage_1743234203179.jpg",
        "orderPrice": "1500",
        "__v": 0
    },
    "message": "Orders fetched for customer Successfully"
}
13:13:27.441 [main] INFO  utilities.MyCustomListener - 
        __    _____ _____ ____ _____   ____   _    ____  ____  _____ ____  
  _     \ \  |_   _| ____/ ___|_   _| |  _ \ / \  / ___|/ ___|| ____|  _ \ 
 (_)_____| |   | | |  _| \___ \ | |   | |_) / _ \ \___ \\___ \|  _| | | | |
  _|_____| |   | | | |___ ___) || |   |  __/ ___ \ ___) |___) | |___| |_| |
 (_)     | |   |_| |_____|____/ |_|   |_| /_/   \_\____/|____/|_____|____/ 
        /_/                                                                

TEST PASSED: 4 Verify the Order Detail API, whether able to fetch order details 
----------------------------------------------------------------------
13:13:27.441 [main] INFO  stepDefinitions.Hooks - Entered after scenario
13:13:27.441 [main] INFO  utilities.MyCustomListener - Test finished outcome:: Duration:0, Result:PASSED, Feature:EndtoEnd_E_commerce.feature, StartTime:2025-03-29T13:13:27.025+05:30[Asia/Calcutta], TestFailedStep:0, TestFailedStepLine:null, FailureCause:null
13:13:27.470 [main] ERROR factory.DBConnection - Error in connecting to the database: Communications link failure

The last packet sent successfully to the server was 0 milliseconds ago. The driver has not received any packets from the server.
13:13:27.471 [main] INFO  factory.DBConnection - Execution of the query: 'INSERT INTO Auto_Run_Dtls (Run_Id, Run_Region, Scenario, Feature, Module, Run_Date, Duration, Status, Failure_Cause)  
VALUES ((Select MAX(Run_id) from Auto_Run_Stat), 'QA', '4 Verify the Order Detail API, whether able to fetch order details', 'EndtoEnd_E_commerce.feature', 'EcommerceAPI', '2025-03-29', 0, 'PASSED', '')' is successful with number of rows updated: 0
13:13:27.524 [main] INFO  stepDefinitions.Hooks - Entered before scenario
13:13:27.524 [main] INFO  utilities.MyCustomListener - 
 _____ _____ ____ _____   ____ _____  _    ____ _____ _____ ____  
|_   _| ____/ ___|_   _| / ___|_   _|/ \  |  _ \_   _| ____|  _ \ 
  | | |  _| \___ \ | |   \___ \ | | / _ \ | |_) || | |  _| | | | |
  | | | |___ ___) || |    ___) || |/ ___ \|  _ < | | | |___| |_| |
  |_| |_____|____/ |_|   |____/ |_/_/   \_\_| \_\|_| |_____|____/ 

TEST STARTED: 5 Verify the Order Delete API, whether able to delete order 
----------------------------------------------------------------------(src/test/resources/features/EcommerceAPI/EndtoEnd_E_commerce.feature; 5 Verify the Order Delete API, whether able to delete order)
13:13:27.542 [main] INFO  utilities.BaseClass - List of header's: 
{Authorization=eyJhbGciOiJIUzI1NiIsInR5cCI6IkpXVCJ9.eyJfaWQiOiI2M2E5Y2RlMTAzODQxZTljOWE2MGQ0YjgiLCJ1c2VyRW1haWwiOiJwb3N0bWFuNTVAZ21haWwuY29tIiwidXNlck1vYmlsZSI6MTIzNDU2Nzg5MCwidXNlclJvbGUiOiJjdXN0b21lciIsImlhdCI6MTc0MzIzNDIwMCwiZXhwIjoxNzc0NzkxODAwfQ.ulyMRixTDlCk4cMCVzegyG5DNfPcAjNlEj-BQsmNMvM, Content-Type=application/json}
13:13:27.559 [main] INFO  utilities.BaseClass - List of path param's: 
{OrderId=67e7a49bc019fb1ad63ea8da}
13:13:27.573 [main] INFO  utilities.BaseClass - RestAPI url: https://rahulshettyacademy.com/api/ecom/order/delete-order/{OrderId}
13:13:27.858 [main] INFO  utilities.BaseClass - Response code: 200
13:13:27.858 [main] INFO  utilities.BaseClass - Response: {
    "message": "Orders Deleted Successfully"
}
13:13:27.875 [main] INFO  utilities.MyCustomListener - 
        __    _____ _____ ____ _____   ____   _    ____  ____  _____ ____  
  _     \ \  |_   _| ____/ ___|_   _| |  _ \ / \  / ___|/ ___|| ____|  _ \ 
 (_)_____| |   | | |  _| \___ \ | |   | |_) / _ \ \___ \\___ \|  _| | | | |
  _|_____| |   | | | |___ ___) || |   |  __/ ___ \ ___) |___) | |___| |_| |
 (_)     | |   |_| |_____|____/ |_|   |_| /_/   \_\____/|____/|_____|____/ 
        /_/                                                                

TEST PASSED: 5 Verify the Order Delete API, whether able to delete order 
----------------------------------------------------------------------
13:13:27.875 [main] INFO  stepDefinitions.Hooks - Entered after scenario
13:13:27.875 [main] INFO  utilities.MyCustomListener - Test finished outcome:: Duration:0, Result:PASSED, Feature:EndtoEnd_E_commerce.feature, StartTime:2025-03-29T13:13:27.513+05:30[Asia/Calcutta], TestFailedStep:0, TestFailedStepLine:null, FailureCause:null
13:13:27.903 [main] ERROR factory.DBConnection - Error in connecting to the database: Communications link failure

The last packet sent successfully to the server was 0 milliseconds ago. The driver has not received any packets from the server.
13:13:27.904 [main] INFO  factory.DBConnection - Execution of the query: 'INSERT INTO Auto_Run_Dtls (Run_Id, Run_Region, Scenario, Feature, Module, Run_Date, Duration, Status, Failure_Cause)  
VALUES ((Select MAX(Run_id) from Auto_Run_Stat), 'QA', '5 Verify the Order Delete API, whether able to delete order', 'EndtoEnd_E_commerce.feature', 'EcommerceAPI', '2025-03-29', 0, 'PASSED', '')' is successful with number of rows updated: 0
13:13:27.942 [main] INFO  stepDefinitions.Hooks - Entered before scenario
13:13:27.942 [main] INFO  utilities.MyCustomListener - 
 _____ _____ ____ _____   ____ _____  _    ____ _____ _____ ____  
|_   _| ____/ ___|_   _| / ___|_   _|/ \  |  _ \_   _| ____|  _ \ 
  | | |  _| \___ \ | |   \___ \ | | / _ \ | |_) || | |  _| | | | |
  | | | |___ ___) || |    ___) || |/ ___ \|  _ < | | | |___| |_| |
  |_| |_____|____/ |_|   |____/ |_/_/   \_\_| \_\|_| |_____|____/ 

TEST STARTED: 6 Verify the Product Delete API, whether able to delete product 
----------------------------------------------------------------------(src/test/resources/features/EcommerceAPI/EndtoEnd_E_commerce.feature; 6 Verify the Product Delete API, whether able to delete product)
13:13:27.959 [main] INFO  utilities.BaseClass - List of header's: 
{Authorization=eyJhbGciOiJIUzI1NiIsInR5cCI6IkpXVCJ9.eyJfaWQiOiI2M2E5Y2RlMTAzODQxZTljOWE2MGQ0YjgiLCJ1c2VyRW1haWwiOiJwb3N0bWFuNTVAZ21haWwuY29tIiwidXNlck1vYmlsZSI6MTIzNDU2Nzg5MCwidXNlclJvbGUiOiJjdXN0b21lciIsImlhdCI6MTc0MzIzNDIwMCwiZXhwIjoxNzc0NzkxODAwfQ.ulyMRixTDlCk4cMCVzegyG5DNfPcAjNlEj-BQsmNMvM, Content-Type=application/json}
13:13:27.959 [main] INFO  utilities.BaseClass - List of path param's: 
{productId=67e7a49bc019fb1ad63ea8d4}
13:13:27.976 [main] INFO  utilities.BaseClass - RestAPI url: https://rahulshettyacademy.com/api/ecom/product/delete-product/{productId}
13:13:28.198 [main] INFO  utilities.BaseClass - Response code: 200
13:13:28.198 [main] INFO  utilities.BaseClass - Response: {
    "message": "Product Deleted Successfully"
}
13:13:28.279 [main] INFO  utilities.MyCustomListener - 
        __    _____ _____ ____ _____   ____   _    ____  ____  _____ ____  
  _     \ \  |_   _| ____/ ___|_   _| |  _ \ / \  / ___|/ ___|| ____|  _ \ 
 (_)_____| |   | | |  _| \___ \ | |   | |_) / _ \ \___ \\___ \|  _| | | | |
  _|_____| |   | | | |___ ___) || |   |  __/ ___ \ ___) |___) | |___| |_| |
 (_)     | |   |_| |_____|____/ |_|   |_| /_/   \_\____/|____/|_____|____/ 
        /_/                                                                

TEST PASSED: 6 Verify the Product Delete API, whether able to delete product 
----------------------------------------------------------------------
13:13:28.279 [main] INFO  stepDefinitions.Hooks - Entered after scenario
13:13:28.296 [main] INFO  utilities.MyCustomListener - Test finished outcome:: Duration:0, Result:PASSED, Feature:EndtoEnd_E_commerce.feature, StartTime:2025-03-29T13:13:27.926+05:30[Asia/Calcutta], TestFailedStep:0, TestFailedStepLine:null, FailureCause:null
13:13:28.335 [main] ERROR factory.DBConnection - Error in connecting to the database: Communications link failure

The last packet sent successfully to the server was 0 milliseconds ago. The driver has not received any packets from the server.
13:13:28.335 [main] INFO  factory.DBConnection - Execution of the query: 'INSERT INTO Auto_Run_Dtls (Run_Id, Run_Region, Scenario, Feature, Module, Run_Date, Duration, Status, Failure_Cause)  
VALUES ((Select MAX(Run_id) from Auto_Run_Stat), 'QA', '6 Verify the Product Delete API, whether able to delete product', 'EndtoEnd_E_commerce.feature', 'EcommerceAPI', '2025-03-29', 0, 'PASSED', '')' is successful with number of rows updated: 0
13:13:28.347 [main] INFO  utilities.MyCustomListener - Global & Input values are cleared before feature started: placeValidations.feature
13:13:28.393 [main] INFO  stepDefinitions.Hooks - Entered before scenario
13:13:28.393 [main] INFO  utilities.MyCustomListener - 
 _____ _____ ____ _____   ____ _____  _    ____ _____ _____ ____  
|_   _| ____/ ___|_   _| / ___|_   _|/ \  |  _ \_   _| ____|  _ \ 
  | | |  _| \___ \ | |   \___ \ | | / _ \ | |_) || | |  _| | | | |
  | | | |___ ___) || |    ___) || |/ ___ \|  _ < | | | |___| |_| |
  |_| |_____|____/ |_|   |____/ |_/_/   \_\_| \_\|_| |_____|____/ 

TEST STARTED: 1 Verify if place being successfully added using AddPlaceAPI 
----------------------------------------------------------------------(src/test/resources/features/GoogleAPI/placeValidations.feature; 1 Verify if place being successfully added using AddPlaceAPI)
13:13:28.393 [main] INFO  utilities.BaseClass - List of header's: 
{Accept=*/*, Content-Type=application/json}
13:13:28.408 [main] INFO  utilities.BaseClass - List of query param's: 
{key=qaclick123}
13:13:28.426 [main] INFO  utilities.BaseClass -     "lat": {$latitude},
13:13:28.426 [main] INFO  utilities.BaseClass -     "lng": {$longitude}
13:13:28.426 [main] INFO  utilities.BaseClass -   "name": "{$name}",
13:13:28.426 [main] INFO  utilities.BaseClass -   "address": "{$address}",
13:13:28.426 [main] INFO  utilities.BaseClass -     "{$side layout}"
13:13:28.426 [main] INFO  utilities.BaseClass -   "language": "{$language}"
13:13:28.426 [main] INFO  utilities.BaseClass - RestAPI url: https://rahulshettyacademy.com/maps/api/place/add/json
13:13:28.644 [main] INFO  utilities.BaseClass - Rest Request: 
{
  "location": {
    "lat": -31.388192,
    "lng": 37.589062
  },
  "accuracy": 50,
  "name": "atest",
  "phone_number": "(+91) 983 893 3937",
  "address": "Maratahalli, Bangalore",
  "types": [
    "shoe park",
    "shop"
  ],
  "website": "http://google.com",
  "language": "India-IND"
}

13:13:28.658 [main] INFO  utilities.BaseClass - Response code: 200
13:13:28.659 [main] INFO  utilities.BaseClass - Response: {
    "status": "OK",
    "place_id": "07502c2880d521902b4bc20f393cd3ec",
    "scope": "APP",
    "reference": "89d6d630bdded85d1ebee02b70c6bf4389d6d630bdded85d1ebee02b70c6bf43",
    "id": "89d6d630bdded85d1ebee02b70c6bf43"
}
13:13:28.792 [main] INFO  utilities.MyCustomListener - 
        __    _____ _____ ____ _____   ____   _    ____  ____  _____ ____  
  _     \ \  |_   _| ____/ ___|_   _| |  _ \ / \  / ___|/ ___|| ____|  _ \ 
 (_)_____| |   | | |  _| \___ \ | |   | |_) / _ \ \___ \\___ \|  _| | | | |
  _|_____| |   | | | |___ ___) || |   |  __/ ___ \ ___) |___) | |___| |_| |
 (_)     | |   |_| |_____|____/ |_|   |_| /_/   \_\____/|____/|_____|____/ 
        /_/                                                                

TEST PASSED: 1 Verify if place being successfully added using AddPlaceAPI 
----------------------------------------------------------------------
13:13:28.792 [main] INFO  stepDefinitions.Hooks - Entered after scenario
13:13:28.792 [main] INFO  utilities.MyCustomListener - Test finished outcome:: Duration:0, Result:PASSED, Feature:placeValidations.feature, StartTime:2025-03-29T13:13:28.375+05:30[Asia/Calcutta], TestFailedStep:0, TestFailedStepLine:null, FailureCause:null
13:13:28.828 [main] ERROR factory.DBConnection - Error in connecting to the database: Communications link failure

The last packet sent successfully to the server was 0 milliseconds ago. The driver has not received any packets from the server.
13:13:28.828 [main] INFO  factory.DBConnection - Execution of the query: 'INSERT INTO Auto_Run_Dtls (Run_Id, Run_Region, Scenario, Feature, Module, Run_Date, Duration, Status, Failure_Cause)  
VALUES ((Select MAX(Run_id) from Auto_Run_Stat), 'QA', '1 Verify if place being successfully added using AddPlaceAPI', 'placeValidations.feature', 'GoogleAPI', '2025-03-29', 0, 'PASSED', '')' is successful with number of rows updated: 0
13:13:28.876 [main] INFO  stepDefinitions.Hooks - Entered before scenario
13:13:28.876 [main] INFO  utilities.MyCustomListener - 
 _____ _____ ____ _____   ____ _____  _    ____ _____ _____ ____  
|_   _| ____/ ___|_   _| / ___|_   _|/ \  |  _ \_   _| ____|  _ \ 
  | | |  _| \___ \ | |   \___ \ | | / _ \ | |_) || | |  _| | | | |
  | | | |___ ___) || |    ___) || |/ ___ \|  _ < | | | |___| |_| |
  |_| |_____|____/ |_|   |____/ |_/_/   \_\_| \_\|_| |_____|____/ 

TEST STARTED: 2 Verify if place details fetching successfully by GetPlaceAPI 
----------------------------------------------------------------------(src/test/resources/features/GoogleAPI/placeValidations.feature; 2 Verify if place details fetching successfully by GetPlaceAPI)
13:13:28.893 [main] INFO  utilities.BaseClass - List of query param's: 
{key=qaclick123, place_id=07502c2880d521902b4bc20f393cd3ec}
13:13:28.893 [main] INFO  utilities.BaseClass - RestAPI url: https://rahulshettyacademy.com/maps/api/place/get/json
13:13:30.483 [main] INFO  utilities.BaseClass - Response code: 200
13:13:30.498 [main] INFO  utilities.BaseClass - Response: {
    "location": {
        "latitude": "-31.388192",
        "longitude": "37.589062"
    },
    "accuracy": "50",
    "name": "atest",
    "phone_number": "(+91) 983 893 3937",
    "address": "Maratahalli, Bangalore",
    "types": "shoe park,shop",
    "website": "http://google.com",
    "language": "India-IND"
}
13:13:30.660 [main] INFO  utilities.MyCustomListener - 
        __    _____ _____ ____ _____   ____   _    ____  ____  _____ ____  
  _     \ \  |_   _| ____/ ___|_   _| |  _ \ / \  / ___|/ ___|| ____|  _ \ 
 (_)_____| |   | | |  _| \___ \ | |   | |_) / _ \ \___ \\___ \|  _| | | | |
  _|_____| |   | | | |___ ___) || |   |  __/ ___ \ ___) |___) | |___| |_| |
 (_)     | |   |_| |_____|____/ |_|   |_| /_/   \_\____/|____/|_____|____/ 
        /_/                                                                

TEST PASSED: 2 Verify if place details fetching successfully by GetPlaceAPI 
----------------------------------------------------------------------
13:13:30.660 [main] INFO  stepDefinitions.Hooks - Entered after scenario
13:13:30.660 [main] INFO  utilities.MyCustomListener - Test finished outcome:: Duration:1, Result:PASSED, Feature:placeValidations.feature, StartTime:2025-03-29T13:13:28.848+05:30[Asia/Calcutta], TestFailedStep:0, TestFailedStepLine:null, FailureCause:null
13:13:30.689 [main] ERROR factory.DBConnection - Error in connecting to the database: Communications link failure

The last packet sent successfully to the server was 0 milliseconds ago. The driver has not received any packets from the server.
13:13:30.689 [main] INFO  factory.DBConnection - Execution of the query: 'INSERT INTO Auto_Run_Dtls (Run_Id, Run_Region, Scenario, Feature, Module, Run_Date, Duration, Status, Failure_Cause)  
VALUES ((Select MAX(Run_id) from Auto_Run_Stat), 'QA', '2 Verify if place details fetching successfully by GetPlaceAPI', 'placeValidations.feature', 'GoogleAPI', '2025-03-29', 1, 'PASSED', '')' is successful with number of rows updated: 0
13:13:30.728 [main] INFO  stepDefinitions.Hooks - Entered before scenario
13:13:30.728 [main] INFO  utilities.MyCustomListener - 
 _____ _____ ____ _____   ____ _____  _    ____ _____ _____ ____  
|_   _| ____/ ___|_   _| / ___|_   _|/ \  |  _ \_   _| ____|  _ \ 
  | | |  _| \___ \ | |   \___ \ | | / _ \ | |_) || | |  _| | | | |
  | | | |___ ___) || |    ___) || |/ ___ \|  _ < | | | |___| |_| |
  |_| |_____|____/ |_|   |____/ |_/_/   \_\_| \_\|_| |_____|____/ 

TEST STARTED: 3 Verify if place details fetching successfully by UpdatePlaceAPI 
----------------------------------------------------------------------(src/test/resources/features/GoogleAPI/placeValidations.feature; 3 Verify if place details fetching successfully by UpdatePlaceAPI)
13:13:30.737 [main] INFO  utilities.BaseClass - List of query param's: 
{key=qaclick123}
13:13:30.762 [main] INFO  utilities.BaseClass - "place_id":"{$place_id}",
13:13:30.762 [main] INFO  utilities.BaseClass - "address":"{$address}",
13:13:30.762 [main] INFO  utilities.BaseClass - "key":"{$key}"
13:13:30.762 [main] INFO  utilities.BaseClass - RestAPI url: https://rahulshettyacademy.com/maps/api/place/update/json
13:13:32.966 [main] INFO  utilities.BaseClass - Rest Request: 
{
"place_id":"07502c2880d521902b4bc20f393cd3ec",
"address":"HSR Layout",
"key":"qaclick123"
}

13:13:32.983 [main] INFO  utilities.BaseClass - Response code: 200
13:13:32.998 [main] INFO  utilities.BaseClass - Response: {
    "msg": "Address successfully updated"
}
13:13:33.080 [main] INFO  utilities.MyCustomListener - 
        __    _____ _____ ____ _____   ____   _    ____  ____  _____ ____  
  _     \ \  |_   _| ____/ ___|_   _| |  _ \ / \  / ___|/ ___|| ____|  _ \ 
 (_)_____| |   | | |  _| \___ \ | |   | |_) / _ \ \___ \\___ \|  _| | | | |
  _|_____| |   | | | |___ ___) || |   |  __/ ___ \ ___) |___) | |___| |_| |
 (_)     | |   |_| |_____|____/ |_|   |_| /_/   \_\____/|____/|_____|____/ 
        /_/                                                                

TEST PASSED: 3 Verify if place details fetching successfully by UpdatePlaceAPI 
----------------------------------------------------------------------
13:13:33.080 [main] INFO  stepDefinitions.Hooks - Entered after scenario
13:13:33.080 [main] INFO  utilities.MyCustomListener - Test finished outcome:: Duration:2, Result:PASSED, Feature:placeValidations.feature, StartTime:2025-03-29T13:13:30.710+05:30[Asia/Calcutta], TestFailedStep:0, TestFailedStepLine:null, FailureCause:null
13:13:33.135 [main] ERROR factory.DBConnection - Error in connecting to the database: Communications link failure

The last packet sent successfully to the server was 0 milliseconds ago. The driver has not received any packets from the server.
13:13:33.135 [main] INFO  factory.DBConnection - Execution of the query: 'INSERT INTO Auto_Run_Dtls (Run_Id, Run_Region, Scenario, Feature, Module, Run_Date, Duration, Status, Failure_Cause)  
VALUES ((Select MAX(Run_id) from Auto_Run_Stat), 'QA', '3 Verify if place details fetching successfully by UpdatePlaceAPI', 'placeValidations.feature', 'GoogleAPI', '2025-03-29', 2, 'PASSED', '')' is successful with number of rows updated: 0
13:13:33.178 [main] INFO  stepDefinitions.Hooks - Entered before scenario
13:13:33.178 [main] INFO  utilities.MyCustomListener - 
 _____ _____ ____ _____   ____ _____  _    ____ _____ _____ ____  
|_   _| ____/ ___|_   _| / ___|_   _|/ \  |  _ \_   _| ____|  _ \ 
  | | |  _| \___ \ | |   \___ \ | | / _ \ | |_) || | |  _| | | | |
  | | | |___ ___) || |    ___) || |/ ___ \|  _ < | | | |___| |_| |
  |_| |_____|____/ |_|   |____/ |_/_/   \_\_| \_\|_| |_____|____/ 

TEST STARTED: 4 Verify if place details fetching successfully by DeletePlaceAPI 
----------------------------------------------------------------------(src/test/resources/features/GoogleAPI/placeValidations.feature; 4 Verify if place details fetching successfully by DeletePlaceAPI)
13:13:33.194 [main] INFO  utilities.BaseClass - List of query param's: 
{key=qaclick123}
13:13:33.211 [main] INFO  utilities.BaseClass -     "place_id":"{$place_id}"
13:13:33.211 [main] INFO  utilities.BaseClass - RestAPI url: https://rahulshettyacademy.com/maps/api/place/delete/json
13:13:35.266 [main] INFO  utilities.BaseClass - Rest Request: 
{
    "place_id":"07502c2880d521902b4bc20f393cd3ec"
}

13:13:35.299 [main] INFO  utilities.BaseClass - Response code: 200
13:13:35.299 [main] INFO  utilities.BaseClass - Response: {
    "status": "OK"
}
13:13:35.381 [main] INFO  utilities.MyCustomListener - 
        __    _____ _____ ____ _____   ____   _    ____  ____  _____ ____  
  _     \ \  |_   _| ____/ ___|_   _| |  _ \ / \  / ___|/ ___|| ____|  _ \ 
 (_)_____| |   | | |  _| \___ \ | |   | |_) / _ \ \___ \\___ \|  _| | | | |
  _|_____| |   | | | |___ ___) || |   |  __/ ___ \ ___) |___) | |___| |_| |
 (_)     | |   |_| |_____|____/ |_|   |_| /_/   \_\____/|____/|_____|____/ 
        /_/                                                                

TEST PASSED: 4 Verify if place details fetching successfully by DeletePlaceAPI 
----------------------------------------------------------------------
13:13:35.381 [main] INFO  stepDefinitions.Hooks - Entered after scenario
13:13:35.394 [main] INFO  utilities.MyCustomListener - Test finished outcome:: Duration:2, Result:PASSED, Feature:placeValidations.feature, StartTime:2025-03-29T13:13:33.163+05:30[Asia/Calcutta], TestFailedStep:0, TestFailedStepLine:null, FailureCause:null
13:13:35.438 [main] ERROR factory.DBConnection - Error in connecting to the database: Communications link failure

The last packet sent successfully to the server was 0 milliseconds ago. The driver has not received any packets from the server.
13:13:35.438 [main] INFO  factory.DBConnection - Execution of the query: 'INSERT INTO Auto_Run_Dtls (Run_Id, Run_Region, Scenario, Feature, Module, Run_Date, Duration, Status, Failure_Cause)  
VALUES ((Select MAX(Run_id) from Auto_Run_Stat), 'QA', '4 Verify if place details fetching successfully by DeletePlaceAPI', 'placeValidations.feature', 'GoogleAPI', '2025-03-29', 2, 'PASSED', '')' is successful with number of rows updated: 0
13:13:35.462 [main] INFO  stepDefinitions.Hooks - ===================== Run Statistics =====================
13:13:35.462 [main] INFO  stepDefinitions.Hooks - Automation Suit Completed on QA environment
13:13:35.462 [main] INFO  utilities.MyCustomListener - Automation Suite Finished at: 2025-03-29 13:13:35
13:13:35.462 [main] INFO  utilities.MyCustomListener - Run Duration: 0h 0m 18s
13:13:35.462 [main] INFO  utilities.MyCustomListener - Run status: PASSED
