21:38:46.795 [main] INFO  utilities.MyCustomListener - 
    _     __  __  _______   ___   ____   ____     _   _______  _   ___   ____    _                 
   / \   | |  | ||__   __| / _ \ | |\ \ / /| |   / \ |__   __|| | / - \ | |\ \  | |    
  / _ \  | |  | |   | |   | / \ || |  \_/  | |  / _ \   | |   | || / \ || | \ \ | |     
 / ___ \ | \__/ |   | |   | \_/ || |       | | / --- \  | |   | || \_/ || |  \ \| |     
/_/   \_\ \____/    |_|    \___/ |_|       |_|/_/   \_\ |_|   |_| \___/ |_|   \__/     
--------------------------------------------------------------------------------------------
21:38:46.826 [main] INFO  utilities.MyCustomListener - Automation Suite Started at: 2025-04-01 21:38:46
21:38:46.936 [main] INFO  factory.ReadConfigFiles - configuration properties loaded successfully from: E:\Jenkins\RestAssured_Cucumber_Serenity//configure.properties
21:38:46.936 [main] INFO  factory.ReadConfigFiles - API endpoints properties loaded successfully from: E:\Jenkins\RestAssured_Cucumber_Serenity//src//test//resources//properties//restAPIDetails.properties
21:38:46.936 [main] INFO  stepDefinitions.Hooks - Automation Suit Started on QA environment
21:38:46.936 [main] INFO  utilities.MyCustomListener - Global & Input values are cleared before feature started: EndtoEnd_E_commerce.feature
21:38:47.236 [main] INFO  utilities.MyCustomListener - Global & Input values are cleared before feature started: placeValidations.feature
21:38:47.251 [main] INFO  utilities.MyCustomListener - Global & Input values are cleared before feature started: EndtoEnd_E_commerce.feature
21:38:47.786 [main] INFO  stepDefinitions.Hooks - Entered before scenario
21:38:47.786 [main] INFO  utilities.MyCustomListener - 
 _____ _____ ____ _____   ____ _____  _    ____ _____ _____ ____  
|_   _| ____/ ___|_   _| / ___|_   _|/ \  |  _ \_   _| ____|  _ \ 
  | | |  _| \___ \ | |   \___ \ | | / _ \ | |_) || | |  _| | | | |
  | | | |___ ___) || |    ___) || |/ ___ \|  _ < | | | |___| |_| |
  |_| |_____|____/ |_|   |____/ |_/_/   \_\_| \_\|_| |_____|____/ 

TEST STARTED: 1 Verify the login API, whether able to login 
----------------------------------------------------------------------(src/test/resources/features/EcommerceAPI/EndtoEnd_E_commerce.feature; 1 Verify the login API, whether able to login)
21:38:48.837 [main] INFO  utilities.BaseClass - List of header's: 
{Content-Type=application/json}
21:38:48.853 [main] INFO  utilities.BaseClass -     "userEmail": "{$userEmail}",
21:38:48.853 [main] INFO  utilities.BaseClass -     "userPassword": "{$password}"
21:38:48.853 [main] INFO  utilities.BaseClass - RestAPI url: https://rahulshettyacademy.com/api/ecom/auth/login
21:38:51.153 [main] INFO  utilities.BaseClass - Rest Request: 
{
    "userEmail": "postman55@gmail.com",
    "userPassword": "Naidu@117"
}

21:38:51.170 [main] INFO  utilities.BaseClass - Response code: 200
21:38:51.266 [main] INFO  utilities.BaseClass - Response: {
    "token": "eyJhbGciOiJIUzI1NiIsInR5cCI6IkpXVCJ9.eyJfaWQiOiI2M2E5Y2RlMTAzODQxZTljOWE2MGQ0YjgiLCJ1c2VyRW1haWwiOiJwb3N0bWFuNTVAZ21haWwuY29tIiwidXNlck1vYmlsZSI6MTIzNDU2Nzg5MCwidXNlclJvbGUiOiJjdXN0b21lciIsImlhdCI6MTc0MzUyMzcyNiwiZXhwIjoxNzc1MDgxMzI2fQ.CStos4hd5MbLhHZhcgKVw11GxbvdXdhJ9fnM0x_YDkM",
    "userId": "63a9cde103841e9c9a60d4b8",
    "message": "Login Successfully"
}
21:38:52.365 [main] INFO  utilities.MyCustomListener - 
        __    _____ _____ ____ _____   ____   _    ____  ____  _____ ____  
  _     \ \  |_   _| ____/ ___|_   _| |  _ \ / \  / ___|/ ___|| ____|  _ \ 
 (_)_____| |   | | |  _| \___ \ | |   | |_) / _ \ \___ \\___ \|  _| | | | |
  _|_____| |   | | | |___ ___) || |   |  __/ ___ \ ___) |___) | |___| |_| |
 (_)     | |   |_| |_____|____/ |_|   |_| /_/   \_\____/|____/|_____|____/ 
        /_/                                                                

TEST PASSED: 1 Verify the login API, whether able to login 
----------------------------------------------------------------------
21:38:52.365 [main] INFO  stepDefinitions.Hooks - Entered after scenario
21:38:52.365 [main] INFO  utilities.MyCustomListener - Test finished outcome:: Duration:4, Result:PASSED, Feature:EndtoEnd_E_commerce.feature, StartTime:2025-04-01T21:38:47.394+05:30[Asia/Calcutta], TestFailedStep:0, TestFailedStepLine:null, FailureCause:null
21:38:53.017 [main] INFO  factory.DBConnection - Execution of the query: 'INSERT INTO Auto_Run_Dtls (Run_Id, Run_Region, Scenario, Feature, Module, Run_Date, Duration, Status, Failure_Cause)  
VALUES ((Select MAX(Run_id) from Auto_Run_Stat), 'QA', '1 Verify the login API, whether able to login', 'EndtoEnd_E_commerce.feature', 'EcommerceAPI', '2025-04-01', 4, 'PASSED', '')' is successful with number of rows updated: 1
21:38:53.109 [main] INFO  stepDefinitions.Hooks - Entered before scenario
21:38:53.109 [main] INFO  utilities.MyCustomListener - 
 _____ _____ ____ _____   ____ _____  _    ____ _____ _____ ____  
|_   _| ____/ ___|_   _| / ___|_   _|/ \  |  _ \_   _| ____|  _ \ 
  | | |  _| \___ \ | |   \___ \ | | / _ \ | |_) || | |  _| | | | |
  | | | |___ ___) || |    ___) || |/ ___ \|  _ < | | | |___| |_| |
  |_| |_____|____/ |_|   |____/ |_/_/   \_\_| \_\|_| |_____|____/ 

TEST STARTED: 2 Verify the Product API, whether able to create a new product 
----------------------------------------------------------------------(src/test/resources/features/EcommerceAPI/EndtoEnd_E_commerce.feature; 2 Verify the Product API, whether able to create a new product)
21:38:53.122 [main] INFO  utilities.BaseClass - List of header's: 
{Authorization=eyJhbGciOiJIUzI1NiIsInR5cCI6IkpXVCJ9.eyJfaWQiOiI2M2E5Y2RlMTAzODQxZTljOWE2MGQ0YjgiLCJ1c2VyRW1haWwiOiJwb3N0bWFuNTVAZ21haWwuY29tIiwidXNlck1vYmlsZSI6MTIzNDU2Nzg5MCwidXNlclJvbGUiOiJjdXN0b21lciIsImlhdCI6MTc0MzUyMzcyNiwiZXhwIjoxNzc1MDgxMzI2fQ.CStos4hd5MbLhHZhcgKVw11GxbvdXdhJ9fnM0x_YDkM, Content-Type=multipart/form-data}
21:38:53.129 [main] ERROR Loader.class - Global value for key 'productImage-file' is null
21:38:53.144 [main] INFO  utilities.BaseClass - List of form-data: 
{productImage-file=./src/test/resources/images/productImage.jpg, productSubCategory=shirts, productFor=women, productName=T-shirt_191, productPrice=1500, productDescription=Addias Originals, productAddedBy=63a9cde103841e9c9a60d4b8, productCategory=fashion}
21:38:53.144 [main] INFO  utilities.BaseClass - RestAPI url: https://rahulshettyacademy.com/api/ecom/product/add-product
21:38:53.568 [main] INFO  utilities.BaseClass - Response code: 201
21:38:53.568 [main] INFO  utilities.BaseClass - Response: {
    "productId": "67ec0f90fc76541aad1b512f",
    "message": "Product Added Successfully"
}
21:38:53.647 [main] INFO  utilities.MyCustomListener - 
        __    _____ _____ ____ _____   ____   _    ____  ____  _____ ____  
  _     \ \  |_   _| ____/ ___|_   _| |  _ \ / \  / ___|/ ___|| ____|  _ \ 
 (_)_____| |   | | |  _| \___ \ | |   | |_) / _ \ \___ \\___ \|  _| | | | |
  _|_____| |   | | | |___ ___) || |   |  __/ ___ \ ___) |___) | |___| |_| |
 (_)     | |   |_| |_____|____/ |_|   |_| /_/   \_\____/|____/|_____|____/ 
        /_/                                                                

TEST PASSED: 2 Verify the Product API, whether able to create a new product 
----------------------------------------------------------------------
21:38:53.647 [main] INFO  stepDefinitions.Hooks - Entered after scenario
21:38:53.647 [main] INFO  utilities.MyCustomListener - Test finished outcome:: Duration:0, Result:PASSED, Feature:EndtoEnd_E_commerce.feature, StartTime:2025-04-01T21:38:53.082+05:30[Asia/Calcutta], TestFailedStep:0, TestFailedStepLine:null, FailureCause:null
21:38:53.760 [main] INFO  factory.DBConnection - Execution of the query: 'INSERT INTO Auto_Run_Dtls (Run_Id, Run_Region, Scenario, Feature, Module, Run_Date, Duration, Status, Failure_Cause)  
VALUES ((Select MAX(Run_id) from Auto_Run_Stat), 'QA', '2 Verify the Product API, whether able to create a new product', 'EndtoEnd_E_commerce.feature', 'EcommerceAPI', '2025-04-01', 0, 'PASSED', '')' is successful with number of rows updated: 1
21:38:53.809 [main] INFO  stepDefinitions.Hooks - Entered before scenario
21:38:53.809 [main] INFO  utilities.MyCustomListener - 
 _____ _____ ____ _____   ____ _____  _    ____ _____ _____ ____  
|_   _| ____/ ___|_   _| / ___|_   _|/ \  |  _ \_   _| ____|  _ \ 
  | | |  _| \___ \ | |   \___ \ | | / _ \ | |_) || | |  _| | | | |
  | | | |___ ___) || |    ___) || |/ ___ \|  _ < | | | |___| |_| |
  |_| |_____|____/ |_|   |____/ |_/_/   \_\_| \_\|_| |_____|____/ 

TEST STARTED: 3 Verify the Order API, whether able to create a new order 
----------------------------------------------------------------------(src/test/resources/features/EcommerceAPI/EndtoEnd_E_commerce.feature; 3 Verify the Order API, whether able to create a new order)
21:38:53.824 [main] INFO  utilities.BaseClass - List of header's: 
{Authorization=eyJhbGciOiJIUzI1NiIsInR5cCI6IkpXVCJ9.eyJfaWQiOiI2M2E5Y2RlMTAzODQxZTljOWE2MGQ0YjgiLCJ1c2VyRW1haWwiOiJwb3N0bWFuNTVAZ21haWwuY29tIiwidXNlck1vYmlsZSI6MTIzNDU2Nzg5MCwidXNlclJvbGUiOiJjdXN0b21lciIsImlhdCI6MTc0MzUyMzcyNiwiZXhwIjoxNzc1MDgxMzI2fQ.CStos4hd5MbLhHZhcgKVw11GxbvdXdhJ9fnM0x_YDkM, Content-Type=application/json}
21:38:53.824 [main] INFO  utilities.BaseClass -             "country": "{$country}",
21:38:53.824 [main] INFO  utilities.BaseClass -             "productOrderedId": "{$productId}"
21:38:53.824 [main] INFO  utilities.BaseClass - RestAPI url: https://rahulshettyacademy.com/api/ecom/order/create-order
21:38:54.023 [main] INFO  utilities.BaseClass - Rest Request: 
{
    "orders": [
        {
            "country": "India",
            "productOrderedId": "67ec0f90fc76541aad1b512f"
        }
    ]
}

21:38:54.038 [main] INFO  utilities.BaseClass - Response code: 201
21:38:54.038 [main] INFO  utilities.BaseClass - Response: {
    "orders": [
        "67ec0f91fc76541aad1b5133"
    ],
    "productOrderId": [
        "67ec0f90fc76541aad1b512f"
    ],
    "message": "Order Placed Successfully"
}
21:38:54.265 [main] INFO  utilities.MyCustomListener - 
        __    _____ _____ ____ _____   ____   _    ____  ____  _____ ____  
  _     \ \  |_   _| ____/ ___|_   _| |  _ \ / \  / ___|/ ___|| ____|  _ \ 
 (_)_____| |   | | |  _| \___ \ | |   | |_) / _ \ \___ \\___ \|  _| | | | |
  _|_____| |   | | | |___ ___) || |   |  __/ ___ \ ___) |___) | |___| |_| |
 (_)     | |   |_| |_____|____/ |_|   |_| /_/   \_\____/|____/|_____|____/ 
        /_/                                                                

TEST PASSED: 3 Verify the Order API, whether able to create a new order 
----------------------------------------------------------------------
21:38:54.265 [main] INFO  stepDefinitions.Hooks - Entered after scenario
21:38:54.265 [main] INFO  utilities.MyCustomListener - Test finished outcome:: Duration:0, Result:PASSED, Feature:EndtoEnd_E_commerce.feature, StartTime:2025-04-01T21:38:53.793+05:30[Asia/Calcutta], TestFailedStep:0, TestFailedStepLine:null, FailureCause:null
21:38:54.346 [main] INFO  factory.DBConnection - Execution of the query: 'INSERT INTO Auto_Run_Dtls (Run_Id, Run_Region, Scenario, Feature, Module, Run_Date, Duration, Status, Failure_Cause)  
VALUES ((Select MAX(Run_id) from Auto_Run_Stat), 'QA', '3 Verify the Order API, whether able to create a new order', 'EndtoEnd_E_commerce.feature', 'EcommerceAPI', '2025-04-01', 0, 'PASSED', '')' is successful with number of rows updated: 1
21:38:54.399 [main] INFO  stepDefinitions.Hooks - Entered before scenario
21:38:54.399 [main] INFO  utilities.MyCustomListener - 
 _____ _____ ____ _____   ____ _____  _    ____ _____ _____ ____  
|_   _| ____/ ___|_   _| / ___|_   _|/ \  |  _ \_   _| ____|  _ \ 
  | | |  _| \___ \ | |   \___ \ | | / _ \ | |_) || | |  _| | | | |
  | | | |___ ___) || |    ___) || |/ ___ \|  _ < | | | |___| |_| |
  |_| |_____|____/ |_|   |____/ |_/_/   \_\_| \_\|_| |_____|____/ 

TEST STARTED: 4 Verify the Order Detail API, whether able to fetch order details 
----------------------------------------------------------------------(src/test/resources/features/EcommerceAPI/EndtoEnd_E_commerce.feature; 4 Verify the Order Detail API, whether able to fetch order details)
21:38:54.418 [main] INFO  utilities.BaseClass - List of header's: 
{Authorization=eyJhbGciOiJIUzI1NiIsInR5cCI6IkpXVCJ9.eyJfaWQiOiI2M2E5Y2RlMTAzODQxZTljOWE2MGQ0YjgiLCJ1c2VyRW1haWwiOiJwb3N0bWFuNTVAZ21haWwuY29tIiwidXNlck1vYmlsZSI6MTIzNDU2Nzg5MCwidXNlclJvbGUiOiJjdXN0b21lciIsImlhdCI6MTc0MzUyMzcyNiwiZXhwIjoxNzc1MDgxMzI2fQ.CStos4hd5MbLhHZhcgKVw11GxbvdXdhJ9fnM0x_YDkM, Content-Type=application/json}
21:38:54.434 [main] INFO  utilities.BaseClass - List of query param's: 
{id=67ec0f91fc76541aad1b5133}
21:38:54.449 [main] INFO  utilities.BaseClass - RestAPI url: https://rahulshettyacademy.com/api/ecom/order/get-orders-details
21:38:54.654 [main] INFO  utilities.BaseClass - Response code: 200
21:38:54.654 [main] INFO  utilities.BaseClass - Response: {
    "data": {
        "_id": "67ec0f91fc76541aad1b5133",
        "orderById": "63a9cde103841e9c9a60d4b8",
        "orderBy": "postman55@gmail.com",
        "productOrderedId": "67ec0f90fc76541aad1b512f",
        "productName": "T-shirt_191",
        "country": "India",
        "productDescription": "Addias Originals",
        "productImage": "https://rahulshettyacademy.com/api/ecom/uploads/productImage_1743523728571.jpg",
        "orderPrice": "1500",
        "__v": 0
    },
    "message": "Orders fetched for customer Successfully"
}
21:38:54.752 [main] INFO  utilities.MyCustomListener - 
        __    _____ _____ ____ _____   ____   _    ____  ____  _____ ____  
  _     \ \  |_   _| ____/ ___|_   _| |  _ \ / \  / ___|/ ___|| ____|  _ \ 
 (_)_____| |   | | |  _| \___ \ | |   | |_) / _ \ \___ \\___ \|  _| | | | |
  _|_____| |   | | | |___ ___) || |   |  __/ ___ \ ___) |___) | |___| |_| |
 (_)     | |   |_| |_____|____/ |_|   |_| /_/   \_\____/|____/|_____|____/ 
        /_/                                                                

TEST PASSED: 4 Verify the Order Detail API, whether able to fetch order details 
----------------------------------------------------------------------
21:38:54.752 [main] INFO  stepDefinitions.Hooks - Entered after scenario
21:38:54.752 [main] INFO  utilities.MyCustomListener - Test finished outcome:: Duration:0, Result:PASSED, Feature:EndtoEnd_E_commerce.feature, StartTime:2025-04-01T21:38:54.371+05:30[Asia/Calcutta], TestFailedStep:0, TestFailedStepLine:null, FailureCause:null
21:38:54.835 [main] INFO  factory.DBConnection - Execution of the query: 'INSERT INTO Auto_Run_Dtls (Run_Id, Run_Region, Scenario, Feature, Module, Run_Date, Duration, Status, Failure_Cause)  
VALUES ((Select MAX(Run_id) from Auto_Run_Stat), 'QA', '4 Verify the Order Detail API, whether able to fetch order details', 'EndtoEnd_E_commerce.feature', 'EcommerceAPI', '2025-04-01', 0, 'PASSED', '')' is successful with number of rows updated: 1
21:38:54.883 [main] INFO  stepDefinitions.Hooks - Entered before scenario
21:38:54.883 [main] INFO  utilities.MyCustomListener - 
 _____ _____ ____ _____   ____ _____  _    ____ _____ _____ ____  
|_   _| ____/ ___|_   _| / ___|_   _|/ \  |  _ \_   _| ____|  _ \ 
  | | |  _| \___ \ | |   \___ \ | | / _ \ | |_) || | |  _| | | | |
  | | | |___ ___) || |    ___) || |/ ___ \|  _ < | | | |___| |_| |
  |_| |_____|____/ |_|   |____/ |_/_/   \_\_| \_\|_| |_____|____/ 

TEST STARTED: 5 Verify the Order Delete API, whether able to delete order 
----------------------------------------------------------------------(src/test/resources/features/EcommerceAPI/EndtoEnd_E_commerce.feature; 5 Verify the Order Delete API, whether able to delete order)
21:38:54.883 [main] INFO  utilities.BaseClass - List of header's: 
{Authorization=eyJhbGciOiJIUzI1NiIsInR5cCI6IkpXVCJ9.eyJfaWQiOiI2M2E5Y2RlMTAzODQxZTljOWE2MGQ0YjgiLCJ1c2VyRW1haWwiOiJwb3N0bWFuNTVAZ21haWwuY29tIiwidXNlck1vYmlsZSI6MTIzNDU2Nzg5MCwidXNlclJvbGUiOiJjdXN0b21lciIsImlhdCI6MTc0MzUyMzcyNiwiZXhwIjoxNzc1MDgxMzI2fQ.CStos4hd5MbLhHZhcgKVw11GxbvdXdhJ9fnM0x_YDkM, Content-Type=application/json}
21:38:54.898 [main] INFO  utilities.BaseClass - List of path param's: 
{OrderId=67ec0f91fc76541aad1b5133}
21:38:54.898 [main] INFO  utilities.BaseClass - RestAPI url: https://rahulshettyacademy.com/api/ecom/order/delete-order/{OrderId}
21:38:55.069 [main] INFO  utilities.BaseClass - Response code: 200
21:38:55.069 [main] INFO  utilities.BaseClass - Response: {
    "message": "Orders Deleted Successfully"
}
21:38:55.101 [main] INFO  utilities.MyCustomListener - 
        __    _____ _____ ____ _____   ____   _    ____  ____  _____ ____  
  _     \ \  |_   _| ____/ ___|_   _| |  _ \ / \  / ___|/ ___|| ____|  _ \ 
 (_)_____| |   | | |  _| \___ \ | |   | |_) / _ \ \___ \\___ \|  _| | | | |
  _|_____| |   | | | |___ ___) || |   |  __/ ___ \ ___) |___) | |___| |_| |
 (_)     | |   |_| |_____|____/ |_|   |_| /_/   \_\____/|____/|_____|____/ 
        /_/                                                                

TEST PASSED: 5 Verify the Order Delete API, whether able to delete order 
----------------------------------------------------------------------
21:38:55.101 [main] INFO  stepDefinitions.Hooks - Entered after scenario
21:38:55.101 [main] INFO  utilities.MyCustomListener - Test finished outcome:: Duration:0, Result:PASSED, Feature:EndtoEnd_E_commerce.feature, StartTime:2025-04-01T21:38:54.866+05:30[Asia/Calcutta], TestFailedStep:0, TestFailedStepLine:null, FailureCause:null
21:38:55.161 [main] INFO  factory.DBConnection - Execution of the query: 'INSERT INTO Auto_Run_Dtls (Run_Id, Run_Region, Scenario, Feature, Module, Run_Date, Duration, Status, Failure_Cause)  
VALUES ((Select MAX(Run_id) from Auto_Run_Stat), 'QA', '5 Verify the Order Delete API, whether able to delete order', 'EndtoEnd_E_commerce.feature', 'EcommerceAPI', '2025-04-01', 0, 'PASSED', '')' is successful with number of rows updated: 1
21:38:55.209 [main] INFO  stepDefinitions.Hooks - Entered before scenario
21:38:55.209 [main] INFO  utilities.MyCustomListener - 
 _____ _____ ____ _____   ____ _____  _    ____ _____ _____ ____  
|_   _| ____/ ___|_   _| / ___|_   _|/ \  |  _ \_   _| ____|  _ \ 
  | | |  _| \___ \ | |   \___ \ | | / _ \ | |_) || | |  _| | | | |
  | | | |___ ___) || |    ___) || |/ ___ \|  _ < | | | |___| |_| |
  |_| |_____|____/ |_|   |____/ |_/_/   \_\_| \_\|_| |_____|____/ 

TEST STARTED: 6 Verify the Product Delete API, whether able to delete product 
----------------------------------------------------------------------(src/test/resources/features/EcommerceAPI/EndtoEnd_E_commerce.feature; 6 Verify the Product Delete API, whether able to delete product)
21:38:55.225 [main] INFO  utilities.BaseClass - List of header's: 
{Authorization=eyJhbGciOiJIUzI1NiIsInR5cCI6IkpXVCJ9.eyJfaWQiOiI2M2E5Y2RlMTAzODQxZTljOWE2MGQ0YjgiLCJ1c2VyRW1haWwiOiJwb3N0bWFuNTVAZ21haWwuY29tIiwidXNlck1vYmlsZSI6MTIzNDU2Nzg5MCwidXNlclJvbGUiOiJjdXN0b21lciIsImlhdCI6MTc0MzUyMzcyNiwiZXhwIjoxNzc1MDgxMzI2fQ.CStos4hd5MbLhHZhcgKVw11GxbvdXdhJ9fnM0x_YDkM, Content-Type=application/json}
21:38:55.236 [main] INFO  utilities.BaseClass - List of path param's: 
{productId=67ec0f90fc76541aad1b512f}
21:38:55.236 [main] INFO  utilities.BaseClass - RestAPI url: https://rahulshettyacademy.com/api/ecom/product/delete-product/{productId}
21:38:55.472 [main] INFO  utilities.BaseClass - Response code: 200
21:38:55.472 [main] INFO  utilities.BaseClass - Response: {
    "message": "Product Deleted Successfully"
}
21:38:55.507 [main] INFO  utilities.MyCustomListener - 
        __    _____ _____ ____ _____   ____   _    ____  ____  _____ ____  
  _     \ \  |_   _| ____/ ___|_   _| |  _ \ / \  / ___|/ ___|| ____|  _ \ 
 (_)_____| |   | | |  _| \___ \ | |   | |_) / _ \ \___ \\___ \|  _| | | | |
  _|_____| |   | | | |___ ___) || |   |  __/ ___ \ ___) |___) | |___| |_| |
 (_)     | |   |_| |_____|____/ |_|   |_| /_/   \_\____/|____/|_____|____/ 
        /_/                                                                

TEST PASSED: 6 Verify the Product Delete API, whether able to delete product 
----------------------------------------------------------------------
21:38:55.507 [main] INFO  stepDefinitions.Hooks - Entered after scenario
21:38:55.507 [main] INFO  utilities.MyCustomListener - Test finished outcome:: Duration:0, Result:PASSED, Feature:EndtoEnd_E_commerce.feature, StartTime:2025-04-01T21:38:55.194+05:30[Asia/Calcutta], TestFailedStep:0, TestFailedStepLine:null, FailureCause:null
21:38:55.572 [main] INFO  factory.DBConnection - Execution of the query: 'INSERT INTO Auto_Run_Dtls (Run_Id, Run_Region, Scenario, Feature, Module, Run_Date, Duration, Status, Failure_Cause)  
VALUES ((Select MAX(Run_id) from Auto_Run_Stat), 'QA', '6 Verify the Product Delete API, whether able to delete product', 'EndtoEnd_E_commerce.feature', 'EcommerceAPI', '2025-04-01', 0, 'PASSED', '')' is successful with number of rows updated: 1
21:38:55.583 [main] INFO  utilities.MyCustomListener - Global & Input values are cleared before feature started: placeValidations.feature
21:38:55.615 [main] INFO  stepDefinitions.Hooks - Entered before scenario
21:38:55.615 [main] INFO  utilities.MyCustomListener - 
 _____ _____ ____ _____   ____ _____  _    ____ _____ _____ ____  
|_   _| ____/ ___|_   _| / ___|_   _|/ \  |  _ \_   _| ____|  _ \ 
  | | |  _| \___ \ | |   \___ \ | | / _ \ | |_) || | |  _| | | | |
  | | | |___ ___) || |    ___) || |/ ___ \|  _ < | | | |___| |_| |
  |_| |_____|____/ |_|   |____/ |_/_/   \_\_| \_\|_| |_____|____/ 

TEST STARTED: 1 Verify if place being successfully added using AddPlaceAPI 
----------------------------------------------------------------------(src/test/resources/features/GoogleAPI/placeValidations.feature; 1 Verify if place being successfully added using AddPlaceAPI)
21:38:55.630 [main] INFO  utilities.BaseClass - List of header's: 
{Accept=*/*, Content-Type=application/json}
21:38:55.630 [main] INFO  utilities.BaseClass - List of query param's: 
{key=qaclick123}
21:38:55.630 [main] INFO  utilities.BaseClass -     "lat": {$latitude},
21:38:55.646 [main] INFO  utilities.BaseClass -     "lng": {$longitude}
21:38:55.646 [main] INFO  utilities.BaseClass -   "name": "{$name}",
21:38:55.646 [main] INFO  utilities.BaseClass -   "address": "{$address}",
21:38:55.646 [main] INFO  utilities.BaseClass -     "{$side layout}"
21:38:55.646 [main] INFO  utilities.BaseClass -   "language": "{$language}"
21:38:55.646 [main] INFO  utilities.BaseClass - RestAPI url: https://rahulshettyacademy.com/maps/api/place/add/json
21:38:55.787 [main] INFO  utilities.BaseClass - Rest Request: 
{
  "location": {
    "lat": -31.388192,
    "lng": 37.589062
  },
  "accuracy": 50,
  "name": "atest",
  "phone_number": "(+91) 983 893 3937",
  "address": "Maratahalli, Bangalore",
  "types": [
    "shoe park",
    "shop"
  ],
  "website": "http://google.com",
  "language": "India-IND"
}

21:38:55.803 [main] INFO  utilities.BaseClass - Response code: 200
21:38:55.803 [main] INFO  utilities.BaseClass - Response: {
    "status": "OK",
    "place_id": "9609202714afca3bb8ba6fe2d96d9816",
    "scope": "APP",
    "reference": "aa632d85b8d2b447e116f20595d3c24eaa632d85b8d2b447e116f20595d3c24e",
    "id": "aa632d85b8d2b447e116f20595d3c24e"
}
21:38:55.917 [main] INFO  utilities.MyCustomListener - 
        __    _____ _____ ____ _____   ____   _    ____  ____  _____ ____  
  _     \ \  |_   _| ____/ ___|_   _| |  _ \ / \  / ___|/ ___|| ____|  _ \ 
 (_)_____| |   | | |  _| \___ \ | |   | |_) / _ \ \___ \\___ \|  _| | | | |
  _|_____| |   | | | |___ ___) || |   |  __/ ___ \ ___) |___) | |___| |_| |
 (_)     | |   |_| |_____|____/ |_|   |_| /_/   \_\____/|____/|_____|____/ 
        /_/                                                                

TEST PASSED: 1 Verify if place being successfully added using AddPlaceAPI 
----------------------------------------------------------------------
21:38:55.917 [main] INFO  stepDefinitions.Hooks - Entered after scenario
21:38:55.917 [main] INFO  utilities.MyCustomListener - Test finished outcome:: Duration:0, Result:PASSED, Feature:placeValidations.feature, StartTime:2025-04-01T21:38:55.599+05:30[Asia/Calcutta], TestFailedStep:0, TestFailedStepLine:null, FailureCause:null
21:38:56.016 [main] INFO  factory.DBConnection - Execution of the query: 'INSERT INTO Auto_Run_Dtls (Run_Id, Run_Region, Scenario, Feature, Module, Run_Date, Duration, Status, Failure_Cause)  
VALUES ((Select MAX(Run_id) from Auto_Run_Stat), 'QA', '1 Verify if place being successfully added using AddPlaceAPI', 'placeValidations.feature', 'GoogleAPI', '2025-04-01', 0, 'PASSED', '')' is successful with number of rows updated: 1
21:38:56.047 [main] INFO  stepDefinitions.Hooks - Entered before scenario
21:38:56.063 [main] INFO  utilities.MyCustomListener - 
 _____ _____ ____ _____   ____ _____  _    ____ _____ _____ ____  
|_   _| ____/ ___|_   _| / ___|_   _|/ \  |  _ \_   _| ____|  _ \ 
  | | |  _| \___ \ | |   \___ \ | | / _ \ | |_) || | |  _| | | | |
  | | | |___ ___) || |    ___) || |/ ___ \|  _ < | | | |___| |_| |
  |_| |_____|____/ |_|   |____/ |_/_/   \_\_| \_\|_| |_____|____/ 

TEST STARTED: 2 Verify if place details fetching successfully by GetPlaceAPI 
----------------------------------------------------------------------(src/test/resources/features/GoogleAPI/placeValidations.feature; 2 Verify if place details fetching successfully by GetPlaceAPI)
21:38:56.094 [main] INFO  utilities.BaseClass - List of query param's: 
{key=qaclick123, place_id=9609202714afca3bb8ba6fe2d96d9816}
21:38:56.094 [main] INFO  utilities.BaseClass - RestAPI url: https://rahulshettyacademy.com/maps/api/place/get/json
21:38:57.402 [main] INFO  utilities.BaseClass - Response code: 200
21:38:57.402 [main] INFO  utilities.BaseClass - Response: {
    "location": {
        "latitude": "-31.388192",
        "longitude": "37.589062"
    },
    "accuracy": "50",
    "name": "atest",
    "phone_number": "(+91) 983 893 3937",
    "address": "Maratahalli, Bangalore",
    "types": "shoe park,shop",
    "website": "http://google.com",
    "language": "India-IND"
}
21:38:57.464 [main] INFO  utilities.MyCustomListener - 
        __    _____ _____ ____ _____   ____   _    ____  ____  _____ ____  
  _     \ \  |_   _| ____/ ___|_   _| |  _ \ / \  / ___|/ ___|| ____|  _ \ 
 (_)_____| |   | | |  _| \___ \ | |   | |_) / _ \ \___ \\___ \|  _| | | | |
  _|_____| |   | | | |___ ___) || |   |  __/ ___ \ ___) |___) | |___| |_| |
 (_)     | |   |_| |_____|____/ |_|   |_| /_/   \_\____/|____/|_____|____/ 
        /_/                                                                

TEST PASSED: 2 Verify if place details fetching successfully by GetPlaceAPI 
----------------------------------------------------------------------
21:38:57.464 [main] INFO  stepDefinitions.Hooks - Entered after scenario
21:38:57.464 [main] INFO  utilities.MyCustomListener - Test finished outcome:: Duration:1, Result:PASSED, Feature:placeValidations.feature, StartTime:2025-04-01T21:38:56.032+05:30[Asia/Calcutta], TestFailedStep:0, TestFailedStepLine:null, FailureCause:null
21:38:57.535 [main] INFO  factory.DBConnection - Execution of the query: 'INSERT INTO Auto_Run_Dtls (Run_Id, Run_Region, Scenario, Feature, Module, Run_Date, Duration, Status, Failure_Cause)  
VALUES ((Select MAX(Run_id) from Auto_Run_Stat), 'QA', '2 Verify if place details fetching successfully by GetPlaceAPI', 'placeValidations.feature', 'GoogleAPI', '2025-04-01', 1, 'PASSED', '')' is successful with number of rows updated: 1
21:38:57.567 [main] INFO  stepDefinitions.Hooks - Entered before scenario
21:38:57.567 [main] INFO  utilities.MyCustomListener - 
 _____ _____ ____ _____   ____ _____  _    ____ _____ _____ ____  
|_   _| ____/ ___|_   _| / ___|_   _|/ \  |  _ \_   _| ____|  _ \ 
  | | |  _| \___ \ | |   \___ \ | | / _ \ | |_) || | |  _| | | | |
  | | | |___ ___) || |    ___) || |/ ___ \|  _ < | | | |___| |_| |
  |_| |_____|____/ |_|   |____/ |_/_/   \_\_| \_\|_| |_____|____/ 

TEST STARTED: 3 Verify if place details fetching successfully by UpdatePlaceAPI 
----------------------------------------------------------------------(src/test/resources/features/GoogleAPI/placeValidations.feature; 3 Verify if place details fetching successfully by UpdatePlaceAPI)
21:38:57.581 [main] INFO  utilities.BaseClass - List of query param's: 
{key=qaclick123}
21:38:57.581 [main] INFO  utilities.BaseClass - "place_id":"{$place_id}",
21:38:57.581 [main] INFO  utilities.BaseClass - "address":"{$address}",
21:38:57.581 [main] INFO  utilities.BaseClass - "key":"{$key}"
21:38:57.581 [main] INFO  utilities.BaseClass - RestAPI url: https://rahulshettyacademy.com/maps/api/place/update/json
21:38:59.471 [main] INFO  utilities.BaseClass - Rest Request: 
{
"place_id":"9609202714afca3bb8ba6fe2d96d9816",
"address":"HSR Layout",
"key":"qaclick123"
}

21:38:59.484 [main] INFO  utilities.BaseClass - Response code: 200
21:38:59.484 [main] INFO  utilities.BaseClass - Response: {
    "msg": "Address successfully updated"
}
21:38:59.515 [main] INFO  utilities.MyCustomListener - 
        __    _____ _____ ____ _____   ____   _    ____  ____  _____ ____  
  _     \ \  |_   _| ____/ ___|_   _| |  _ \ / \  / ___|/ ___|| ____|  _ \ 
 (_)_____| |   | | |  _| \___ \ | |   | |_) / _ \ \___ \\___ \|  _| | | | |
  _|_____| |   | | | |___ ___) || |   |  __/ ___ \ ___) |___) | |___| |_| |
 (_)     | |   |_| |_____|____/ |_|   |_| /_/   \_\____/|____/|_____|____/ 
        /_/                                                                

TEST PASSED: 3 Verify if place details fetching successfully by UpdatePlaceAPI 
----------------------------------------------------------------------
21:38:59.515 [main] INFO  stepDefinitions.Hooks - Entered after scenario
21:38:59.515 [main] INFO  utilities.MyCustomListener - Test finished outcome:: Duration:1, Result:PASSED, Feature:placeValidations.feature, StartTime:2025-04-01T21:38:57.564+05:30[Asia/Calcutta], TestFailedStep:0, TestFailedStepLine:null, FailureCause:null
21:38:59.576 [main] INFO  factory.DBConnection - Execution of the query: 'INSERT INTO Auto_Run_Dtls (Run_Id, Run_Region, Scenario, Feature, Module, Run_Date, Duration, Status, Failure_Cause)  
VALUES ((Select MAX(Run_id) from Auto_Run_Stat), 'QA', '3 Verify if place details fetching successfully by UpdatePlaceAPI', 'placeValidations.feature', 'GoogleAPI', '2025-04-01', 1, 'PASSED', '')' is successful with number of rows updated: 1
21:38:59.598 [main] INFO  stepDefinitions.Hooks - Entered before scenario
21:38:59.598 [main] INFO  utilities.MyCustomListener - 
 _____ _____ ____ _____   ____ _____  _    ____ _____ _____ ____  
|_   _| ____/ ___|_   _| / ___|_   _|/ \  |  _ \_   _| ____|  _ \ 
  | | |  _| \___ \ | |   \___ \ | | / _ \ | |_) || | |  _| | | | |
  | | | |___ ___) || |    ___) || |/ ___ \|  _ < | | | |___| |_| |
  |_| |_____|____/ |_|   |____/ |_/_/   \_\_| \_\|_| |_____|____/ 

TEST STARTED: 4 Verify if place details fetching successfully by DeletePlaceAPI 
----------------------------------------------------------------------(src/test/resources/features/GoogleAPI/placeValidations.feature; 4 Verify if place details fetching successfully by DeletePlaceAPI)
21:38:59.615 [main] INFO  utilities.BaseClass - List of query param's: 
{key=qaclick123}
21:38:59.615 [main] INFO  utilities.BaseClass -     "place_id":"{$place_id}"
21:38:59.615 [main] INFO  utilities.BaseClass - RestAPI url: https://rahulshettyacademy.com/maps/api/place/delete/json
21:39:01.499 [main] INFO  utilities.BaseClass - Rest Request: 
{
    "place_id":"9609202714afca3bb8ba6fe2d96d9816"
}

21:39:01.531 [main] INFO  utilities.BaseClass - Response code: 200
21:39:01.532 [main] INFO  utilities.BaseClass - Response: {
    "status": "OK"
}
21:39:01.554 [main] INFO  utilities.MyCustomListener - 
        __    _____ _____ ____ _____   ____   _    ____  ____  _____ ____  
  _     \ \  |_   _| ____/ ___|_   _| |  _ \ / \  / ___|/ ___|| ____|  _ \ 
 (_)_____| |   | | |  _| \___ \ | |   | |_) / _ \ \___ \\___ \|  _| | | | |
  _|_____| |   | | | |___ ___) || |   |  __/ ___ \ ___) |___) | |___| |_| |
 (_)     | |   |_| |_____|____/ |_|   |_| /_/   \_\____/|____/|_____|____/ 
        /_/                                                                

TEST PASSED: 4 Verify if place details fetching successfully by DeletePlaceAPI 
----------------------------------------------------------------------
21:39:01.554 [main] INFO  stepDefinitions.Hooks - Entered after scenario
21:39:01.554 [main] INFO  utilities.MyCustomListener - Test finished outcome:: Duration:1, Result:PASSED, Feature:placeValidations.feature, StartTime:2025-04-01T21:38:59.598+05:30[Asia/Calcutta], TestFailedStep:0, TestFailedStepLine:null, FailureCause:null
21:39:01.622 [main] INFO  factory.DBConnection - Execution of the query: 'INSERT INTO Auto_Run_Dtls (Run_Id, Run_Region, Scenario, Feature, Module, Run_Date, Duration, Status, Failure_Cause)  
VALUES ((Select MAX(Run_id) from Auto_Run_Stat), 'QA', '4 Verify if place details fetching successfully by DeletePlaceAPI', 'placeValidations.feature', 'GoogleAPI', '2025-04-01', 1, 'PASSED', '')' is successful with number of rows updated: 1
21:39:01.638 [main] INFO  stepDefinitions.Hooks - ===================== Run Statistics =====================
21:39:01.638 [main] INFO  stepDefinitions.Hooks - Automation Suit Completed on QA environment
21:39:01.638 [main] INFO  utilities.MyCustomListener - Automation Suite Finished at: 2025-04-01 21:39:01
21:39:01.638 [main] INFO  utilities.MyCustomListener - Run Duration: 0h 0m 14s
21:39:01.638 [main] INFO  utilities.MyCustomListener - Run status: PASSED
