20:39:16.806 [main] INFO  utilities.MyCustomListener - 
    _     __  __  _______   ___   ____   ____     _   _______  _   ___   ____    _                 
   / \   | |  | ||__   __| / _ \ | |\ \ / /| |   / \ |__   __|| | / - \ | |\ \  | |    
  / _ \  | |  | |   | |   | / \ || |  \_/  | |  / _ \   | |   | || / \ || | \ \ | |     
 / ___ \ | \__/ |   | |   | \_/ || |       | | / --- \  | |   | || \_/ || |  \ \| |     
/_/   \_\ \____/    |_|    \___/ |_|       |_|/_/   \_\ |_|   |_| \___/ |_|   \__/     
--------------------------------------------------------------------------------------------
20:39:16.837 [main] INFO  utilities.MyCustomListener - Automation Suite Started at: 2025-04-01 20:39:16
20:39:17.006 [main] INFO  factory.ReadConfigFiles - configuration properties loaded successfully from: E:\Jenkins\RestAssured_Cucumber_Serenity//configure.properties
20:39:17.007 [main] INFO  factory.ReadConfigFiles - API endpoints properties loaded successfully from: E:\Jenkins\RestAssured_Cucumber_Serenity//src//test//resources//properties//restAPIDetails.properties
20:39:17.007 [main] INFO  stepDefinitions.Hooks - Automation Suit Started on QA environment
20:39:17.019 [main] INFO  utilities.MyCustomListener - Global & Input values are cleared before feature started: EndtoEnd_E_commerce.feature
20:39:17.305 [main] INFO  utilities.MyCustomListener - Global & Input values are cleared before feature started: placeValidations.feature
20:39:17.328 [main] INFO  utilities.MyCustomListener - Global & Input values are cleared before feature started: EndtoEnd_E_commerce.feature
20:39:17.852 [main] INFO  stepDefinitions.Hooks - Entered before scenario
20:39:17.853 [main] INFO  utilities.MyCustomListener - 
 _____ _____ ____ _____   ____ _____  _    ____ _____ _____ ____  
|_   _| ____/ ___|_   _| / ___|_   _|/ \  |  _ \_   _| ____|  _ \ 
  | | |  _| \___ \ | |   \___ \ | | / _ \ | |_) || | |  _| | | | |
  | | | |___ ___) || |    ___) || |/ ___ \|  _ < | | | |___| |_| |
  |_| |_____|____/ |_|   |____/ |_/_/   \_\_| \_\|_| |_____|____/ 

TEST STARTED: 1 Verify the login API, whether able to login 
----------------------------------------------------------------------(src/test/resources/features/EcommerceAPI/EndtoEnd_E_commerce.feature; 1 Verify the login API, whether able to login)
20:39:19.107 [main] INFO  utilities.BaseClass - List of header's: 
{Content-Type=application/json}
20:39:19.129 [main] INFO  utilities.BaseClass -     "userEmail": "{$userEmail}",
20:39:19.130 [main] INFO  utilities.BaseClass -     "userPassword": "{$password}"
20:39:19.130 [main] INFO  utilities.BaseClass - RestAPI url: https://rahulshettyacademy.com/api/ecom/auth/login
20:39:21.814 [main] INFO  utilities.BaseClass - Rest Request: 
{
    "userEmail": "postman55@gmail.com",
    "userPassword": "Naidu@117"
}

20:39:21.829 [main] INFO  utilities.BaseClass - Response code: 200
20:39:21.929 [main] INFO  utilities.BaseClass - Response: {
    "token": "eyJhbGciOiJIUzI1NiIsInR5cCI6IkpXVCJ9.eyJfaWQiOiI2M2E5Y2RlMTAzODQxZTljOWE2MGQ0YjgiLCJ1c2VyRW1haWwiOiJwb3N0bWFuNTVAZ21haWwuY29tIiwidXNlck1vYmlsZSI6MTIzNDU2Nzg5MCwidXNlclJvbGUiOiJjdXN0b21lciIsImlhdCI6MTc0MzUyMDE1NiwiZXhwIjoxNzc1MDc3NzU2fQ.lrS9Su36EDXpimW-O721jBvgt__MkCx9FA09audCQAA",
    "userId": "63a9cde103841e9c9a60d4b8",
    "message": "Login Successfully"
}
20:39:23.356 [main] INFO  utilities.MyCustomListener - 
        __    _____ _____ ____ _____   ____   _    ____  ____  _____ ____  
  _     \ \  |_   _| ____/ ___|_   _| |  _ \ / \  / ___|/ ___|| ____|  _ \ 
 (_)_____| |   | | |  _| \___ \ | |   | |_) / _ \ \___ \\___ \|  _| | | | |
  _|_____| |   | | | |___ ___) || |   |  __/ ___ \ ___) |___) | |___| |_| |
 (_)     | |   |_| |_____|____/ |_|   |_| /_/   \_\____/|____/|_____|____/ 
        /_/                                                                

TEST PASSED: 1 Verify the login API, whether able to login 
----------------------------------------------------------------------
20:39:23.356 [main] INFO  stepDefinitions.Hooks - Entered after scenario
20:39:23.356 [main] INFO  utilities.MyCustomListener - Test finished outcome:: Duration:5, Result:PASSED, Feature:EndtoEnd_E_commerce.feature, StartTime:2025-04-01T20:39:17.470+05:30[Asia/Calcutta], TestFailedStep:0, TestFailedStepLine:null, FailureCause:null
20:39:24.219 [main] INFO  factory.DBConnection - Execution of the query: 'INSERT INTO Auto_Run_Dtls (Run_Id, Run_Region, Scenario, Feature, Module, Run_Date, Duration, Status, Failure_Cause)  
VALUES ((Select MAX(Run_id) from Auto_Run_Stat), 'QA', '1 Verify the login API, whether able to login', 'EndtoEnd_E_commerce.feature', 'EcommerceAPI', '2025-04-01', 5, 'PASSED', '')' is successful with number of rows updated: 1
20:39:24.335 [main] INFO  stepDefinitions.Hooks - Entered before scenario
20:39:24.335 [main] INFO  utilities.MyCustomListener - 
 _____ _____ ____ _____   ____ _____  _    ____ _____ _____ ____  
|_   _| ____/ ___|_   _| / ___|_   _|/ \  |  _ \_   _| ____|  _ \ 
  | | |  _| \___ \ | |   \___ \ | | / _ \ | |_) || | |  _| | | | |
  | | | |___ ___) || |    ___) || |/ ___ \|  _ < | | | |___| |_| |
  |_| |_____|____/ |_|   |____/ |_/_/   \_\_| \_\|_| |_____|____/ 

TEST STARTED: 2 Verify the Product API, whether able to create a new product 
----------------------------------------------------------------------(src/test/resources/features/EcommerceAPI/EndtoEnd_E_commerce.feature; 2 Verify the Product API, whether able to create a new product)
20:39:24.380 [main] INFO  utilities.BaseClass - List of header's: 
{Authorization=eyJhbGciOiJIUzI1NiIsInR5cCI6IkpXVCJ9.eyJfaWQiOiI2M2E5Y2RlMTAzODQxZTljOWE2MGQ0YjgiLCJ1c2VyRW1haWwiOiJwb3N0bWFuNTVAZ21haWwuY29tIiwidXNlck1vYmlsZSI6MTIzNDU2Nzg5MCwidXNlclJvbGUiOiJjdXN0b21lciIsImlhdCI6MTc0MzUyMDE1NiwiZXhwIjoxNzc1MDc3NzU2fQ.lrS9Su36EDXpimW-O721jBvgt__MkCx9FA09audCQAA, Content-Type=multipart/form-data}
20:39:24.394 [main] ERROR Loader.class - Global value for key 'productImage-file' is null
20:39:24.424 [main] INFO  utilities.BaseClass - List of form-data: 
{productImage-file=./src/test/resources/images/productImage.jpg, productSubCategory=shirts, productFor=women, productName=T-shirt_191, productPrice=1500, productDescription=Addias Originals, productAddedBy=63a9cde103841e9c9a60d4b8, productCategory=fashion}
20:39:24.424 [main] INFO  utilities.BaseClass - RestAPI url: https://rahulshettyacademy.com/api/ecom/product/add-product
20:39:24.887 [main] INFO  utilities.BaseClass - Response code: 201
20:39:24.887 [main] INFO  utilities.BaseClass - Response: {
    "productId": "67ec019ffc76541aad1b3726",
    "message": "Product Added Successfully"
}
20:39:24.968 [main] INFO  utilities.MyCustomListener - 
        __    _____ _____ ____ _____   ____   _    ____  ____  _____ ____  
  _     \ \  |_   _| ____/ ___|_   _| |  _ \ / \  / ___|/ ___|| ____|  _ \ 
 (_)_____| |   | | |  _| \___ \ | |   | |_) / _ \ \___ \\___ \|  _| | | | |
  _|_____| |   | | | |___ ___) || |   |  __/ ___ \ ___) |___) | |___| |_| |
 (_)     | |   |_| |_____|____/ |_|   |_| /_/   \_\____/|____/|_____|____/ 
        /_/                                                                

TEST PASSED: 2 Verify the Product API, whether able to create a new product 
----------------------------------------------------------------------
20:39:24.968 [main] INFO  stepDefinitions.Hooks - Entered after scenario
20:39:24.968 [main] INFO  utilities.MyCustomListener - Test finished outcome:: Duration:0, Result:PASSED, Feature:EndtoEnd_E_commerce.feature, StartTime:2025-04-01T20:39:24.298+05:30[Asia/Calcutta], TestFailedStep:0, TestFailedStepLine:null, FailureCause:null
20:39:25.099 [main] INFO  factory.DBConnection - Execution of the query: 'INSERT INTO Auto_Run_Dtls (Run_Id, Run_Region, Scenario, Feature, Module, Run_Date, Duration, Status, Failure_Cause)  
VALUES ((Select MAX(Run_id) from Auto_Run_Stat), 'QA', '2 Verify the Product API, whether able to create a new product', 'EndtoEnd_E_commerce.feature', 'EcommerceAPI', '2025-04-01', 0, 'PASSED', '')' is successful with number of rows updated: 1
20:39:25.236 [main] INFO  stepDefinitions.Hooks - Entered before scenario
20:39:25.237 [main] INFO  utilities.MyCustomListener - 
 _____ _____ ____ _____   ____ _____  _    ____ _____ _____ ____  
|_   _| ____/ ___|_   _| / ___|_   _|/ \  |  _ \_   _| ____|  _ \ 
  | | |  _| \___ \ | |   \___ \ | | / _ \ | |_) || | |  _| | | | |
  | | | |___ ___) || |    ___) || |/ ___ \|  _ < | | | |___| |_| |
  |_| |_____|____/ |_|   |____/ |_/_/   \_\_| \_\|_| |_____|____/ 

TEST STARTED: 3 Verify the Order API, whether able to create a new order 
----------------------------------------------------------------------(src/test/resources/features/EcommerceAPI/EndtoEnd_E_commerce.feature; 3 Verify the Order API, whether able to create a new order)
20:39:25.338 [main] INFO  utilities.BaseClass - List of header's: 
{Authorization=eyJhbGciOiJIUzI1NiIsInR5cCI6IkpXVCJ9.eyJfaWQiOiI2M2E5Y2RlMTAzODQxZTljOWE2MGQ0YjgiLCJ1c2VyRW1haWwiOiJwb3N0bWFuNTVAZ21haWwuY29tIiwidXNlck1vYmlsZSI6MTIzNDU2Nzg5MCwidXNlclJvbGUiOiJjdXN0b21lciIsImlhdCI6MTc0MzUyMDE1NiwiZXhwIjoxNzc1MDc3NzU2fQ.lrS9Su36EDXpimW-O721jBvgt__MkCx9FA09audCQAA, Content-Type=application/json}
20:39:25.354 [main] INFO  utilities.BaseClass -             "country": "{$country}",
20:39:25.355 [main] INFO  utilities.BaseClass -             "productOrderedId": "{$productId}"
20:39:25.356 [main] INFO  utilities.BaseClass - RestAPI url: https://rahulshettyacademy.com/api/ecom/order/create-order
20:39:25.574 [main] INFO  utilities.BaseClass - Rest Request: 
{
    "orders": [
        {
            "country": "India",
            "productOrderedId": "67ec019ffc76541aad1b3726"
        }
    ]
}

20:39:25.587 [main] INFO  utilities.BaseClass - Response code: 201
20:39:25.587 [main] INFO  utilities.BaseClass - Response: {
    "orders": [
        "67ec01a0fc76541aad1b3732"
    ],
    "productOrderId": [
        "67ec019ffc76541aad1b3726"
    ],
    "message": "Order Placed Successfully"
}
20:39:25.864 [main] INFO  utilities.MyCustomListener - 
        __    _____ _____ ____ _____   ____   _    ____  ____  _____ ____  
  _     \ \  |_   _| ____/ ___|_   _| |  _ \ / \  / ___|/ ___|| ____|  _ \ 
 (_)_____| |   | | |  _| \___ \ | |   | |_) / _ \ \___ \\___ \|  _| | | | |
  _|_____| |   | | | |___ ___) || |   |  __/ ___ \ ___) |___) | |___| |_| |
 (_)     | |   |_| |_____|____/ |_|   |_| /_/   \_\____/|____/|_____|____/ 
        /_/                                                                

TEST PASSED: 3 Verify the Order API, whether able to create a new order 
----------------------------------------------------------------------
20:39:25.864 [main] INFO  stepDefinitions.Hooks - Entered after scenario
20:39:25.864 [main] INFO  utilities.MyCustomListener - Test finished outcome:: Duration:0, Result:PASSED, Feature:EndtoEnd_E_commerce.feature, StartTime:2025-04-01T20:39:25.207+05:30[Asia/Calcutta], TestFailedStep:0, TestFailedStepLine:null, FailureCause:null
20:39:26.016 [main] INFO  factory.DBConnection - Execution of the query: 'INSERT INTO Auto_Run_Dtls (Run_Id, Run_Region, Scenario, Feature, Module, Run_Date, Duration, Status, Failure_Cause)  
VALUES ((Select MAX(Run_id) from Auto_Run_Stat), 'QA', '3 Verify the Order API, whether able to create a new order', 'EndtoEnd_E_commerce.feature', 'EcommerceAPI', '2025-04-01', 0, 'PASSED', '')' is successful with number of rows updated: 1
20:39:26.067 [main] INFO  stepDefinitions.Hooks - Entered before scenario
20:39:26.067 [main] INFO  utilities.MyCustomListener - 
 _____ _____ ____ _____   ____ _____  _    ____ _____ _____ ____  
|_   _| ____/ ___|_   _| / ___|_   _|/ \  |  _ \_   _| ____|  _ \ 
  | | |  _| \___ \ | |   \___ \ | | / _ \ | |_) || | |  _| | | | |
  | | | |___ ___) || |    ___) || |/ ___ \|  _ < | | | |___| |_| |
  |_| |_____|____/ |_|   |____/ |_/_/   \_\_| \_\|_| |_____|____/ 

TEST STARTED: 4 Verify the Order Detail API, whether able to fetch order details 
----------------------------------------------------------------------(src/test/resources/features/EcommerceAPI/EndtoEnd_E_commerce.feature; 4 Verify the Order Detail API, whether able to fetch order details)
20:39:26.082 [main] INFO  utilities.BaseClass - List of header's: 
{Authorization=eyJhbGciOiJIUzI1NiIsInR5cCI6IkpXVCJ9.eyJfaWQiOiI2M2E5Y2RlMTAzODQxZTljOWE2MGQ0YjgiLCJ1c2VyRW1haWwiOiJwb3N0bWFuNTVAZ21haWwuY29tIiwidXNlck1vYmlsZSI6MTIzNDU2Nzg5MCwidXNlclJvbGUiOiJjdXN0b21lciIsImlhdCI6MTc0MzUyMDE1NiwiZXhwIjoxNzc1MDc3NzU2fQ.lrS9Su36EDXpimW-O721jBvgt__MkCx9FA09audCQAA, Content-Type=application/json}
20:39:26.117 [main] INFO  utilities.BaseClass - List of query param's: 
{id=67ec01a0fc76541aad1b3732}
20:39:26.125 [main] INFO  utilities.BaseClass - RestAPI url: https://rahulshettyacademy.com/api/ecom/order/get-orders-details
20:39:26.398 [main] INFO  utilities.BaseClass - Response code: 200
20:39:26.415 [main] INFO  utilities.BaseClass - Response: {
    "data": {
        "_id": "67ec01a0fc76541aad1b3732",
        "orderById": "63a9cde103841e9c9a60d4b8",
        "orderBy": "postman55@gmail.com",
        "productOrderedId": "67ec019ffc76541aad1b3726",
        "productName": "T-shirt_191",
        "country": "India",
        "productDescription": "Addias Originals",
        "productImage": "https://rahulshettyacademy.com/api/ecom/uploads/productImage_1743520159891.jpg",
        "orderPrice": "1500",
        "__v": 0
    },
    "message": "Orders fetched for customer Successfully"
}
20:39:26.534 [main] INFO  utilities.MyCustomListener - 
        __    _____ _____ ____ _____   ____   _    ____  ____  _____ ____  
  _     \ \  |_   _| ____/ ___|_   _| |  _ \ / \  / ___|/ ___|| ____|  _ \ 
 (_)_____| |   | | |  _| \___ \ | |   | |_) / _ \ \___ \\___ \|  _| | | | |
  _|_____| |   | | | |___ ___) || |   |  __/ ___ \ ___) |___) | |___| |_| |
 (_)     | |   |_| |_____|____/ |_|   |_| /_/   \_\____/|____/|_____|____/ 
        /_/                                                                

TEST PASSED: 4 Verify the Order Detail API, whether able to fetch order details 
----------------------------------------------------------------------
20:39:26.534 [main] INFO  stepDefinitions.Hooks - Entered after scenario
20:39:26.534 [main] INFO  utilities.MyCustomListener - Test finished outcome:: Duration:0, Result:PASSED, Feature:EndtoEnd_E_commerce.feature, StartTime:2025-04-01T20:39:26.049+05:30[Asia/Calcutta], TestFailedStep:0, TestFailedStepLine:null, FailureCause:null
20:39:26.636 [main] INFO  factory.DBConnection - Execution of the query: 'INSERT INTO Auto_Run_Dtls (Run_Id, Run_Region, Scenario, Feature, Module, Run_Date, Duration, Status, Failure_Cause)  
VALUES ((Select MAX(Run_id) from Auto_Run_Stat), 'QA', '4 Verify the Order Detail API, whether able to fetch order details', 'EndtoEnd_E_commerce.feature', 'EcommerceAPI', '2025-04-01', 0, 'PASSED', '')' is successful with number of rows updated: 1
20:39:26.718 [main] INFO  stepDefinitions.Hooks - Entered before scenario
20:39:26.719 [main] INFO  utilities.MyCustomListener - 
 _____ _____ ____ _____   ____ _____  _    ____ _____ _____ ____  
|_   _| ____/ ___|_   _| / ___|_   _|/ \  |  _ \_   _| ____|  _ \ 
  | | |  _| \___ \ | |   \___ \ | | / _ \ | |_) || | |  _| | | | |
  | | | |___ ___) || |    ___) || |/ ___ \|  _ < | | | |___| |_| |
  |_| |_____|____/ |_|   |____/ |_/_/   \_\_| \_\|_| |_____|____/ 

TEST STARTED: 5 Verify the Order Delete API, whether able to delete order 
----------------------------------------------------------------------(src/test/resources/features/EcommerceAPI/EndtoEnd_E_commerce.feature; 5 Verify the Order Delete API, whether able to delete order)
20:39:26.720 [main] INFO  utilities.BaseClass - List of header's: 
{Authorization=eyJhbGciOiJIUzI1NiIsInR5cCI6IkpXVCJ9.eyJfaWQiOiI2M2E5Y2RlMTAzODQxZTljOWE2MGQ0YjgiLCJ1c2VyRW1haWwiOiJwb3N0bWFuNTVAZ21haWwuY29tIiwidXNlck1vYmlsZSI6MTIzNDU2Nzg5MCwidXNlclJvbGUiOiJjdXN0b21lciIsImlhdCI6MTc0MzUyMDE1NiwiZXhwIjoxNzc1MDc3NzU2fQ.lrS9Su36EDXpimW-O721jBvgt__MkCx9FA09audCQAA, Content-Type=application/json}
20:39:26.736 [main] INFO  utilities.BaseClass - List of path param's: 
{OrderId=67ec01a0fc76541aad1b3732}
20:39:26.752 [main] INFO  utilities.BaseClass - RestAPI url: https://rahulshettyacademy.com/api/ecom/order/delete-order/{OrderId}
20:39:26.985 [main] INFO  utilities.BaseClass - Response code: 200
20:39:26.985 [main] INFO  utilities.BaseClass - Response: {
    "message": "Orders Deleted Successfully"
}
20:39:27.039 [main] INFO  utilities.MyCustomListener - 
        __    _____ _____ ____ _____   ____   _    ____  ____  _____ ____  
  _     \ \  |_   _| ____/ ___|_   _| |  _ \ / \  / ___|/ ___|| ____|  _ \ 
 (_)_____| |   | | |  _| \___ \ | |   | |_) / _ \ \___ \\___ \|  _| | | | |
  _|_____| |   | | | |___ ___) || |   |  __/ ___ \ ___) |___) | |___| |_| |
 (_)     | |   |_| |_____|____/ |_|   |_| /_/   \_\____/|____/|_____|____/ 
        /_/                                                                

TEST PASSED: 5 Verify the Order Delete API, whether able to delete order 
----------------------------------------------------------------------
20:39:27.040 [main] INFO  stepDefinitions.Hooks - Entered after scenario
20:39:27.041 [main] INFO  utilities.MyCustomListener - Test finished outcome:: Duration:0, Result:PASSED, Feature:EndtoEnd_E_commerce.feature, StartTime:2025-04-01T20:39:26.692+05:30[Asia/Calcutta], TestFailedStep:0, TestFailedStepLine:null, FailureCause:null
20:39:27.242 [main] INFO  factory.DBConnection - Execution of the query: 'INSERT INTO Auto_Run_Dtls (Run_Id, Run_Region, Scenario, Feature, Module, Run_Date, Duration, Status, Failure_Cause)  
VALUES ((Select MAX(Run_id) from Auto_Run_Stat), 'QA', '5 Verify the Order Delete API, whether able to delete order', 'EndtoEnd_E_commerce.feature', 'EcommerceAPI', '2025-04-01', 0, 'PASSED', '')' is successful with number of rows updated: 1
20:39:27.301 [main] INFO  stepDefinitions.Hooks - Entered before scenario
20:39:27.302 [main] INFO  utilities.MyCustomListener - 
 _____ _____ ____ _____   ____ _____  _    ____ _____ _____ ____  
|_   _| ____/ ___|_   _| / ___|_   _|/ \  |  _ \_   _| ____|  _ \ 
  | | |  _| \___ \ | |   \___ \ | | / _ \ | |_) || | |  _| | | | |
  | | | |___ ___) || |    ___) || |/ ___ \|  _ < | | | |___| |_| |
  |_| |_____|____/ |_|   |____/ |_/_/   \_\_| \_\|_| |_____|____/ 

TEST STARTED: 6 Verify the Product Delete API, whether able to delete product 
----------------------------------------------------------------------(src/test/resources/features/EcommerceAPI/EndtoEnd_E_commerce.feature; 6 Verify the Product Delete API, whether able to delete product)
20:39:27.302 [main] INFO  utilities.BaseClass - List of header's: 
{Authorization=eyJhbGciOiJIUzI1NiIsInR5cCI6IkpXVCJ9.eyJfaWQiOiI2M2E5Y2RlMTAzODQxZTljOWE2MGQ0YjgiLCJ1c2VyRW1haWwiOiJwb3N0bWFuNTVAZ21haWwuY29tIiwidXNlck1vYmlsZSI6MTIzNDU2Nzg5MCwidXNlclJvbGUiOiJjdXN0b21lciIsImlhdCI6MTc0MzUyMDE1NiwiZXhwIjoxNzc1MDc3NzU2fQ.lrS9Su36EDXpimW-O721jBvgt__MkCx9FA09audCQAA, Content-Type=application/json}
20:39:27.333 [main] INFO  utilities.BaseClass - List of path param's: 
{productId=67ec019ffc76541aad1b3726}
20:39:27.339 [main] INFO  utilities.BaseClass - RestAPI url: https://rahulshettyacademy.com/api/ecom/product/delete-product/{productId}
20:39:27.509 [main] INFO  utilities.BaseClass - Response code: 200
20:39:27.510 [main] INFO  utilities.BaseClass - Response: {
    "message": "Product Deleted Successfully"
}
20:39:27.535 [main] INFO  utilities.MyCustomListener - 
        __    _____ _____ ____ _____   ____   _    ____  ____  _____ ____  
  _     \ \  |_   _| ____/ ___|_   _| |  _ \ / \  / ___|/ ___|| ____|  _ \ 
 (_)_____| |   | | |  _| \___ \ | |   | |_) / _ \ \___ \\___ \|  _| | | | |
  _|_____| |   | | | |___ ___) || |   |  __/ ___ \ ___) |___) | |___| |_| |
 (_)     | |   |_| |_____|____/ |_|   |_| /_/   \_\____/|____/|_____|____/ 
        /_/                                                                

TEST PASSED: 6 Verify the Product Delete API, whether able to delete product 
----------------------------------------------------------------------
20:39:27.535 [main] INFO  stepDefinitions.Hooks - Entered after scenario
20:39:27.535 [main] INFO  utilities.MyCustomListener - Test finished outcome:: Duration:0, Result:PASSED, Feature:EndtoEnd_E_commerce.feature, StartTime:2025-04-01T20:39:27.273+05:30[Asia/Calcutta], TestFailedStep:0, TestFailedStepLine:null, FailureCause:null
20:39:27.672 [main] INFO  factory.DBConnection - Execution of the query: 'INSERT INTO Auto_Run_Dtls (Run_Id, Run_Region, Scenario, Feature, Module, Run_Date, Duration, Status, Failure_Cause)  
VALUES ((Select MAX(Run_id) from Auto_Run_Stat), 'QA', '6 Verify the Product Delete API, whether able to delete product', 'EndtoEnd_E_commerce.feature', 'EcommerceAPI', '2025-04-01', 0, 'PASSED', '')' is successful with number of rows updated: 1
20:39:27.716 [main] INFO  utilities.MyCustomListener - Global & Input values are cleared before feature started: placeValidations.feature
20:39:27.769 [main] INFO  stepDefinitions.Hooks - Entered before scenario
20:39:27.769 [main] INFO  utilities.MyCustomListener - 
 _____ _____ ____ _____   ____ _____  _    ____ _____ _____ ____  
|_   _| ____/ ___|_   _| / ___|_   _|/ \  |  _ \_   _| ____|  _ \ 
  | | |  _| \___ \ | |   \___ \ | | / _ \ | |_) || | |  _| | | | |
  | | | |___ ___) || |    ___) || |/ ___ \|  _ < | | | |___| |_| |
  |_| |_____|____/ |_|   |____/ |_/_/   \_\_| \_\|_| |_____|____/ 

TEST STARTED: 1 Verify if place being successfully added using AddPlaceAPI 
----------------------------------------------------------------------(src/test/resources/features/GoogleAPI/placeValidations.feature; 1 Verify if place being successfully added using AddPlaceAPI)
20:39:27.770 [main] INFO  utilities.BaseClass - List of header's: 
{Accept=*/*, Content-Type=application/json}
20:39:27.787 [main] INFO  utilities.BaseClass - List of query param's: 
{key=qaclick123}
20:39:27.787 [main] INFO  utilities.BaseClass -     "lat": {$latitude},
20:39:27.787 [main] INFO  utilities.BaseClass -     "lng": {$longitude}
20:39:27.799 [main] INFO  utilities.BaseClass -   "name": "{$name}",
20:39:27.799 [main] INFO  utilities.BaseClass -   "address": "{$address}",
20:39:27.799 [main] INFO  utilities.BaseClass -     "{$side layout}"
20:39:27.800 [main] INFO  utilities.BaseClass -   "language": "{$language}"
20:39:27.800 [main] INFO  utilities.BaseClass - RestAPI url: https://rahulshettyacademy.com/maps/api/place/add/json
20:39:27.954 [main] INFO  utilities.BaseClass - Rest Request: 
{
  "location": {
    "lat": -31.388192,
    "lng": 37.589062
  },
  "accuracy": 50,
  "name": "atest",
  "phone_number": "(+91) 983 893 3937",
  "address": "Maratahalli, Bangalore",
  "types": [
    "shoe park",
    "shop"
  ],
  "website": "http://google.com",
  "language": "India-IND"
}

20:39:27.971 [main] INFO  utilities.BaseClass - Response code: 200
20:39:27.971 [main] INFO  utilities.BaseClass - Response: {
    "status": "OK",
    "place_id": "894b7f4434bea33bb07c89629d739955",
    "scope": "APP",
    "reference": "3322845dabbe3670a2a56f59b0d0a9153322845dabbe3670a2a56f59b0d0a915",
    "id": "3322845dabbe3670a2a56f59b0d0a915"
}
20:39:28.185 [main] INFO  utilities.MyCustomListener - 
        __    _____ _____ ____ _____   ____   _    ____  ____  _____ ____  
  _     \ \  |_   _| ____/ ___|_   _| |  _ \ / \  / ___|/ ___|| ____|  _ \ 
 (_)_____| |   | | |  _| \___ \ | |   | |_) / _ \ \___ \\___ \|  _| | | | |
  _|_____| |   | | | |___ ___) || |   |  __/ ___ \ ___) |___) | |___| |_| |
 (_)     | |   |_| |_____|____/ |_|   |_| /_/   \_\____/|____/|_____|____/ 
        /_/                                                                

TEST PASSED: 1 Verify if place being successfully added using AddPlaceAPI 
----------------------------------------------------------------------
20:39:28.185 [main] INFO  stepDefinitions.Hooks - Entered after scenario
20:39:28.185 [main] INFO  utilities.MyCustomListener - Test finished outcome:: Duration:0, Result:PASSED, Feature:placeValidations.feature, StartTime:2025-04-01T20:39:27.734+05:30[Asia/Calcutta], TestFailedStep:0, TestFailedStepLine:null, FailureCause:null
20:39:28.394 [main] INFO  factory.DBConnection - Execution of the query: 'INSERT INTO Auto_Run_Dtls (Run_Id, Run_Region, Scenario, Feature, Module, Run_Date, Duration, Status, Failure_Cause)  
VALUES ((Select MAX(Run_id) from Auto_Run_Stat), 'QA', '1 Verify if place being successfully added using AddPlaceAPI', 'placeValidations.feature', 'GoogleAPI', '2025-04-01', 0, 'PASSED', '')' is successful with number of rows updated: 1
20:39:28.482 [main] INFO  stepDefinitions.Hooks - Entered before scenario
20:39:28.482 [main] INFO  utilities.MyCustomListener - 
 _____ _____ ____ _____   ____ _____  _    ____ _____ _____ ____  
|_   _| ____/ ___|_   _| / ___|_   _|/ \  |  _ \_   _| ____|  _ \ 
  | | |  _| \___ \ | |   \___ \ | | / _ \ | |_) || | |  _| | | | |
  | | | |___ ___) || |    ___) || |/ ___ \|  _ < | | | |___| |_| |
  |_| |_____|____/ |_|   |____/ |_/_/   \_\_| \_\|_| |_____|____/ 

TEST STARTED: 2 Verify if place details fetching successfully by GetPlaceAPI 
----------------------------------------------------------------------(src/test/resources/features/GoogleAPI/placeValidations.feature; 2 Verify if place details fetching successfully by GetPlaceAPI)
20:39:28.499 [main] INFO  utilities.BaseClass - List of query param's: 
{key=qaclick123, place_id=894b7f4434bea33bb07c89629d739955}
20:39:28.523 [main] INFO  utilities.BaseClass - RestAPI url: https://rahulshettyacademy.com/maps/api/place/get/json
20:39:30.379 [main] INFO  utilities.BaseClass - Response code: 200
20:39:30.381 [main] INFO  utilities.BaseClass - Response: {
    "location": {
        "latitude": "-31.388192",
        "longitude": "37.589062"
    },
    "accuracy": "50",
    "name": "atest",
    "phone_number": "(+91) 983 893 3937",
    "address": "Maratahalli, Bangalore",
    "types": "shoe park,shop",
    "website": "http://google.com",
    "language": "India-IND"
}
20:39:30.429 [main] INFO  utilities.MyCustomListener - 
        __    _____ _____ ____ _____   ____   _    ____  ____  _____ ____  
  _     \ \  |_   _| ____/ ___|_   _| |  _ \ / \  / ___|/ ___|| ____|  _ \ 
 (_)_____| |   | | |  _| \___ \ | |   | |_) / _ \ \___ \\___ \|  _| | | | |
  _|_____| |   | | | |___ ___) || |   |  __/ ___ \ ___) |___) | |___| |_| |
 (_)     | |   |_| |_____|____/ |_|   |_| /_/   \_\____/|____/|_____|____/ 
        /_/                                                                

TEST PASSED: 2 Verify if place details fetching successfully by GetPlaceAPI 
----------------------------------------------------------------------
20:39:30.429 [main] INFO  stepDefinitions.Hooks - Entered after scenario
20:39:30.429 [main] INFO  utilities.MyCustomListener - Test finished outcome:: Duration:2, Result:PASSED, Feature:placeValidations.feature, StartTime:2025-04-01T20:39:28.423+05:30[Asia/Calcutta], TestFailedStep:0, TestFailedStepLine:null, FailureCause:null
20:39:30.495 [main] INFO  factory.DBConnection - Execution of the query: 'INSERT INTO Auto_Run_Dtls (Run_Id, Run_Region, Scenario, Feature, Module, Run_Date, Duration, Status, Failure_Cause)  
VALUES ((Select MAX(Run_id) from Auto_Run_Stat), 'QA', '2 Verify if place details fetching successfully by GetPlaceAPI', 'placeValidations.feature', 'GoogleAPI', '2025-04-01', 2, 'PASSED', '')' is successful with number of rows updated: 1
20:39:30.540 [main] INFO  stepDefinitions.Hooks - Entered before scenario
20:39:30.540 [main] INFO  utilities.MyCustomListener - 
 _____ _____ ____ _____   ____ _____  _    ____ _____ _____ ____  
|_   _| ____/ ___|_   _| / ___|_   _|/ \  |  _ \_   _| ____|  _ \ 
  | | |  _| \___ \ | |   \___ \ | | / _ \ | |_) || | |  _| | | | |
  | | | |___ ___) || |    ___) || |/ ___ \|  _ < | | | |___| |_| |
  |_| |_____|____/ |_|   |____/ |_/_/   \_\_| \_\|_| |_____|____/ 

TEST STARTED: 3 Verify if place details fetching successfully by UpdatePlaceAPI 
----------------------------------------------------------------------(src/test/resources/features/GoogleAPI/placeValidations.feature; 3 Verify if place details fetching successfully by UpdatePlaceAPI)
20:39:30.540 [main] INFO  utilities.BaseClass - List of query param's: 
{key=qaclick123}
20:39:30.540 [main] INFO  utilities.BaseClass - "place_id":"{$place_id}",
20:39:30.540 [main] INFO  utilities.BaseClass - "address":"{$address}",
20:39:30.540 [main] INFO  utilities.BaseClass - "key":"{$key}"
20:39:30.540 [main] INFO  utilities.BaseClass - RestAPI url: https://rahulshettyacademy.com/maps/api/place/update/json
20:39:32.810 [main] INFO  utilities.BaseClass - Rest Request: 
{
"place_id":"894b7f4434bea33bb07c89629d739955",
"address":"HSR Layout",
"key":"qaclick123"
}

20:39:32.815 [main] INFO  utilities.BaseClass - Response code: 200
20:39:32.816 [main] INFO  utilities.BaseClass - Response: {
    "msg": "Address successfully updated"
}
20:39:32.817 [main] INFO  utilities.MyCustomListener - 
        __    _____ _____ ____ _____   ____   _    ____  ____  _____ ____  
  _     \ \  |_   _| ____/ ___|_   _| |  _ \ / \  / ___|/ ___|| ____|  _ \ 
 (_)_____| |   | | |  _| \___ \ | |   | |_) / _ \ \___ \\___ \|  _| | | | |
  _|_____| |   | | | |___ ___) || |   |  __/ ___ \ ___) |___) | |___| |_| |
 (_)     | |   |_| |_____|____/ |_|   |_| /_/   \_\____/|____/|_____|____/ 
        /_/                                                                

TEST PASSED: 3 Verify if place details fetching successfully by UpdatePlaceAPI 
----------------------------------------------------------------------
20:39:32.817 [main] INFO  stepDefinitions.Hooks - Entered after scenario
20:39:32.817 [main] INFO  utilities.MyCustomListener - Test finished outcome:: Duration:2, Result:PASSED, Feature:placeValidations.feature, StartTime:2025-04-01T20:39:30.524+05:30[Asia/Calcutta], TestFailedStep:0, TestFailedStepLine:null, FailureCause:null
20:39:32.894 [main] INFO  factory.DBConnection - Execution of the query: 'INSERT INTO Auto_Run_Dtls (Run_Id, Run_Region, Scenario, Feature, Module, Run_Date, Duration, Status, Failure_Cause)  
VALUES ((Select MAX(Run_id) from Auto_Run_Stat), 'QA', '3 Verify if place details fetching successfully by UpdatePlaceAPI', 'placeValidations.feature', 'GoogleAPI', '2025-04-01', 2, 'PASSED', '')' is successful with number of rows updated: 1
20:39:32.909 [main] INFO  stepDefinitions.Hooks - Entered before scenario
20:39:32.924 [main] INFO  utilities.MyCustomListener - 
 _____ _____ ____ _____   ____ _____  _    ____ _____ _____ ____  
|_   _| ____/ ___|_   _| / ___|_   _|/ \  |  _ \_   _| ____|  _ \ 
  | | |  _| \___ \ | |   \___ \ | | / _ \ | |_) || | |  _| | | | |
  | | | |___ ___) || |    ___) || |/ ___ \|  _ < | | | |___| |_| |
  |_| |_____|____/ |_|   |____/ |_/_/   \_\_| \_\|_| |_____|____/ 

TEST STARTED: 4 Verify if place details fetching successfully by DeletePlaceAPI 
----------------------------------------------------------------------(src/test/resources/features/GoogleAPI/placeValidations.feature; 4 Verify if place details fetching successfully by DeletePlaceAPI)
20:39:32.924 [main] INFO  utilities.BaseClass - List of query param's: 
{key=qaclick123}
20:39:32.924 [main] INFO  utilities.BaseClass -     "place_id":"{$place_id}"
20:39:32.924 [main] INFO  utilities.BaseClass - RestAPI url: https://rahulshettyacademy.com/maps/api/place/delete/json
20:39:34.967 [main] INFO  utilities.BaseClass - Rest Request: 
{
    "place_id":"894b7f4434bea33bb07c89629d739955"
}

20:39:34.967 [main] INFO  utilities.BaseClass - Response code: 200
20:39:34.967 [main] INFO  utilities.BaseClass - Response: {
    "status": "OK"
}
20:39:35.000 [main] INFO  utilities.MyCustomListener - 
        __    _____ _____ ____ _____   ____   _    ____  ____  _____ ____  
  _     \ \  |_   _| ____/ ___|_   _| |  _ \ / \  / ___|/ ___|| ____|  _ \ 
 (_)_____| |   | | |  _| \___ \ | |   | |_) / _ \ \___ \\___ \|  _| | | | |
  _|_____| |   | | | |___ ___) || |   |  __/ ___ \ ___) |___) | |___| |_| |
 (_)     | |   |_| |_____|____/ |_|   |_| /_/   \_\____/|____/|_____|____/ 
        /_/                                                                

TEST PASSED: 4 Verify if place details fetching successfully by DeletePlaceAPI 
----------------------------------------------------------------------
20:39:35.000 [main] INFO  stepDefinitions.Hooks - Entered after scenario
20:39:35.001 [main] INFO  utilities.MyCustomListener - Test finished outcome:: Duration:2, Result:PASSED, Feature:placeValidations.feature, StartTime:2025-04-01T20:39:32.909+05:30[Asia/Calcutta], TestFailedStep:0, TestFailedStepLine:null, FailureCause:null
20:39:35.177 [main] INFO  factory.DBConnection - Execution of the query: 'INSERT INTO Auto_Run_Dtls (Run_Id, Run_Region, Scenario, Feature, Module, Run_Date, Duration, Status, Failure_Cause)  
VALUES ((Select MAX(Run_id) from Auto_Run_Stat), 'QA', '4 Verify if place details fetching successfully by DeletePlaceAPI', 'placeValidations.feature', 'GoogleAPI', '2025-04-01', 2, 'PASSED', '')' is successful with number of rows updated: 1
20:39:35.201 [main] INFO  stepDefinitions.Hooks - ===================== Run Statistics =====================
20:39:35.202 [main] INFO  stepDefinitions.Hooks - Automation Suit Completed on QA environment
20:39:35.203 [main] INFO  utilities.MyCustomListener - Automation Suite Finished at: 2025-04-01 20:39:35
20:39:35.204 [main] INFO  utilities.MyCustomListener - Run Duration: 0h 0m 18s
20:39:35.204 [main] INFO  utilities.MyCustomListener - Run status: PASSED
